<?xml version="1.0" encoding="UTF-8"?>
<testsuites name="Run all test cases" time="6142.946" tests="50" failures="8" errors="0">
   <testsuite name="Run all test cases" tests="50" failures="8" errors="0" time="6142.946" skipped="0" timestamp="2022-01-16 21:05:14" hostname="LENOVO - host.docker.internal" id="Test Suites/Run all test cases">
      <properties>
[...]
</properties>
      <testcase name="Test Cases/test case 01" time="8.03" classname="Test Cases/test case 01" status="PASSED">
         <system-out><![CDATA[2022-01-16 21:05:14 - [TEST_CASE][PASSED] - Test Cases/test case 01: Test Cases/test case 01

2022-01-16 21:05:15 - [TEST_STEP][PASSED] - openBrowser(""): Browser is opened with url: ''

2022-01-16 21:05:15 - [MESSAGE][INFO] - Starting 'Chrome' driver

2022-01-16 21:05:15 - [MESSAGE][INFO] - Action delay is set to 0 milliseconds

2022-01-16 21:05:17 - [MESSAGE][PASSED] - Browser is opened with url: ''

2022-01-16 21:05:17 - [TEST_STEP][PASSED] - navigateToUrl("http://localhost/"): Navigate to 'http://localhost/' successfully

2022-01-16 21:05:19 - [MESSAGE][PASSED] - Navigate to 'http://localhost/' successfully

2022-01-16 21:05:19 - [TEST_STEP][PASSED] - click(findTestObject("Object Repository/Page_Moodle/a_Log in")): Object: 'Object Repository/Page_Moodle/a_Log in' is clicked on

2022-01-16 21:05:19 - [MESSAGE][PASSED] - Object: 'Object Repository/Page_Moodle/a_Log in' is clicked on

2022-01-16 21:05:19 - [TEST_STEP][PASSED] - setText(findTestObject("Object Repository/Page_Moodle Log in to the site/input_Username_username"), "admin"): Text 'admin' is set on object 'Object Repository/Page_Moodle Log in to the site/input_Username_username'

2022-01-16 21:05:20 - [MESSAGE][PASSED] - Text 'admin' is set on object 'Object Repository/Page_Moodle Log in to the site/input_Username_username'

2022-01-16 21:05:20 - [TEST_STEP][PASSED] - setEncryptedText(findTestObject("Object Repository/Page_Moodle Log in to the site/input_Password_password"), "r6H/uPCyCbQX7sAf5E1f3g=="): Text ****** has been set on object 'Object Repository/Page_Moodle Log in to the site/input_Password_password'

2022-01-16 21:05:20 - [MESSAGE][PASSED] - Text ****** has been set on object 'Object Repository/Page_Moodle Log in to the site/input_Password_password'

2022-01-16 21:05:20 - [TEST_STEP][PASSED] - click(findTestObject("Object Repository/Page_Moodle Log in to the site/button_Log in")): Object: 'Object Repository/Page_Moodle Log in to the site/button_Log in' is clicked on

2022-01-16 21:05:22 - [MESSAGE][PASSED] - Object: 'Object Repository/Page_Moodle Log in to the site/button_Log in' is clicked on

2022-01-16 21:05:22 - [TEST_STEP][PASSED] - closeBrowser(): Browser is closed

2022-01-16 21:05:22 - [MESSAGE][PASSED] - Browser is closed]]></system-out>
         <system-err><![CDATA[]]></system-err>
      </testcase>
      <testcase name="Test Cases/test case 02" time="5.289" classname="Test Cases/test case 02" status="PASSED">
         <system-out><![CDATA[2022-01-16 21:05:22 - [TEST_CASE][PASSED] - Test Cases/test case 02: Test Cases/test case 02

2022-01-16 21:05:23 - [TEST_STEP][PASSED] - openBrowser(""): Browser is opened with url: ''

2022-01-16 21:05:23 - [MESSAGE][INFO] - Starting 'Chrome' driver

2022-01-16 21:05:23 - [MESSAGE][INFO] - Action delay is set to 0 milliseconds

2022-01-16 21:05:24 - [MESSAGE][PASSED] - Browser is opened with url: ''

2022-01-16 21:05:24 - [TEST_STEP][PASSED] - navigateToUrl("http://localhost/"): Navigate to 'http://localhost/' successfully

2022-01-16 21:05:25 - [MESSAGE][PASSED] - Navigate to 'http://localhost/' successfully

2022-01-16 21:05:25 - [TEST_STEP][PASSED] - click(findTestObject("Object Repository/Page_Moodle/a_Log in")): Object: 'Object Repository/Page_Moodle/a_Log in' is clicked on

2022-01-16 21:05:25 - [MESSAGE][PASSED] - Object: 'Object Repository/Page_Moodle/a_Log in' is clicked on

2022-01-16 21:05:25 - [TEST_STEP][PASSED] - setText(findTestObject("Object Repository/Page_Moodle Log in to the site/input_Username_username"), "qmkhoi19"): Text 'qmkhoi19' is set on object 'Object Repository/Page_Moodle Log in to the site/input_Username_username'

2022-01-16 21:05:26 - [MESSAGE][PASSED] - Text 'qmkhoi19' is set on object 'Object Repository/Page_Moodle Log in to the site/input_Username_username'

2022-01-16 21:05:26 - [TEST_STEP][PASSED] - setEncryptedText(findTestObject("Object Repository/Page_Moodle Log in to the site/input_Password_password"), "eiP2h/EMT1hJlGmKEGA7sg=="): Text ****** has been set on object 'Object Repository/Page_Moodle Log in to the site/input_Password_password'

2022-01-16 21:05:26 - [MESSAGE][PASSED] - Text ****** has been set on object 'Object Repository/Page_Moodle Log in to the site/input_Password_password'

2022-01-16 21:05:26 - [TEST_STEP][PASSED] - click(findTestObject("Object Repository/Page_Moodle Log in to the site/button_Log in")): Object: 'Object Repository/Page_Moodle Log in to the site/button_Log in' is clicked on

2022-01-16 21:05:27 - [MESSAGE][PASSED] - Object: 'Object Repository/Page_Moodle Log in to the site/button_Log in' is clicked on

2022-01-16 21:05:27 - [TEST_STEP][PASSED] - closeBrowser(): Browser is closed

2022-01-16 21:05:28 - [MESSAGE][PASSED] - Browser is closed]]></system-out>
         <system-err><![CDATA[]]></system-err>
      </testcase>
      <testcase name="Test Cases/test case 03" time="5.943" classname="Test Cases/test case 03" status="PASSED">
         <system-out><![CDATA[2022-01-16 21:05:28 - [TEST_CASE][PASSED] - Test Cases/test case 03: Test Cases/test case 03

2022-01-16 21:05:28 - [TEST_STEP][PASSED] - openBrowser(""): Browser is opened with url: ''

2022-01-16 21:05:28 - [MESSAGE][INFO] - Starting 'Chrome' driver

2022-01-16 21:05:28 - [MESSAGE][INFO] - Action delay is set to 0 milliseconds

2022-01-16 21:05:29 - [MESSAGE][PASSED] - Browser is opened with url: ''

2022-01-16 21:05:29 - [TEST_STEP][PASSED] - navigateToUrl("http://localhost/"): Navigate to 'http://localhost/' successfully

2022-01-16 21:05:30 - [MESSAGE][PASSED] - Navigate to 'http://localhost/' successfully

2022-01-16 21:05:30 - [TEST_STEP][PASSED] - click(findTestObject("Object Repository/Page_Moodle/a_Log in")): Object: 'Object Repository/Page_Moodle/a_Log in' is clicked on

2022-01-16 21:05:31 - [MESSAGE][PASSED] - Object: 'Object Repository/Page_Moodle/a_Log in' is clicked on

2022-01-16 21:05:31 - [TEST_STEP][PASSED] - setText(findTestObject("Object Repository/Page_Moodle Log in to the site/input_Username_username"), "tmtriet"): Text 'tmtriet' is set on object 'Object Repository/Page_Moodle Log in to the site/input_Username_username'

2022-01-16 21:05:32 - [MESSAGE][PASSED] - Text 'tmtriet' is set on object 'Object Repository/Page_Moodle Log in to the site/input_Username_username'

2022-01-16 21:05:32 - [TEST_STEP][PASSED] - setEncryptedText(findTestObject("Object Repository/Page_Moodle Log in to the site/input_Password_password"), "7zaGmpS+cDNyF13apsNnmA=="): Text ****** has been set on object 'Object Repository/Page_Moodle Log in to the site/input_Password_password'

2022-01-16 21:05:32 - [MESSAGE][PASSED] - Text ****** has been set on object 'Object Repository/Page_Moodle Log in to the site/input_Password_password'

2022-01-16 21:05:32 - [TEST_STEP][PASSED] - click(findTestObject("Object Repository/Page_Moodle Log in to the site/button_Log in")): Object: 'Object Repository/Page_Moodle Log in to the site/button_Log in' is clicked on

2022-01-16 21:05:33 - [MESSAGE][PASSED] - Object: 'Object Repository/Page_Moodle Log in to the site/button_Log in' is clicked on

2022-01-16 21:05:33 - [TEST_STEP][PASSED] - closeBrowser(): Browser is closed

2022-01-16 21:05:34 - [MESSAGE][PASSED] - Browser is closed]]></system-out>
         <system-err><![CDATA[]]></system-err>
      </testcase>
      <testcase name="Test Cases/test case 04" time="4.846" classname="Test Cases/test case 04" status="PASSED">
         <system-out><![CDATA[2022-01-16 21:05:34 - [TEST_CASE][PASSED] - Test Cases/test case 04: Test Cases/test case 04

2022-01-16 21:05:34 - [TEST_STEP][PASSED] - openBrowser(""): Browser is opened with url: ''

2022-01-16 21:05:34 - [MESSAGE][INFO] - Starting 'Chrome' driver

2022-01-16 21:05:34 - [MESSAGE][INFO] - Action delay is set to 0 milliseconds

2022-01-16 21:05:35 - [MESSAGE][PASSED] - Browser is opened with url: ''

2022-01-16 21:05:35 - [TEST_STEP][PASSED] - navigateToUrl("http://localhost/"): Navigate to 'http://localhost/' successfully

2022-01-16 21:05:36 - [MESSAGE][PASSED] - Navigate to 'http://localhost/' successfully

2022-01-16 21:05:36 - [TEST_STEP][PASSED] - click(findTestObject("Object Repository/Page_Moodle/a_Log in")): Object: 'Object Repository/Page_Moodle/a_Log in' is clicked on

2022-01-16 21:05:37 - [MESSAGE][PASSED] - Object: 'Object Repository/Page_Moodle/a_Log in' is clicked on

2022-01-16 21:05:37 - [TEST_STEP][PASSED] - click(findTestObject("Object Repository/Page_Moodle Log in to the site/button_Log in")): Object: 'Object Repository/Page_Moodle Log in to the site/button_Log in' is clicked on

2022-01-16 21:05:38 - [MESSAGE][PASSED] - Object: 'Object Repository/Page_Moodle Log in to the site/button_Log in' is clicked on

2022-01-16 21:05:38 - [TEST_STEP][PASSED] - closeBrowser(): Browser is closed

2022-01-16 21:05:38 - [MESSAGE][PASSED] - Browser is closed]]></system-out>
         <system-err><![CDATA[]]></system-err>
      </testcase>
      <testcase name="Test Cases/test case 05" time="5.206" classname="Test Cases/test case 05" status="PASSED">
         <system-out><![CDATA[2022-01-16 21:05:38 - [TEST_CASE][PASSED] - Test Cases/test case 05: Test Cases/test case 05

2022-01-16 21:05:39 - [TEST_STEP][PASSED] - openBrowser(""): Browser is opened with url: ''

2022-01-16 21:05:39 - [MESSAGE][INFO] - Starting 'Chrome' driver

2022-01-16 21:05:39 - [MESSAGE][INFO] - Action delay is set to 0 milliseconds

2022-01-16 21:05:40 - [MESSAGE][PASSED] - Browser is opened with url: ''

2022-01-16 21:05:40 - [TEST_STEP][PASSED] - navigateToUrl("http://localhost/"): Navigate to 'http://localhost/' successfully

2022-01-16 21:05:41 - [MESSAGE][PASSED] - Navigate to 'http://localhost/' successfully

2022-01-16 21:05:41 - [TEST_STEP][PASSED] - click(findTestObject("Object Repository/Page_Moodle/a_Log in")): Object: 'Object Repository/Page_Moodle/a_Log in' is clicked on

2022-01-16 21:05:42 - [MESSAGE][PASSED] - Object: 'Object Repository/Page_Moodle/a_Log in' is clicked on

2022-01-16 21:05:42 - [TEST_STEP][PASSED] - click(findTestObject("Object Repository/Page_Moodle Log in to the site/button_Log in as a guest")): Object: 'Object Repository/Page_Moodle Log in to the site/button_Log in as a guest' is clicked on

2022-01-16 21:05:43 - [MESSAGE][PASSED] - Object: 'Object Repository/Page_Moodle Log in to the site/button_Log in as a guest' is clicked on

2022-01-16 21:05:43 - [TEST_STEP][PASSED] - closeBrowser(): Browser is closed

2022-01-16 21:05:44 - [MESSAGE][PASSED] - Browser is closed]]></system-out>
         <system-err><![CDATA[]]></system-err>
      </testcase>
      <testcase name="Test Cases/test case 06" time="359.939" classname="Test Cases/test case 06" status="PASSED">
         <system-out><![CDATA[2022-01-16 21:05:44 - [TEST_CASE][PASSED] - Test Cases/test case 06: Test Cases/test case 06

2022-01-16 21:05:44 - [TEST_STEP][PASSED] - openBrowser(""): Browser is opened with url: ''

2022-01-16 21:05:44 - [MESSAGE][INFO] - Starting 'Chrome' driver

2022-01-16 21:05:44 - [MESSAGE][INFO] - Action delay is set to 0 milliseconds

2022-01-16 21:05:45 - [MESSAGE][PASSED] - Browser is opened with url: ''

2022-01-16 21:05:45 - [TEST_STEP][PASSED] - navigateToUrl("http://localhost/"): Navigate to 'http://localhost/' successfully

2022-01-16 21:05:46 - [MESSAGE][PASSED] - Navigate to 'http://localhost/' successfully

2022-01-16 21:05:46 - [TEST_STEP][PASSED] - click(findTestObject("Object Repository/Page_Moodle/a_Log in")): Object: 'Object Repository/Page_Moodle/a_Log in' is clicked on

2022-01-16 21:05:47 - [MESSAGE][PASSED] - Object: 'Object Repository/Page_Moodle/a_Log in' is clicked on

2022-01-16 21:05:47 - [TEST_STEP][PASSED] - setText(findTestObject("Object Repository/Page_Moodle Log in to the site/input_Username_username"), "admin"): Text 'admin' is set on object 'Object Repository/Page_Moodle Log in to the site/input_Username_username'

2022-01-16 21:05:48 - [MESSAGE][PASSED] - Text 'admin' is set on object 'Object Repository/Page_Moodle Log in to the site/input_Username_username'

2022-01-16 21:05:48 - [TEST_STEP][PASSED] - setEncryptedText(findTestObject("Object Repository/Page_Moodle Log in to the site/input_Password_password"), "r6H/uPCyCbQX7sAf5E1f3g=="): Text ****** has been set on object 'Object Repository/Page_Moodle Log in to the site/input_Password_password'

2022-01-16 21:05:48 - [MESSAGE][PASSED] - Text ****** has been set on object 'Object Repository/Page_Moodle Log in to the site/input_Password_password'

2022-01-16 21:05:48 - [TEST_STEP][PASSED] - click(findTestObject("Object Repository/Page_Moodle Log in to the site/button_Log in")): Object: 'Object Repository/Page_Moodle Log in to the site/button_Log in' is clicked on

2022-01-16 21:05:49 - [MESSAGE][PASSED] - Object: 'Object Repository/Page_Moodle Log in to the site/button_Log in' is clicked on

2022-01-16 21:05:49 - [TEST_STEP][PASSED] - click(findTestObject("Object Repository/Page_Dashboard/span_Site administration")): Object: 'Object Repository/Page_Dashboard/span_Site administration' is clicked on

2022-01-16 21:05:51 - [MESSAGE][PASSED] - Object: 'Object Repository/Page_Dashboard/span_Site administration' is clicked on

2022-01-16 21:05:51 - [TEST_STEP][PASSED] - click(findTestObject("Object Repository/Page_Mood Administration Search/a_Users")): Object: 'Object Repository/Page_Mood Administration Search/a_Users' is clicked on

2022-01-16 21:05:52 - [MESSAGE][PASSED] - Object: 'Object Repository/Page_Mood Administration Search/a_Users' is clicked on

2022-01-16 21:05:52 - [TEST_STEP][PASSED] - click(findTestObject("Object Repository/Page_Mood Administration Search/a_Add a new user")): Object: 'Object Repository/Page_Mood Administration Search/a_Add a new user' is clicked on

2022-01-16 21:05:57 - [MESSAGE][PASSED] - Object: 'Object Repository/Page_Mood Administration Search/a_Add a new user' is clicked on

2022-01-16 21:05:57 - [TEST_STEP][PASSED] - waitForElementVisible(findTestObject("Object Repository/Page_Mood Administration Users Accounts Add_0e8dec/label_Username"), 0): Object 'Object Repository/Page_Mood Administration Users Accounts Add_0e8dec/label_Username' is visible

2022-01-16 21:05:57 - [MESSAGE][WARNING] - Timeout '0' is invalid. Using default page load timeout: '30'

2022-01-16 21:05:58 - [MESSAGE][PASSED] - Object 'Object Repository/Page_Mood Administration Users Accounts Add_0e8dec/label_Username' is visible

2022-01-16 21:05:58 - [TEST_STEP][PASSED] - setText(findTestObject("Object Repository/Page_Mood Administration Users Accounts Add_0e8dec/input_Username_username"), "dddinh"): Text 'dddinh' is set on object 'Object Repository/Page_Mood Administration Users Accounts Add_0e8dec/input_Username_username'

2022-01-16 21:05:59 - [MESSAGE][PASSED] - Text 'dddinh' is set on object 'Object Repository/Page_Mood Administration Users Accounts Add_0e8dec/input_Username_username'

2022-01-16 21:05:59 - [TEST_STEP][PASSED] - waitForElementVisible(findTestObject("Object Repository/Page_Mood Administration Users Accounts Add_0e8dec/label_New password"), 0): Object 'Object Repository/Page_Mood Administration Users Accounts Add_0e8dec/label_New password' is visible

2022-01-16 21:05:59 - [MESSAGE][WARNING] - Timeout '0' is invalid. Using default page load timeout: '30'

2022-01-16 21:05:59 - [MESSAGE][PASSED] - Object 'Object Repository/Page_Mood Administration Users Accounts Add_0e8dec/label_New password' is visible

2022-01-16 21:05:59 - [TEST_STEP][PASSED] - click(findTestObject("Object Repository/Page_Mood Administration Users Accounts Add_0e8dec/em_Click to enter text")): Object: 'Object Repository/Page_Mood Administration Users Accounts Add_0e8dec/em_Click to enter text' is clicked on

2022-01-16 21:06:30 - [MESSAGE][INFO] - Unable to find the element located by 'By.xpath: //a[@id='yui_3_17_2_1_1642242441890_767']/span/span/em'. Please recheck the objects properties to make sure the desired element is located. 

2022-01-16 21:06:30 - [MESSAGE][WARNING] - [SELF-HEALING] Failed to find element with id 'Object Repository/Page_Mood Administration Users Accounts Add_0e8dec/em_Click to enter text'. Try using Self-healing.

2022-01-16 21:06:30 - [MESSAGE][WARNING] - [SELF-HEALING] The current locator of test object 'Object Repository/Page_Mood Administration Users Accounts Add_0e8dec/em_Click to enter text' was broken. Propose an alternative one: '(.//*[normalize-space(text()) and normalize-space(.)='New password'])[1]/following::em[1]'.

2022-01-16 21:06:31 - [MESSAGE][PASSED] - Object: 'Object Repository/Page_Mood Administration Users Accounts Add_0e8dec/em_Click to enter text' is clicked on

2022-01-16 21:06:31 - [TEST_STEP][PASSED] - setEncryptedText(findTestObject("Object Repository/Page_Mood Administration Users Accounts Add_0e8dec/input_New password_newpassword"), "o9w1gihRZMDFxbRmKPFkOQ=="): Text ****** has been set on object 'Object Repository/Page_Mood Administration Users Accounts Add_0e8dec/input_New password_newpassword'

2022-01-16 21:06:31 - [MESSAGE][PASSED] - Text ****** has been set on object 'Object Repository/Page_Mood Administration Users Accounts Add_0e8dec/input_New password_newpassword'

2022-01-16 21:06:31 - [TEST_STEP][PASSED] - setText(findTestObject("Object Repository/Page_Mood Administration Users Accounts Add_0e8dec/input_First name_firstname"), "Dinh Dang"): Text 'Dinh Dang' is set on object 'Object Repository/Page_Mood Administration Users Accounts Add_0e8dec/input_First name_firstname'

2022-01-16 21:06:32 - [MESSAGE][PASSED] - Text 'Dinh Dang' is set on object 'Object Repository/Page_Mood Administration Users Accounts Add_0e8dec/input_First name_firstname'

2022-01-16 21:06:32 - [TEST_STEP][PASSED] - setText(findTestObject("Object Repository/Page_Mood Administration Users Accounts Add_0e8dec/input_Surname_lastname"), "Dinh"): Text 'Dinh' is set on object 'Object Repository/Page_Mood Administration Users Accounts Add_0e8dec/input_Surname_lastname'

2022-01-16 21:06:33 - [MESSAGE][PASSED] - Text 'Dinh' is set on object 'Object Repository/Page_Mood Administration Users Accounts Add_0e8dec/input_Surname_lastname'

2022-01-16 21:06:33 - [TEST_STEP][PASSED] - setText(findTestObject("Object Repository/Page_Mood Administration Users Accounts Add_0e8dec/input_Email address_email"), "dddinh19@gmail.com"): Text 'dddinh19@gmail.com' is set on object 'Object Repository/Page_Mood Administration Users Accounts Add_0e8dec/input_Email address_email'

2022-01-16 21:06:34 - [MESSAGE][PASSED] - Text 'dddinh19@gmail.com' is set on object 'Object Repository/Page_Mood Administration Users Accounts Add_0e8dec/input_Email address_email'

2022-01-16 21:06:34 - [TEST_STEP][PASSED] - waitForElementVisible(findTestObject("Object Repository/Page_Mood Administration Users Accounts Add_0e8dec/input_Address_submitbutton"), 0): Object 'Object Repository/Page_Mood Administration Users Accounts Add_0e8dec/input_Address_submitbutton' is visible

2022-01-16 21:06:34 - [MESSAGE][WARNING] - Timeout '0' is invalid. Using default page load timeout: '30'

2022-01-16 21:06:34 - [MESSAGE][PASSED] - Object 'Object Repository/Page_Mood Administration Users Accounts Add_0e8dec/input_Address_submitbutton' is visible

2022-01-16 21:06:34 - [TEST_STEP][PASSED] - click(findTestObject("Object Repository/Page_Mood Administration Users Accounts Add_0e8dec/input_Address_submitbutton")): Object: 'Object Repository/Page_Mood Administration Users Accounts Add_0e8dec/input_Address_submitbutton' is clicked on

2022-01-16 21:06:36 - [MESSAGE][PASSED] - Object: 'Object Repository/Page_Mood Administration Users Accounts Add_0e8dec/input_Address_submitbutton' is clicked on

2022-01-16 21:06:36 - [TEST_STEP][PASSED] - waitForElementVisible(findTestObject("Object Repository/Page_Mood Administration Users Accounts Bro_af2de9/td_dddinh19gmail.com"), 0): Object 'Object Repository/Page_Mood Administration Users Accounts Bro_af2de9/td_dddinh19gmail.com' is visible

2022-01-16 21:06:36 - [MESSAGE][WARNING] - Timeout '0' is invalid. Using default page load timeout: '30'

2022-01-16 21:06:36 - [MESSAGE][PASSED] - Object 'Object Repository/Page_Mood Administration Users Accounts Bro_af2de9/td_dddinh19gmail.com' is visible

2022-01-16 21:06:36 - [TEST_STEP][PASSED] - click(findTestObject("Object Repository/Page_Mood Administration Users Accounts Bro_af2de9/a_Dinh Dang Dinh")): Object: 'Object Repository/Page_Mood Administration Users Accounts Bro_af2de9/a_Dinh Dang Dinh' is clicked on

2022-01-16 21:07:07 - [MESSAGE][INFO] - Unable to find the element located by 'By.xpath: //a[@id='yui_3_17_2_1_1642174179288_555']'. Please recheck the objects properties to make sure the desired element is located. 

2022-01-16 21:07:07 - [MESSAGE][WARNING] - [SELF-HEALING] Failed to find element with id 'Object Repository/Page_Mood Administration Users Accounts Bro_af2de9/a_Dinh Dang Dinh'. Try using Self-healing.

2022-01-16 21:07:08 - [MESSAGE][WARNING] - [SELF-HEALING] The current locator of test object 'Object Repository/Page_Mood Administration Users Accounts Bro_af2de9/a_Dinh Dang Dinh' was broken. Propose an alternative one: '//a[contains(text(),'Dinh Dang Dinh')]'.

2022-01-16 21:07:08 - [MESSAGE][PASSED] - Object: 'Object Repository/Page_Mood Administration Users Accounts Bro_af2de9/a_Dinh Dang Dinh' is clicked on

2022-01-16 21:07:08 - [TEST_STEP][PASSED] - click(findTestObject("Object Repository/Page_Dinh Dang Dinh Public profile/a_Users")): Object: 'Object Repository/Page_Dinh Dang Dinh Public profile/a_Users' is clicked on

2022-01-16 21:07:09 - [MESSAGE][PASSED] - Object: 'Object Repository/Page_Dinh Dang Dinh Public profile/a_Users' is clicked on

2022-01-16 21:07:09 - [TEST_STEP][PASSED] - waitForElementVisible(findTestObject("Object Repository/Page_Mood Participants/td_No groups"), 0): Object 'Object Repository/Page_Mood Participants/td_No groups' is visible

2022-01-16 21:07:09 - [MESSAGE][WARNING] - Timeout '0' is invalid. Using default page load timeout: '30'

2022-01-16 21:07:10 - [MESSAGE][PASSED] - Object 'Object Repository/Page_Mood Participants/td_No groups' is visible

2022-01-16 21:07:10 - [TEST_STEP][PASSED] - click(findTestObject("Object Repository/Page_Mood Participants/a_No roles")): Object: 'Object Repository/Page_Mood Participants/a_No roles' is clicked on

2022-01-16 21:07:10 - [MESSAGE][PASSED] - Object: 'Object Repository/Page_Mood Participants/a_No roles' is clicked on

2022-01-16 21:07:10 - [TEST_STEP][PASSED] - click(findTestObject("Object Repository/Page_Mood Participants/span_")): Object: 'Object Repository/Page_Mood Participants/span_' is clicked on

2022-01-16 21:07:41 - [MESSAGE][INFO] - Unable to find the element located by 'By.xpath: //span[@id='form_autocomplete_downarrow-1642174222631']'. Please recheck the objects properties to make sure the desired element is located. 

2022-01-16 21:07:41 - [MESSAGE][WARNING] - [SELF-HEALING] Failed to find element with id 'Object Repository/Page_Mood Participants/span_'. Try using Self-healing.

2022-01-16 21:07:42 - [MESSAGE][WARNING] - [SELF-HEALING] The current locator of test object 'Object Repository/Page_Mood Participants/span_' was broken. Propose an alternative one: '(.//*[normalize-space(text()) and normalize-space(.)='Selected items:'])[1]/following::span[2]'.

2022-01-16 21:07:42 - [MESSAGE][PASSED] - Object: 'Object Repository/Page_Mood Participants/span_' is clicked on

2022-01-16 21:07:42 - [TEST_STEP][PASSED] - click(findTestObject("Object Repository/Page_Mood Participants/li_Student")): Object: 'Object Repository/Page_Mood Participants/li_Student' is clicked on

2022-01-16 21:07:42 - [MESSAGE][PASSED] - Object: 'Object Repository/Page_Mood Participants/li_Student' is clicked on

2022-01-16 21:07:42 - [TEST_STEP][PASSED] - selectOptionByValue(findTestObject("Object Repository/Page_Mood Participants/select_ManagerTeacherNon-editing teacherStudent"), "5", true): All options with value '5' are selected in object 'Object Repository/Page_Mood Participants/select_ManagerTeacherNon-editing teacherStudent'  using regular expression

2022-01-16 21:08:13 - [MESSAGE][INFO] - Unable to find the element located by 'By.xpath: //select[@id='id_inplacevalue_74133699509967380152']'. Please recheck the objects properties to make sure the desired element is located. 

2022-01-16 21:08:13 - [MESSAGE][WARNING] - [SELF-HEALING] Failed to find element with id 'Object Repository/Page_Mood Participants/select_ManagerTeacherNon-editing teacherStudent'. Try using Self-healing.

2022-01-16 21:08:14 - [MESSAGE][WARNING] - [SELF-HEALING] The current locator of test object 'Object Repository/Page_Mood Participants/select_ManagerTeacherNon-editing teacherStudent' was broken. Propose an alternative one: '(.//*[normalize-space(text()) and normalize-space(.)=concat('Dinh Dang Dinh', "'", 's role assignments')])[1]/following::select[1]'.

2022-01-16 21:08:14 - [MESSAGE][PASSED] - All options with value '5' are selected in object 'Object Repository/Page_Mood Participants/select_ManagerTeacherNon-editing teacherStudent'  using regular expression

2022-01-16 21:08:14 - [TEST_STEP][PASSED] - selectOptionByValue(findTestObject("Object Repository/Page_Mood Participants/select_ManagerTeacherNon-editing teacherStudent"), "5", true): All options with value '5' are selected in object 'Object Repository/Page_Mood Participants/select_ManagerTeacherNon-editing teacherStudent'  using regular expression

2022-01-16 21:08:45 - [MESSAGE][INFO] - Unable to find the element located by 'By.xpath: //select[@id='id_inplacevalue_74133699509967380152']'. Please recheck the objects properties to make sure the desired element is located. 

2022-01-16 21:08:45 - [MESSAGE][WARNING] - [SELF-HEALING] Failed to find element with id 'Object Repository/Page_Mood Participants/select_ManagerTeacherNon-editing teacherStudent'. Try using Self-healing.

2022-01-16 21:08:46 - [MESSAGE][WARNING] - [SELF-HEALING] The current locator of test object 'Object Repository/Page_Mood Participants/select_ManagerTeacherNon-editing teacherStudent' was broken. Propose an alternative one: '(.//*[normalize-space(text()) and normalize-space(.)=concat('Dinh Dang Dinh', "'", 's role assignments')])[1]/following::select[1]'.

2022-01-16 21:08:46 - [MESSAGE][PASSED] - All options with value '5' are selected in object 'Object Repository/Page_Mood Participants/select_ManagerTeacherNon-editing teacherStudent'  using regular expression

2022-01-16 21:08:46 - [TEST_STEP][PASSED] - selectOptionByValue(findTestObject("Object Repository/Page_Mood Participants/select_ManagerTeacherNon-editing teacherStudent"), "5", true): All options with value '5' are selected in object 'Object Repository/Page_Mood Participants/select_ManagerTeacherNon-editing teacherStudent'  using regular expression

2022-01-16 21:09:17 - [MESSAGE][INFO] - Unable to find the element located by 'By.xpath: //select[@id='id_inplacevalue_74133699509967380152']'. Please recheck the objects properties to make sure the desired element is located. 

2022-01-16 21:09:17 - [MESSAGE][WARNING] - [SELF-HEALING] Failed to find element with id 'Object Repository/Page_Mood Participants/select_ManagerTeacherNon-editing teacherStudent'. Try using Self-healing.

2022-01-16 21:09:18 - [MESSAGE][WARNING] - [SELF-HEALING] The current locator of test object 'Object Repository/Page_Mood Participants/select_ManagerTeacherNon-editing teacherStudent' was broken. Propose an alternative one: '(.//*[normalize-space(text()) and normalize-space(.)=concat('Dinh Dang Dinh', "'", 's role assignments')])[1]/following::select[1]'.

2022-01-16 21:09:18 - [MESSAGE][PASSED] - All options with value '5' are selected in object 'Object Repository/Page_Mood Participants/select_ManagerTeacherNon-editing teacherStudent'  using regular expression

2022-01-16 21:09:18 - [TEST_STEP][PASSED] - selectOptionByValue(findTestObject("Object Repository/Page_Mood Participants/select_ManagerTeacherNon-editing teacherStudent"), "5", true): All options with value '5' are selected in object 'Object Repository/Page_Mood Participants/select_ManagerTeacherNon-editing teacherStudent'  using regular expression

2022-01-16 21:09:49 - [MESSAGE][INFO] - Unable to find the element located by 'By.xpath: //select[@id='id_inplacevalue_74133699509967380152']'. Please recheck the objects properties to make sure the desired element is located. 

2022-01-16 21:09:49 - [MESSAGE][WARNING] - [SELF-HEALING] Failed to find element with id 'Object Repository/Page_Mood Participants/select_ManagerTeacherNon-editing teacherStudent'. Try using Self-healing.

2022-01-16 21:09:49 - [MESSAGE][WARNING] - [SELF-HEALING] The current locator of test object 'Object Repository/Page_Mood Participants/select_ManagerTeacherNon-editing teacherStudent' was broken. Propose an alternative one: '(.//*[normalize-space(text()) and normalize-space(.)=concat('Dinh Dang Dinh', "'", 's role assignments')])[1]/following::select[1]'.

2022-01-16 21:09:50 - [MESSAGE][PASSED] - All options with value '5' are selected in object 'Object Repository/Page_Mood Participants/select_ManagerTeacherNon-editing teacherStudent'  using regular expression

2022-01-16 21:09:50 - [TEST_STEP][PASSED] - click(findTestObject("Object Repository/Page_Mood Participants/i_concat(Dinh Dang Dinh, , s role assignmen_ff9324")): Object: 'Object Repository/Page_Mood Participants/i_concat(Dinh Dang Dinh, , s role assignmen_ff9324' is clicked on

2022-01-16 21:10:21 - [MESSAGE][INFO] - Unable to find the element located by 'By.xpath: //span[@id='yui_3_17_2_1_1642174222490_21']/a/i'. Please recheck the objects properties to make sure the desired element is located. 

2022-01-16 21:10:21 - [MESSAGE][WARNING] - [SELF-HEALING] Failed to find element with id 'Object Repository/Page_Mood Participants/i_concat(Dinh Dang Dinh, , s role assignmen_ff9324'. Try using Self-healing.

2022-01-16 21:10:21 - [MESSAGE][WARNING] - [SELF-HEALING] The current locator of test object 'Object Repository/Page_Mood Participants/i_concat(Dinh Dang Dinh, , s role assignmen_ff9324' was broken. Propose an alternative one: '//span/a/i'.

2022-01-16 21:10:22 - [MESSAGE][PASSED] - Object: 'Object Repository/Page_Mood Participants/i_concat(Dinh Dang Dinh, , s role assignmen_ff9324' is clicked on

2022-01-16 21:10:22 - [TEST_STEP][PASSED] - click(findTestObject("Object Repository/Page_Mood Participants/a_Admin User")): Object: 'Object Repository/Page_Mood Participants/a_Admin User' is clicked on

2022-01-16 21:10:22 - [MESSAGE][PASSED] - Object: 'Object Repository/Page_Mood Participants/a_Admin User' is clicked on

2022-01-16 21:10:22 - [TEST_STEP][PASSED] - click(findTestObject("Object Repository/Page_Mood Participants/span_Log out")): Object: 'Object Repository/Page_Mood Participants/span_Log out' is clicked on

2022-01-16 21:10:23 - [MESSAGE][PASSED] - Object: 'Object Repository/Page_Mood Participants/span_Log out' is clicked on

2022-01-16 21:10:23 - [TEST_STEP][PASSED] - click(findTestObject("Object Repository/Page_Moodle/a_Log in")): Object: 'Object Repository/Page_Moodle/a_Log in' is clicked on

2022-01-16 21:10:24 - [MESSAGE][PASSED] - Object: 'Object Repository/Page_Moodle/a_Log in' is clicked on

2022-01-16 21:10:24 - [TEST_STEP][PASSED] - setText(findTestObject("Object Repository/Page_Moodle Log in to the site/input_Username_username"), "dddinh"): Text 'dddinh' is set on object 'Object Repository/Page_Moodle Log in to the site/input_Username_username'

2022-01-16 21:10:25 - [MESSAGE][PASSED] - Text 'dddinh' is set on object 'Object Repository/Page_Moodle Log in to the site/input_Username_username'

2022-01-16 21:10:25 - [TEST_STEP][PASSED] - setEncryptedText(findTestObject("Object Repository/Page_Moodle Log in to the site/input_Password_password"), "o9w1gihRZMDFxbRmKPFkOQ=="): Text ****** has been set on object 'Object Repository/Page_Moodle Log in to the site/input_Password_password'

2022-01-16 21:10:25 - [MESSAGE][PASSED] - Text ****** has been set on object 'Object Repository/Page_Moodle Log in to the site/input_Password_password'

2022-01-16 21:10:25 - [TEST_STEP][PASSED] - click(findTestObject("Object Repository/Page_Moodle Log in to the site/button_Log in")): Object: 'Object Repository/Page_Moodle Log in to the site/button_Log in' is clicked on

2022-01-16 21:10:26 - [MESSAGE][PASSED] - Object: 'Object Repository/Page_Moodle Log in to the site/button_Log in' is clicked on

2022-01-16 21:10:26 - [TEST_STEP][PASSED] - click(findTestObject("Object Repository/Page_Dashboard/a_Dinh Dang Dinh")): Object: 'Object Repository/Page_Dashboard/a_Dinh Dang Dinh' is clicked on

2022-01-16 21:10:27 - [MESSAGE][PASSED] - Object: 'Object Repository/Page_Dashboard/a_Dinh Dang Dinh' is clicked on

2022-01-16 21:10:27 - [TEST_STEP][PASSED] - click(findTestObject("Object Repository/Page_Dashboard/span_Log out")): Object: 'Object Repository/Page_Dashboard/span_Log out' is clicked on

2022-01-16 21:10:28 - [MESSAGE][PASSED] - Object: 'Object Repository/Page_Dashboard/span_Log out' is clicked on

2022-01-16 21:10:28 - [TEST_STEP][PASSED] - click(findTestObject("Object Repository/Page_Moodle/a_Log in")): Object: 'Object Repository/Page_Moodle/a_Log in' is clicked on

2022-01-16 21:10:29 - [MESSAGE][PASSED] - Object: 'Object Repository/Page_Moodle/a_Log in' is clicked on

2022-01-16 21:10:29 - [TEST_STEP][PASSED] - setText(findTestObject("Object Repository/Page_Moodle Log in to the site/input_Username_username"), "admin"): Text 'admin' is set on object 'Object Repository/Page_Moodle Log in to the site/input_Username_username'

2022-01-16 21:10:30 - [MESSAGE][PASSED] - Text 'admin' is set on object 'Object Repository/Page_Moodle Log in to the site/input_Username_username'

2022-01-16 21:10:30 - [TEST_STEP][PASSED] - setEncryptedText(findTestObject("Object Repository/Page_Moodle Log in to the site/input_Password_password"), "r6H/uPCyCbQX7sAf5E1f3g=="): Text ****** has been set on object 'Object Repository/Page_Moodle Log in to the site/input_Password_password'

2022-01-16 21:10:30 - [MESSAGE][PASSED] - Text ****** has been set on object 'Object Repository/Page_Moodle Log in to the site/input_Password_password'

2022-01-16 21:10:30 - [TEST_STEP][PASSED] - click(findTestObject("Object Repository/Page_Moodle Log in to the site/button_Log in")): Object: 'Object Repository/Page_Moodle Log in to the site/button_Log in' is clicked on

2022-01-16 21:10:31 - [MESSAGE][PASSED] - Object: 'Object Repository/Page_Moodle Log in to the site/button_Log in' is clicked on

2022-01-16 21:10:31 - [TEST_STEP][PASSED] - click(findTestObject("Object Repository/Page_Dashboard/span_Site administration")): Object: 'Object Repository/Page_Dashboard/span_Site administration' is clicked on

2022-01-16 21:10:33 - [MESSAGE][PASSED] - Object: 'Object Repository/Page_Dashboard/span_Site administration' is clicked on

2022-01-16 21:10:33 - [TEST_STEP][PASSED] - click(findTestObject("Object Repository/Page_Mood Administration Search/a_Users")): Object: 'Object Repository/Page_Mood Administration Search/a_Users' is clicked on

2022-01-16 21:10:34 - [MESSAGE][PASSED] - Object: 'Object Repository/Page_Mood Administration Search/a_Users' is clicked on

2022-01-16 21:10:34 - [TEST_STEP][PASSED] - click(findTestObject("Object Repository/Page_Mood Administration Search/a_Browse list of users")): Object: 'Object Repository/Page_Mood Administration Search/a_Browse list of users' is clicked on

2022-01-16 21:10:35 - [MESSAGE][PASSED] - Object: 'Object Repository/Page_Mood Administration Search/a_Browse list of users' is clicked on

2022-01-16 21:10:35 - [TEST_STEP][PASSED] - waitForElementVisible(findTestObject("Object Repository/Page_Mood Administration Users Accounts Bro_af2de9/td_dddinh19gmail.com"), 0): Object 'Object Repository/Page_Mood Administration Users Accounts Bro_af2de9/td_dddinh19gmail.com' is visible

2022-01-16 21:10:35 - [MESSAGE][WARNING] - Timeout '0' is invalid. Using default page load timeout: '30'

2022-01-16 21:10:36 - [MESSAGE][PASSED] - Object 'Object Repository/Page_Mood Administration Users Accounts Bro_af2de9/td_dddinh19gmail.com' is visible

2022-01-16 21:10:36 - [TEST_STEP][PASSED] - click(findTestObject("Object Repository/Page_Mood Administration Users Accounts Bro_af2de9/i_dddinh19gmail.com_icon fa fa-trash fa-fw")): Object: 'Object Repository/Page_Mood Administration Users Accounts Bro_af2de9/i_dddinh19gmail.com_icon fa fa-trash fa-fw' is clicked on

2022-01-16 21:11:07 - [MESSAGE][INFO] - Unable to find the element located by 'By.xpath: //a[@id='yui_3_17_2_1_1642174322054_556']/i'. Please recheck the objects properties to make sure the desired element is located. 

2022-01-16 21:11:07 - [MESSAGE][WARNING] - [SELF-HEALING] Failed to find element with id 'Object Repository/Page_Mood Administration Users Accounts Bro_af2de9/i_dddinh19gmail.com_icon fa fa-trash fa-fw'. Try using Self-healing.

2022-01-16 21:11:07 - [MESSAGE][WARNING] - [SELF-HEALING] The current locator of test object 'Object Repository/Page_Mood Administration Users Accounts Bro_af2de9/i_dddinh19gmail.com_icon fa fa-trash fa-fw' was broken. Propose an alternative one: '//tr[2]/td[6]/a/i'.

2022-01-16 21:11:07 - [MESSAGE][PASSED] - Object: 'Object Repository/Page_Mood Administration Users Accounts Bro_af2de9/i_dddinh19gmail.com_icon fa fa-trash fa-fw' is clicked on

2022-01-16 21:11:07 - [TEST_STEP][PASSED] - click(findTestObject("Object Repository/Page_Mood Administration Users Accounts Bro_af2de9/button_Delete")): Object: 'Object Repository/Page_Mood Administration Users Accounts Bro_af2de9/button_Delete' is clicked on

2022-01-16 21:11:40 - [MESSAGE][INFO] - Unable to find the element located by 'By.xpath: //button[@id='single_button61e1977d503fb15']'. Please recheck the objects properties to make sure the desired element is located. 

2022-01-16 21:11:40 - [MESSAGE][WARNING] - [SELF-HEALING] Failed to find element with id 'Object Repository/Page_Mood Administration Users Accounts Bro_af2de9/button_Delete'. Try using Self-healing.

2022-01-16 21:11:42 - [MESSAGE][WARNING] - [SELF-HEALING] The current locator of test object 'Object Repository/Page_Mood Administration Users Accounts Bro_af2de9/button_Delete' was broken. Propose an alternative one: '//div[@id='modal-footer']/div/div/form/button'.

2022-01-16 21:11:43 - [MESSAGE][PASSED] - Object: 'Object Repository/Page_Mood Administration Users Accounts Bro_af2de9/button_Delete' is clicked on

2022-01-16 21:11:43 - [TEST_STEP][PASSED] - closeBrowser(): Browser is closed

2022-01-16 21:11:44 - [MESSAGE][PASSED] - Browser is closed]]></system-out>
         <system-err><![CDATA[]]></system-err>
      </testcase>
      <testcase name="Test Cases/test case 07" time="82.042" classname="Test Cases/test case 07" status="PASSED">
         <system-out><![CDATA[2022-01-16 21:11:44 - [TEST_CASE][PASSED] - Test Cases/test case 07: Test Cases/test case 07

2022-01-16 21:11:44 - [TEST_STEP][PASSED] - openBrowser(""): Browser is opened with url: ''

2022-01-16 21:11:44 - [MESSAGE][INFO] - Starting 'Chrome' driver

2022-01-16 21:11:44 - [MESSAGE][INFO] - Action delay is set to 0 milliseconds

2022-01-16 21:11:45 - [MESSAGE][PASSED] - Browser is opened with url: ''

2022-01-16 21:11:45 - [TEST_STEP][PASSED] - navigateToUrl("http://localhost/"): Navigate to 'http://localhost/' successfully

2022-01-16 21:11:46 - [MESSAGE][PASSED] - Navigate to 'http://localhost/' successfully

2022-01-16 21:11:46 - [TEST_STEP][PASSED] - click(findTestObject("Object Repository/Page_Moodle/a_Log in")): Object: 'Object Repository/Page_Moodle/a_Log in' is clicked on

2022-01-16 21:11:47 - [MESSAGE][PASSED] - Object: 'Object Repository/Page_Moodle/a_Log in' is clicked on

2022-01-16 21:11:47 - [TEST_STEP][PASSED] - setText(findTestObject("Object Repository/Page_Moodle Log in to the site/input_Username_username"), "admin"): Text 'admin' is set on object 'Object Repository/Page_Moodle Log in to the site/input_Username_username'

2022-01-16 21:11:48 - [MESSAGE][PASSED] - Text 'admin' is set on object 'Object Repository/Page_Moodle Log in to the site/input_Username_username'

2022-01-16 21:11:48 - [TEST_STEP][PASSED] - setEncryptedText(findTestObject("Object Repository/Page_Moodle Log in to the site/input_Password_password"), "r6H/uPCyCbQX7sAf5E1f3g=="): Text ****** has been set on object 'Object Repository/Page_Moodle Log in to the site/input_Password_password'

2022-01-16 21:11:48 - [MESSAGE][PASSED] - Text ****** has been set on object 'Object Repository/Page_Moodle Log in to the site/input_Password_password'

2022-01-16 21:11:48 - [TEST_STEP][PASSED] - click(findTestObject("Object Repository/Page_Moodle Log in to the site/button_Log in")): Object: 'Object Repository/Page_Moodle Log in to the site/button_Log in' is clicked on

2022-01-16 21:11:49 - [MESSAGE][PASSED] - Object: 'Object Repository/Page_Moodle Log in to the site/button_Log in' is clicked on

2022-01-16 21:11:49 - [TEST_STEP][PASSED] - verifyElementText(findTestObject("Object Repository/Page_Dashboard/span_Site administration"), "Site administration"): Actual text and expected text of test object 'Object Repository/Page_Dashboard/span_Site administration' are matched.

2022-01-16 21:11:50 - [MESSAGE][PASSED] - Actual text and expected text of test object 'Object Repository/Page_Dashboard/span_Site administration' are matched.

2022-01-16 21:11:50 - [TEST_STEP][PASSED] - click(findTestObject("Object Repository/Page_Dashboard/span_Site administration")): Object: 'Object Repository/Page_Dashboard/span_Site administration' is clicked on

2022-01-16 21:11:51 - [MESSAGE][PASSED] - Object: 'Object Repository/Page_Dashboard/span_Site administration' is clicked on

2022-01-16 21:11:51 - [TEST_STEP][PASSED] - rightClick(findTestObject("Object Repository/Page_Mood Administration Search/a_Users")): Object: 'Object Repository/Page_Mood Administration Search/a_Users' is right clicked on

2022-01-16 21:11:52 - [MESSAGE][PASSED] - Object: 'Object Repository/Page_Mood Administration Search/a_Users' is right clicked on

2022-01-16 21:11:52 - [TEST_STEP][PASSED] - click(findTestObject("Object Repository/Page_Mood Administration Search/a_Users")): Object: 'Object Repository/Page_Mood Administration Search/a_Users' is clicked on

2022-01-16 21:11:52 - [MESSAGE][PASSED] - Object: 'Object Repository/Page_Mood Administration Search/a_Users' is clicked on

2022-01-16 21:11:52 - [TEST_STEP][PASSED] - click(findTestObject("Object Repository/Page_Mood Administration Search/a_Add a new user")): Object: 'Object Repository/Page_Mood Administration Search/a_Add a new user' is clicked on

2022-01-16 21:11:54 - [MESSAGE][PASSED] - Object: 'Object Repository/Page_Mood Administration Search/a_Add a new user' is clicked on

2022-01-16 21:11:54 - [TEST_STEP][PASSED] - waitForElementVisible(findTestObject("Object Repository/Page_Mood Administration Users Accounts Add_0e8dec/label_Username"), 0): Object 'Object Repository/Page_Mood Administration Users Accounts Add_0e8dec/label_Username' is visible

2022-01-16 21:11:54 - [MESSAGE][WARNING] - Timeout '0' is invalid. Using default page load timeout: '30'

2022-01-16 21:11:55 - [MESSAGE][PASSED] - Object 'Object Repository/Page_Mood Administration Users Accounts Add_0e8dec/label_Username' is visible

2022-01-16 21:11:55 - [TEST_STEP][PASSED] - setText(findTestObject("Object Repository/Page_Mood Administration Users Accounts Add_0e8dec/input_Username_username"), "qmkhoi"): Text 'qmkhoi' is set on object 'Object Repository/Page_Mood Administration Users Accounts Add_0e8dec/input_Username_username'

2022-01-16 21:11:56 - [MESSAGE][PASSED] - Text 'qmkhoi' is set on object 'Object Repository/Page_Mood Administration Users Accounts Add_0e8dec/input_Username_username'

2022-01-16 21:11:56 - [TEST_STEP][PASSED] - click(findTestObject("Object Repository/Page_Mood Administration Users Accounts Add_0e8dec/em_Click to enter text")): Object: 'Object Repository/Page_Mood Administration Users Accounts Add_0e8dec/em_Click to enter text' is clicked on

2022-01-16 21:12:27 - [MESSAGE][INFO] - Unable to find the element located by 'By.xpath: //a[@id='yui_3_17_2_1_1642242441890_767']/span/span/em'. Please recheck the objects properties to make sure the desired element is located. 

2022-01-16 21:12:27 - [MESSAGE][WARNING] - [SELF-HEALING] Failed to find element with id 'Object Repository/Page_Mood Administration Users Accounts Add_0e8dec/em_Click to enter text'. Try using Self-healing.

2022-01-16 21:12:27 - [MESSAGE][WARNING] - [SELF-HEALING] The current locator of test object 'Object Repository/Page_Mood Administration Users Accounts Add_0e8dec/em_Click to enter text' was broken. Propose an alternative one: '(.//*[normalize-space(text()) and normalize-space(.)='New password'])[1]/following::em[1]'.

2022-01-16 21:12:27 - [MESSAGE][PASSED] - Object: 'Object Repository/Page_Mood Administration Users Accounts Add_0e8dec/em_Click to enter text' is clicked on

2022-01-16 21:12:27 - [TEST_STEP][PASSED] - setEncryptedText(findTestObject("Object Repository/Page_Mood Administration Users Accounts Add_0e8dec/input_New password_newpassword"), "eiP2h/EMT1gGbs0OIJkleA=="): Text ****** has been set on object 'Object Repository/Page_Mood Administration Users Accounts Add_0e8dec/input_New password_newpassword'

2022-01-16 21:12:28 - [MESSAGE][PASSED] - Text ****** has been set on object 'Object Repository/Page_Mood Administration Users Accounts Add_0e8dec/input_New password_newpassword'

2022-01-16 21:12:28 - [TEST_STEP][PASSED] - waitForElementVisible(findTestObject("Object Repository/Page_Mood Administration Users Accounts Add_0e8dec/input_First name_firstname"), 0): Object 'Object Repository/Page_Mood Administration Users Accounts Add_0e8dec/input_First name_firstname' is visible

2022-01-16 21:12:28 - [MESSAGE][WARNING] - Timeout '0' is invalid. Using default page load timeout: '30'

2022-01-16 21:12:28 - [MESSAGE][PASSED] - Object 'Object Repository/Page_Mood Administration Users Accounts Add_0e8dec/input_First name_firstname' is visible

2022-01-16 21:12:28 - [TEST_STEP][PASSED] - setText(findTestObject("Object Repository/Page_Mood Administration Users Accounts Add_0e8dec/input_First name_firstname"), "Quach"): Text 'Quach' is set on object 'Object Repository/Page_Mood Administration Users Accounts Add_0e8dec/input_First name_firstname'

2022-01-16 21:12:29 - [MESSAGE][PASSED] - Text 'Quach' is set on object 'Object Repository/Page_Mood Administration Users Accounts Add_0e8dec/input_First name_firstname'

2022-01-16 21:12:29 - [TEST_STEP][PASSED] - click(findTestObject("Object Repository/Page_Mood Administration Users Accounts Add_0e8dec/div_Username                               _ccea4b")): Object: 'Object Repository/Page_Mood Administration Users Accounts Add_0e8dec/div_Username                               _ccea4b' is clicked on

2022-01-16 21:13:00 - [MESSAGE][INFO] - Unable to find the element located by 'By.xpath: //div[@id='yui_3_17_2_1_1642242441890_390']'. Please recheck the objects properties to make sure the desired element is located. 

2022-01-16 21:13:00 - [MESSAGE][WARNING] - [SELF-HEALING] Failed to find element with id 'Object Repository/Page_Mood Administration Users Accounts Add_0e8dec/div_Username                               _ccea4b'. Try using Self-healing.

2022-01-16 21:13:01 - [MESSAGE][WARNING] - [SELF-HEALING] The current locator of test object 'Object Repository/Page_Mood Administration Users Accounts Add_0e8dec/div_Username                               _ccea4b' was broken. Propose an alternative one: '//fieldset[@id='id_moodle']/div'.

2022-01-16 21:13:01 - [MESSAGE][PASSED] - Object: 'Object Repository/Page_Mood Administration Users Accounts Add_0e8dec/div_Username                               _ccea4b' is clicked on

2022-01-16 21:13:01 - [TEST_STEP][PASSED] - setText(findTestObject("Object Repository/Page_Mood Administration Users Accounts Add_0e8dec/input_Surname_lastname"), "Minh Khoi"): Text 'Minh Khoi' is set on object 'Object Repository/Page_Mood Administration Users Accounts Add_0e8dec/input_Surname_lastname'

2022-01-16 21:13:01 - [MESSAGE][PASSED] - Text 'Minh Khoi' is set on object 'Object Repository/Page_Mood Administration Users Accounts Add_0e8dec/input_Surname_lastname'

2022-01-16 21:13:01 - [TEST_STEP][PASSED] - setText(findTestObject("Object Repository/Page_Mood Administration Users Accounts Add_0e8dec/input_Email address_email"), "qmkhoi19@gmail.com"): Text 'qmkhoi19@gmail.com' is set on object 'Object Repository/Page_Mood Administration Users Accounts Add_0e8dec/input_Email address_email'

2022-01-16 21:13:02 - [MESSAGE][PASSED] - Text 'qmkhoi19@gmail.com' is set on object 'Object Repository/Page_Mood Administration Users Accounts Add_0e8dec/input_Email address_email'

2022-01-16 21:13:02 - [TEST_STEP][PASSED] - waitForElementVisible(findTestObject("Object Repository/Page_Mood Administration Users Accounts Add_0e8dec/input_Address_submitbutton"), 0): Object 'Object Repository/Page_Mood Administration Users Accounts Add_0e8dec/input_Address_submitbutton' is visible

2022-01-16 21:13:02 - [MESSAGE][WARNING] - Timeout '0' is invalid. Using default page load timeout: '30'

2022-01-16 21:13:02 - [MESSAGE][PASSED] - Object 'Object Repository/Page_Mood Administration Users Accounts Add_0e8dec/input_Address_submitbutton' is visible

2022-01-16 21:13:02 - [TEST_STEP][PASSED] - click(findTestObject("Object Repository/Page_Mood Administration Users Accounts Add_0e8dec/input_Address_submitbutton")): Object: 'Object Repository/Page_Mood Administration Users Accounts Add_0e8dec/input_Address_submitbutton' is clicked on

2022-01-16 21:13:04 - [MESSAGE][PASSED] - Object: 'Object Repository/Page_Mood Administration Users Accounts Add_0e8dec/input_Address_submitbutton' is clicked on

2022-01-16 21:13:04 - [TEST_STEP][PASSED] - verifyElementText(findTestObject("Object Repository/Page_Mood Administration Users Accounts Add_0e8dec/div_This username already exists, choose another"), "This username already exists, choose another"): Actual text and expected text of test object 'Object Repository/Page_Mood Administration Users Accounts Add_0e8dec/div_This username already exists, choose another' are matched.

2022-01-16 21:13:05 - [MESSAGE][PASSED] - Actual text and expected text of test object 'Object Repository/Page_Mood Administration Users Accounts Add_0e8dec/div_This username already exists, choose another' are matched.

2022-01-16 21:13:05 - [TEST_STEP][PASSED] - closeBrowser(): Browser is closed

2022-01-16 21:13:06 - [MESSAGE][PASSED] - Browser is closed]]></system-out>
         <system-err><![CDATA[]]></system-err>
      </testcase>
      <testcase name="Test Cases/test case 08" time="78.887" classname="Test Cases/test case 08" status="PASSED">
         <system-out><![CDATA[2022-01-16 21:13:06 - [TEST_CASE][PASSED] - Test Cases/test case 08: Test Cases/test case 08

2022-01-16 21:13:06 - [TEST_STEP][PASSED] - openBrowser(""): Browser is opened with url: ''

2022-01-16 21:13:06 - [MESSAGE][INFO] - Starting 'Chrome' driver

2022-01-16 21:13:06 - [MESSAGE][INFO] - Action delay is set to 0 milliseconds

2022-01-16 21:13:07 - [MESSAGE][PASSED] - Browser is opened with url: ''

2022-01-16 21:13:07 - [TEST_STEP][PASSED] - navigateToUrl("http://localhost/"): Navigate to 'http://localhost/' successfully

2022-01-16 21:13:08 - [MESSAGE][PASSED] - Navigate to 'http://localhost/' successfully

2022-01-16 21:13:08 - [TEST_STEP][PASSED] - click(findTestObject("Object Repository/Page_Moodle/a_Log in")): Object: 'Object Repository/Page_Moodle/a_Log in' is clicked on

2022-01-16 21:13:09 - [MESSAGE][PASSED] - Object: 'Object Repository/Page_Moodle/a_Log in' is clicked on

2022-01-16 21:13:09 - [TEST_STEP][PASSED] - setText(findTestObject("Object Repository/Page_Moodle Log in to the site/input_Username_username"), "admin"): Text 'admin' is set on object 'Object Repository/Page_Moodle Log in to the site/input_Username_username'

2022-01-16 21:13:10 - [MESSAGE][PASSED] - Text 'admin' is set on object 'Object Repository/Page_Moodle Log in to the site/input_Username_username'

2022-01-16 21:13:10 - [TEST_STEP][PASSED] - setEncryptedText(findTestObject("Object Repository/Page_Moodle Log in to the site/input_Password_password"), "r6H/uPCyCbQX7sAf5E1f3g=="): Text ****** has been set on object 'Object Repository/Page_Moodle Log in to the site/input_Password_password'

2022-01-16 21:13:10 - [MESSAGE][PASSED] - Text ****** has been set on object 'Object Repository/Page_Moodle Log in to the site/input_Password_password'

2022-01-16 21:13:10 - [TEST_STEP][PASSED] - click(findTestObject("Object Repository/Page_Moodle Log in to the site/button_Log in")): Object: 'Object Repository/Page_Moodle Log in to the site/button_Log in' is clicked on

2022-01-16 21:13:11 - [MESSAGE][PASSED] - Object: 'Object Repository/Page_Moodle Log in to the site/button_Log in' is clicked on

2022-01-16 21:13:11 - [TEST_STEP][PASSED] - click(findTestObject("Object Repository/Page_Dashboard/span_Site administration")): Object: 'Object Repository/Page_Dashboard/span_Site administration' is clicked on

2022-01-16 21:13:13 - [MESSAGE][PASSED] - Object: 'Object Repository/Page_Dashboard/span_Site administration' is clicked on

2022-01-16 21:13:13 - [TEST_STEP][PASSED] - click(findTestObject("Object Repository/Page_Mood Administration Search/a_Users")): Object: 'Object Repository/Page_Mood Administration Search/a_Users' is clicked on

2022-01-16 21:13:14 - [MESSAGE][PASSED] - Object: 'Object Repository/Page_Mood Administration Search/a_Users' is clicked on

2022-01-16 21:13:14 - [TEST_STEP][PASSED] - click(findTestObject("Object Repository/Page_Mood Administration Search/a_Add a new user")): Object: 'Object Repository/Page_Mood Administration Search/a_Add a new user' is clicked on

2022-01-16 21:13:15 - [MESSAGE][PASSED] - Object: 'Object Repository/Page_Mood Administration Search/a_Add a new user' is clicked on

2022-01-16 21:13:15 - [TEST_STEP][PASSED] - setText(findTestObject("Object Repository/Page_Mood Administration Users Accounts Add_0e8dec/input_Username_username"), "dddinh"): Text 'dddinh' is set on object 'Object Repository/Page_Mood Administration Users Accounts Add_0e8dec/input_Username_username'

2022-01-16 21:13:16 - [MESSAGE][PASSED] - Text 'dddinh' is set on object 'Object Repository/Page_Mood Administration Users Accounts Add_0e8dec/input_Username_username'

2022-01-16 21:13:16 - [TEST_STEP][PASSED] - waitForElementVisible(findTestObject("Object Repository/Page_Mood Administration Users Accounts Add_0e8dec/label_New password"), 0): Object 'Object Repository/Page_Mood Administration Users Accounts Add_0e8dec/label_New password' is visible

2022-01-16 21:13:16 - [MESSAGE][WARNING] - Timeout '0' is invalid. Using default page load timeout: '30'

2022-01-16 21:13:17 - [MESSAGE][PASSED] - Object 'Object Repository/Page_Mood Administration Users Accounts Add_0e8dec/label_New password' is visible

2022-01-16 21:13:17 - [TEST_STEP][PASSED] - click(findTestObject("Object Repository/Page_Mood Administration Users Accounts Add_0e8dec/em_Click to enter text")): Object: 'Object Repository/Page_Mood Administration Users Accounts Add_0e8dec/em_Click to enter text' is clicked on

2022-01-16 21:13:48 - [MESSAGE][INFO] - Unable to find the element located by 'By.xpath: //a[@id='yui_3_17_2_1_1642242441890_767']/span/span/em'. Please recheck the objects properties to make sure the desired element is located. 

2022-01-16 21:13:48 - [MESSAGE][WARNING] - [SELF-HEALING] Failed to find element with id 'Object Repository/Page_Mood Administration Users Accounts Add_0e8dec/em_Click to enter text'. Try using Self-healing.

2022-01-16 21:13:48 - [MESSAGE][WARNING] - [SELF-HEALING] The current locator of test object 'Object Repository/Page_Mood Administration Users Accounts Add_0e8dec/em_Click to enter text' was broken. Propose an alternative one: '(.//*[normalize-space(text()) and normalize-space(.)='New password'])[1]/following::em[1]'.

2022-01-16 21:13:48 - [MESSAGE][PASSED] - Object: 'Object Repository/Page_Mood Administration Users Accounts Add_0e8dec/em_Click to enter text' is clicked on

2022-01-16 21:13:48 - [TEST_STEP][PASSED] - setEncryptedText(findTestObject("Object Repository/Page_Mood Administration Users Accounts Add_0e8dec/input_New password_newpassword"), "Poyj66BFqQY="): Text ****** has been set on object 'Object Repository/Page_Mood Administration Users Accounts Add_0e8dec/input_New password_newpassword'

2022-01-16 21:13:49 - [MESSAGE][PASSED] - Text ****** has been set on object 'Object Repository/Page_Mood Administration Users Accounts Add_0e8dec/input_New password_newpassword'

2022-01-16 21:13:49 - [TEST_STEP][PASSED] - setText(findTestObject("Object Repository/Page_Mood Administration Users Accounts Add_0e8dec/input_First name_firstname"), "Dinh"): Text 'Dinh' is set on object 'Object Repository/Page_Mood Administration Users Accounts Add_0e8dec/input_First name_firstname'

2022-01-16 21:13:49 - [MESSAGE][PASSED] - Text 'Dinh' is set on object 'Object Repository/Page_Mood Administration Users Accounts Add_0e8dec/input_First name_firstname'

2022-01-16 21:13:49 - [TEST_STEP][PASSED] - click(findTestObject("Object Repository/Page_Mood Administration Users Accounts Add_0e8dec/div_Username                               _ccea4b")): Object: 'Object Repository/Page_Mood Administration Users Accounts Add_0e8dec/div_Username                               _ccea4b' is clicked on

2022-01-16 21:14:20 - [MESSAGE][INFO] - Unable to find the element located by 'By.xpath: //div[@id='yui_3_17_2_1_1642242441890_390']'. Please recheck the objects properties to make sure the desired element is located. 

2022-01-16 21:14:20 - [MESSAGE][WARNING] - [SELF-HEALING] Failed to find element with id 'Object Repository/Page_Mood Administration Users Accounts Add_0e8dec/div_Username                               _ccea4b'. Try using Self-healing.

2022-01-16 21:14:21 - [MESSAGE][WARNING] - [SELF-HEALING] The current locator of test object 'Object Repository/Page_Mood Administration Users Accounts Add_0e8dec/div_Username                               _ccea4b' was broken. Propose an alternative one: '//fieldset[@id='id_moodle']/div'.

2022-01-16 21:14:21 - [MESSAGE][PASSED] - Object: 'Object Repository/Page_Mood Administration Users Accounts Add_0e8dec/div_Username                               _ccea4b' is clicked on

2022-01-16 21:14:21 - [TEST_STEP][PASSED] - setText(findTestObject("Object Repository/Page_Mood Administration Users Accounts Add_0e8dec/input_Surname_lastname"), "Dinh"): Text 'Dinh' is set on object 'Object Repository/Page_Mood Administration Users Accounts Add_0e8dec/input_Surname_lastname'

2022-01-16 21:14:21 - [MESSAGE][PASSED] - Text 'Dinh' is set on object 'Object Repository/Page_Mood Administration Users Accounts Add_0e8dec/input_Surname_lastname'

2022-01-16 21:14:21 - [TEST_STEP][PASSED] - setText(findTestObject("Object Repository/Page_Mood Administration Users Accounts Add_0e8dec/input_Email address_email"), "dddinh@apcs.vn"): Text 'dddinh@apcs.vn' is set on object 'Object Repository/Page_Mood Administration Users Accounts Add_0e8dec/input_Email address_email'

2022-01-16 21:14:22 - [MESSAGE][PASSED] - Text 'dddinh@apcs.vn' is set on object 'Object Repository/Page_Mood Administration Users Accounts Add_0e8dec/input_Email address_email'

2022-01-16 21:14:22 - [TEST_STEP][PASSED] - waitForElementVisible(findTestObject("Object Repository/Page_Mood Administration Users Accounts Add_0e8dec/input_Address_submitbutton"), 0): Object 'Object Repository/Page_Mood Administration Users Accounts Add_0e8dec/input_Address_submitbutton' is visible

2022-01-16 21:14:22 - [MESSAGE][WARNING] - Timeout '0' is invalid. Using default page load timeout: '30'

2022-01-16 21:14:23 - [MESSAGE][PASSED] - Object 'Object Repository/Page_Mood Administration Users Accounts Add_0e8dec/input_Address_submitbutton' is visible

2022-01-16 21:14:23 - [TEST_STEP][PASSED] - click(findTestObject("Object Repository/Page_Mood Administration Users Accounts Add_0e8dec/input_Address_submitbutton")): Object: 'Object Repository/Page_Mood Administration Users Accounts Add_0e8dec/input_Address_submitbutton' is clicked on

2022-01-16 21:14:24 - [MESSAGE][PASSED] - Object: 'Object Repository/Page_Mood Administration Users Accounts Add_0e8dec/input_Address_submitbutton' is clicked on

2022-01-16 21:14:24 - [TEST_STEP][PASSED] - closeBrowser(): Browser is closed

2022-01-16 21:14:24 - [MESSAGE][PASSED] - Browser is closed]]></system-out>
         <system-err><![CDATA[]]></system-err>
      </testcase>
      <testcase name="Test Cases/test case 09" time="48.683" classname="Test Cases/test case 09" status="PASSED">
         <system-out><![CDATA[2022-01-16 21:14:24 - [TEST_CASE][PASSED] - Test Cases/test case 09: Test Cases/test case 09

2022-01-16 21:14:25 - [TEST_STEP][PASSED] - openBrowser(""): Browser is opened with url: ''

2022-01-16 21:14:25 - [MESSAGE][INFO] - Starting 'Chrome' driver

2022-01-16 21:14:25 - [MESSAGE][INFO] - Action delay is set to 0 milliseconds

2022-01-16 21:14:26 - [MESSAGE][PASSED] - Browser is opened with url: ''

2022-01-16 21:14:26 - [TEST_STEP][PASSED] - navigateToUrl("http://localhost/"): Navigate to 'http://localhost/' successfully

2022-01-16 21:14:27 - [MESSAGE][PASSED] - Navigate to 'http://localhost/' successfully

2022-01-16 21:14:27 - [TEST_STEP][PASSED] - click(findTestObject("Object Repository/Page_Moodle/a_Log in")): Object: 'Object Repository/Page_Moodle/a_Log in' is clicked on

2022-01-16 21:14:28 - [MESSAGE][PASSED] - Object: 'Object Repository/Page_Moodle/a_Log in' is clicked on

2022-01-16 21:14:28 - [TEST_STEP][PASSED] - setText(findTestObject("Object Repository/Page_Moodle Log in to the site/input_Username_username"), "admin"): Text 'admin' is set on object 'Object Repository/Page_Moodle Log in to the site/input_Username_username'

2022-01-16 21:14:29 - [MESSAGE][PASSED] - Text 'admin' is set on object 'Object Repository/Page_Moodle Log in to the site/input_Username_username'

2022-01-16 21:14:29 - [TEST_STEP][PASSED] - setEncryptedText(findTestObject("Object Repository/Page_Moodle Log in to the site/input_Password_password"), "r6H/uPCyCbQX7sAf5E1f3g=="): Text ****** has been set on object 'Object Repository/Page_Moodle Log in to the site/input_Password_password'

2022-01-16 21:14:29 - [MESSAGE][PASSED] - Text ****** has been set on object 'Object Repository/Page_Moodle Log in to the site/input_Password_password'

2022-01-16 21:14:29 - [TEST_STEP][PASSED] - click(findTestObject("Object Repository/Page_Moodle Log in to the site/button_Log in")): Object: 'Object Repository/Page_Moodle Log in to the site/button_Log in' is clicked on

2022-01-16 21:14:30 - [MESSAGE][PASSED] - Object: 'Object Repository/Page_Moodle Log in to the site/button_Log in' is clicked on

2022-01-16 21:14:30 - [TEST_STEP][PASSED] - click(findTestObject("Object Repository/Page_Dashboard/span_Site administration")): Object: 'Object Repository/Page_Dashboard/span_Site administration' is clicked on

2022-01-16 21:14:32 - [MESSAGE][PASSED] - Object: 'Object Repository/Page_Dashboard/span_Site administration' is clicked on

2022-01-16 21:14:32 - [TEST_STEP][PASSED] - click(findTestObject("Object Repository/Page_Mood Administration Search/a_Users")): Object: 'Object Repository/Page_Mood Administration Search/a_Users' is clicked on

2022-01-16 21:14:33 - [MESSAGE][PASSED] - Object: 'Object Repository/Page_Mood Administration Search/a_Users' is clicked on

2022-01-16 21:14:33 - [TEST_STEP][PASSED] - click(findTestObject("Object Repository/Page_Mood Administration Search/a_Add a new user")): Object: 'Object Repository/Page_Mood Administration Search/a_Add a new user' is clicked on

2022-01-16 21:14:34 - [MESSAGE][PASSED] - Object: 'Object Repository/Page_Mood Administration Search/a_Add a new user' is clicked on

2022-01-16 21:14:34 - [TEST_STEP][PASSED] - waitForElementVisible(findTestObject("Object Repository/Page_Mood Administration Users Accounts Add_0e8dec/label_Username"), 0): Object 'Object Repository/Page_Mood Administration Users Accounts Add_0e8dec/label_Username' is visible

2022-01-16 21:14:34 - [MESSAGE][WARNING] - Timeout '0' is invalid. Using default page load timeout: '30'

2022-01-16 21:14:35 - [MESSAGE][PASSED] - Object 'Object Repository/Page_Mood Administration Users Accounts Add_0e8dec/label_Username' is visible

2022-01-16 21:14:35 - [TEST_STEP][PASSED] - setText(findTestObject("Object Repository/Page_Mood Administration Users Accounts Add_0e8dec/input_Username_username"), "dddinh"): Text 'dddinh' is set on object 'Object Repository/Page_Mood Administration Users Accounts Add_0e8dec/input_Username_username'

2022-01-16 21:14:36 - [MESSAGE][PASSED] - Text 'dddinh' is set on object 'Object Repository/Page_Mood Administration Users Accounts Add_0e8dec/input_Username_username'

2022-01-16 21:14:36 - [TEST_STEP][PASSED] - waitForElementVisible(findTestObject("Object Repository/Page_Mood Administration Users Accounts Add_0e8dec/label_New password"), 0): Object 'Object Repository/Page_Mood Administration Users Accounts Add_0e8dec/label_New password' is visible

2022-01-16 21:14:36 - [MESSAGE][WARNING] - Timeout '0' is invalid. Using default page load timeout: '30'

2022-01-16 21:14:36 - [MESSAGE][PASSED] - Object 'Object Repository/Page_Mood Administration Users Accounts Add_0e8dec/label_New password' is visible

2022-01-16 21:14:36 - [TEST_STEP][PASSED] - click(findTestObject("Object Repository/Page_Mood Administration Users Accounts Add_0e8dec/em_Click to enter text")): Object: 'Object Repository/Page_Mood Administration Users Accounts Add_0e8dec/em_Click to enter text' is clicked on

2022-01-16 21:15:07 - [MESSAGE][INFO] - Unable to find the element located by 'By.xpath: //a[@id='yui_3_17_2_1_1642242441890_767']/span/span/em'. Please recheck the objects properties to make sure the desired element is located. 

2022-01-16 21:15:07 - [MESSAGE][WARNING] - [SELF-HEALING] Failed to find element with id 'Object Repository/Page_Mood Administration Users Accounts Add_0e8dec/em_Click to enter text'. Try using Self-healing.

2022-01-16 21:15:08 - [MESSAGE][WARNING] - [SELF-HEALING] The current locator of test object 'Object Repository/Page_Mood Administration Users Accounts Add_0e8dec/em_Click to enter text' was broken. Propose an alternative one: '(.//*[normalize-space(text()) and normalize-space(.)='New password'])[1]/following::em[1]'.

2022-01-16 21:15:08 - [MESSAGE][PASSED] - Object: 'Object Repository/Page_Mood Administration Users Accounts Add_0e8dec/em_Click to enter text' is clicked on

2022-01-16 21:15:08 - [TEST_STEP][PASSED] - setEncryptedText(findTestObject("Object Repository/Page_Mood Administration Users Accounts Add_0e8dec/input_New password_newpassword"), "o9w1gihRZMDFxbRmKPFkOQ=="): Text ****** has been set on object 'Object Repository/Page_Mood Administration Users Accounts Add_0e8dec/input_New password_newpassword'

2022-01-16 21:15:08 - [MESSAGE][PASSED] - Text ****** has been set on object 'Object Repository/Page_Mood Administration Users Accounts Add_0e8dec/input_New password_newpassword'

2022-01-16 21:15:08 - [TEST_STEP][PASSED] - setText(findTestObject("Object Repository/Page_Mood Administration Users Accounts Add_0e8dec/input_First name_firstname"), "Dinh Dang"): Text 'Dinh Dang' is set on object 'Object Repository/Page_Mood Administration Users Accounts Add_0e8dec/input_First name_firstname'

2022-01-16 21:15:09 - [MESSAGE][PASSED] - Text 'Dinh Dang' is set on object 'Object Repository/Page_Mood Administration Users Accounts Add_0e8dec/input_First name_firstname'

2022-01-16 21:15:09 - [TEST_STEP][PASSED] - setText(findTestObject("Object Repository/Page_Mood Administration Users Accounts Add_0e8dec/input_Surname_lastname"), "Dinh"): Text 'Dinh' is set on object 'Object Repository/Page_Mood Administration Users Accounts Add_0e8dec/input_Surname_lastname'

2022-01-16 21:15:10 - [MESSAGE][PASSED] - Text 'Dinh' is set on object 'Object Repository/Page_Mood Administration Users Accounts Add_0e8dec/input_Surname_lastname'

2022-01-16 21:15:10 - [TEST_STEP][PASSED] - setText(findTestObject("Object Repository/Page_Mood Administration Users Accounts Add_0e8dec/input_Email address_email"), "dddinh"): Text 'dddinh' is set on object 'Object Repository/Page_Mood Administration Users Accounts Add_0e8dec/input_Email address_email'

2022-01-16 21:15:11 - [MESSAGE][PASSED] - Text 'dddinh' is set on object 'Object Repository/Page_Mood Administration Users Accounts Add_0e8dec/input_Email address_email'

2022-01-16 21:15:11 - [TEST_STEP][PASSED] - waitForElementVisible(findTestObject("Object Repository/Page_Mood Administration Users Accounts Add_0e8dec/input_Address_submitbutton"), 0): Object 'Object Repository/Page_Mood Administration Users Accounts Add_0e8dec/input_Address_submitbutton' is visible

2022-01-16 21:15:11 - [MESSAGE][WARNING] - Timeout '0' is invalid. Using default page load timeout: '30'

2022-01-16 21:15:11 - [MESSAGE][PASSED] - Object 'Object Repository/Page_Mood Administration Users Accounts Add_0e8dec/input_Address_submitbutton' is visible

2022-01-16 21:15:11 - [TEST_STEP][PASSED] - click(findTestObject("Object Repository/Page_Mood Administration Users Accounts Add_0e8dec/input_Address_submitbutton")): Object: 'Object Repository/Page_Mood Administration Users Accounts Add_0e8dec/input_Address_submitbutton' is clicked on

2022-01-16 21:15:12 - [MESSAGE][PASSED] - Object: 'Object Repository/Page_Mood Administration Users Accounts Add_0e8dec/input_Address_submitbutton' is clicked on

2022-01-16 21:15:13 - [TEST_STEP][PASSED] - closeBrowser(): Browser is closed

2022-01-16 21:15:13 - [MESSAGE][PASSED] - Browser is closed]]></system-out>
         <system-err><![CDATA[]]></system-err>
      </testcase>
      <testcase name="Test Cases/test case 10" time="111.638" classname="Test Cases/test case 10" status="PASSED">
         <system-out><![CDATA[2022-01-16 21:15:13 - [TEST_CASE][PASSED] - Test Cases/test case 10: Test Cases/test case 10

2022-01-16 21:15:13 - [TEST_STEP][PASSED] - openBrowser(""): Browser is opened with url: ''

2022-01-16 21:15:13 - [MESSAGE][INFO] - Starting 'Chrome' driver

2022-01-16 21:15:13 - [MESSAGE][INFO] - Action delay is set to 0 milliseconds

2022-01-16 21:15:15 - [MESSAGE][PASSED] - Browser is opened with url: ''

2022-01-16 21:15:15 - [TEST_STEP][PASSED] - navigateToUrl("http://localhost/"): Navigate to 'http://localhost/' successfully

2022-01-16 21:15:15 - [MESSAGE][PASSED] - Navigate to 'http://localhost/' successfully

2022-01-16 21:15:15 - [TEST_STEP][PASSED] - click(findTestObject("Object Repository/Page_Moodle/a_Log in")): Object: 'Object Repository/Page_Moodle/a_Log in' is clicked on

2022-01-16 21:15:16 - [MESSAGE][PASSED] - Object: 'Object Repository/Page_Moodle/a_Log in' is clicked on

2022-01-16 21:15:16 - [TEST_STEP][PASSED] - setText(findTestObject("Object Repository/Page_Moodle Log in to the site/input_Username_username"), "admin"): Text 'admin' is set on object 'Object Repository/Page_Moodle Log in to the site/input_Username_username'

2022-01-16 21:15:17 - [MESSAGE][PASSED] - Text 'admin' is set on object 'Object Repository/Page_Moodle Log in to the site/input_Username_username'

2022-01-16 21:15:17 - [TEST_STEP][PASSED] - setEncryptedText(findTestObject("Object Repository/Page_Moodle Log in to the site/input_Password_password"), "r6H/uPCyCbQX7sAf5E1f3g=="): Text ****** has been set on object 'Object Repository/Page_Moodle Log in to the site/input_Password_password'

2022-01-16 21:15:17 - [MESSAGE][PASSED] - Text ****** has been set on object 'Object Repository/Page_Moodle Log in to the site/input_Password_password'

2022-01-16 21:15:17 - [TEST_STEP][PASSED] - click(findTestObject("Object Repository/Page_Moodle Log in to the site/button_Log in")): Object: 'Object Repository/Page_Moodle Log in to the site/button_Log in' is clicked on

2022-01-16 21:15:18 - [MESSAGE][PASSED] - Object: 'Object Repository/Page_Moodle Log in to the site/button_Log in' is clicked on

2022-01-16 21:15:18 - [TEST_STEP][PASSED] - click(findTestObject("Object Repository/Page_Dashboard/span_Site administration")): Object: 'Object Repository/Page_Dashboard/span_Site administration' is clicked on

2022-01-16 21:15:20 - [MESSAGE][PASSED] - Object: 'Object Repository/Page_Dashboard/span_Site administration' is clicked on

2022-01-16 21:15:20 - [TEST_STEP][PASSED] - click(findTestObject("Object Repository/Page_Mood Administration Search/a_Users")): Object: 'Object Repository/Page_Mood Administration Search/a_Users' is clicked on

2022-01-16 21:15:21 - [MESSAGE][PASSED] - Object: 'Object Repository/Page_Mood Administration Search/a_Users' is clicked on

2022-01-16 21:15:21 - [TEST_STEP][PASSED] - click(findTestObject("Object Repository/Page_Mood Administration Search/a_Add a new user")): Object: 'Object Repository/Page_Mood Administration Search/a_Add a new user' is clicked on

2022-01-16 21:15:22 - [MESSAGE][PASSED] - Object: 'Object Repository/Page_Mood Administration Search/a_Add a new user' is clicked on

2022-01-16 21:15:22 - [TEST_STEP][PASSED] - waitForElementVisible(findTestObject("Object Repository/Page_Mood Administration Users Accounts Add_0e8dec/label_Username"), 0): Object 'Object Repository/Page_Mood Administration Users Accounts Add_0e8dec/label_Username' is visible

2022-01-16 21:15:22 - [MESSAGE][WARNING] - Timeout '0' is invalid. Using default page load timeout: '30'

2022-01-16 21:15:23 - [MESSAGE][PASSED] - Object 'Object Repository/Page_Mood Administration Users Accounts Add_0e8dec/label_Username' is visible

2022-01-16 21:15:23 - [TEST_STEP][PASSED] - setText(findTestObject("Object Repository/Page_Mood Administration Users Accounts Add_0e8dec/input_Username_username"), "dddinh"): Text 'dddinh' is set on object 'Object Repository/Page_Mood Administration Users Accounts Add_0e8dec/input_Username_username'

2022-01-16 21:15:24 - [MESSAGE][PASSED] - Text 'dddinh' is set on object 'Object Repository/Page_Mood Administration Users Accounts Add_0e8dec/input_Username_username'

2022-01-16 21:15:24 - [TEST_STEP][PASSED] - waitForElementVisible(findTestObject("Object Repository/Page_Mood Administration Users Accounts Add_0e8dec/label_New password"), 0): Object 'Object Repository/Page_Mood Administration Users Accounts Add_0e8dec/label_New password' is visible

2022-01-16 21:15:24 - [MESSAGE][WARNING] - Timeout '0' is invalid. Using default page load timeout: '30'

2022-01-16 21:15:25 - [MESSAGE][PASSED] - Object 'Object Repository/Page_Mood Administration Users Accounts Add_0e8dec/label_New password' is visible

2022-01-16 21:15:25 - [TEST_STEP][PASSED] - click(findTestObject("Object Repository/Page_Mood Administration Users Accounts Add_0e8dec/em_Click to enter text")): Object: 'Object Repository/Page_Mood Administration Users Accounts Add_0e8dec/em_Click to enter text' is clicked on

2022-01-16 21:15:56 - [MESSAGE][INFO] - Unable to find the element located by 'By.xpath: //a[@id='yui_3_17_2_1_1642242441890_767']/span/span/em'. Please recheck the objects properties to make sure the desired element is located. 

2022-01-16 21:15:56 - [MESSAGE][WARNING] - [SELF-HEALING] Failed to find element with id 'Object Repository/Page_Mood Administration Users Accounts Add_0e8dec/em_Click to enter text'. Try using Self-healing.

2022-01-16 21:15:56 - [MESSAGE][WARNING] - [SELF-HEALING] The current locator of test object 'Object Repository/Page_Mood Administration Users Accounts Add_0e8dec/em_Click to enter text' was broken. Propose an alternative one: '(.//*[normalize-space(text()) and normalize-space(.)='New password'])[1]/following::em[1]'.

2022-01-16 21:15:56 - [MESSAGE][PASSED] - Object: 'Object Repository/Page_Mood Administration Users Accounts Add_0e8dec/em_Click to enter text' is clicked on

2022-01-16 21:15:56 - [TEST_STEP][PASSED] - setEncryptedText(findTestObject("Object Repository/Page_Mood Administration Users Accounts Add_0e8dec/input_New password_newpassword"), "o9w1gihRZMDFxbRmKPFkOQ=="): Text ****** has been set on object 'Object Repository/Page_Mood Administration Users Accounts Add_0e8dec/input_New password_newpassword'

2022-01-16 21:15:57 - [MESSAGE][PASSED] - Text ****** has been set on object 'Object Repository/Page_Mood Administration Users Accounts Add_0e8dec/input_New password_newpassword'

2022-01-16 21:15:57 - [TEST_STEP][PASSED] - setText(findTestObject("Object Repository/Page_Mood Administration Users Accounts Add_0e8dec/input_First name_firstname"), "Dinh Dang"): Text 'Dinh Dang' is set on object 'Object Repository/Page_Mood Administration Users Accounts Add_0e8dec/input_First name_firstname'

2022-01-16 21:15:58 - [MESSAGE][PASSED] - Text 'Dinh Dang' is set on object 'Object Repository/Page_Mood Administration Users Accounts Add_0e8dec/input_First name_firstname'

2022-01-16 21:15:58 - [TEST_STEP][PASSED] - setText(findTestObject("Object Repository/Page_Mood Administration Users Accounts Add_0e8dec/input_Surname_lastname"), "Dinh"): Text 'Dinh' is set on object 'Object Repository/Page_Mood Administration Users Accounts Add_0e8dec/input_Surname_lastname'

2022-01-16 21:15:58 - [MESSAGE][PASSED] - Text 'Dinh' is set on object 'Object Repository/Page_Mood Administration Users Accounts Add_0e8dec/input_Surname_lastname'

2022-01-16 21:15:58 - [TEST_STEP][PASSED] - setText(findTestObject("Object Repository/Page_Mood Administration Users Accounts Add_0e8dec/input_Email address_email"), "dddinh19@gmail.com"): Text 'dddinh19@gmail.com' is set on object 'Object Repository/Page_Mood Administration Users Accounts Add_0e8dec/input_Email address_email'

2022-01-16 21:15:59 - [MESSAGE][PASSED] - Text 'dddinh19@gmail.com' is set on object 'Object Repository/Page_Mood Administration Users Accounts Add_0e8dec/input_Email address_email'

2022-01-16 21:15:59 - [TEST_STEP][PASSED] - waitForElementVisible(findTestObject("Object Repository/Page_Mood Administration Users Accounts Add_0e8dec/input_Address_cancel"), 0): Object 'Object Repository/Page_Mood Administration Users Accounts Add_0e8dec/input_Address_cancel' is visible

2022-01-16 21:15:59 - [MESSAGE][WARNING] - Timeout '0' is invalid. Using default page load timeout: '30'

2022-01-16 21:16:00 - [MESSAGE][PASSED] - Object 'Object Repository/Page_Mood Administration Users Accounts Add_0e8dec/input_Address_cancel' is visible

2022-01-16 21:16:00 - [TEST_STEP][PASSED] - click(findTestObject("Object Repository/Page_Mood Administration Users Accounts Add_0e8dec/input_Address_cancel")): Object: 'Object Repository/Page_Mood Administration Users Accounts Add_0e8dec/input_Address_cancel' is clicked on

[...]

2022-01-16 22:42:20 - [MESSAGE][PASSED] - All options with value '0' are selected in object 'Object Repository/Page_Mood Calendar Detailed month view Janu_18fc56/select_00        01        02        03    _f6e37b_1'  using regular expression

2022-01-16 22:42:20 - [TEST_STEP][PASSED] - selectOptionByValue(findTestObject("Object Repository/Page_Mood Calendar Detailed month view Janu_18fc56/select_User            Course            Site"), "course", true): All options with value 'course' are selected in object 'Object Repository/Page_Mood Calendar Detailed month view Janu_18fc56/select_User            Course            Site'  using regular expression

2022-01-16 22:42:21 - [MESSAGE][PASSED] - All options with value 'course' are selected in object 'Object Repository/Page_Mood Calendar Detailed month view Janu_18fc56/select_User            Course            Site'  using regular expression

2022-01-16 22:42:21 - [TEST_STEP][PASSED] - click(findTestObject("Object Repository/Page_Mood Calendar Detailed month view Janu_18fc56/span_")): Object: 'Object Repository/Page_Mood Calendar Detailed month view Janu_18fc56/span_' is clicked on

2022-01-16 22:42:52 - [MESSAGE][INFO] - Unable to find the element located by 'By.xpath: //span[@id='form_autocomplete_downarrow-1642337592468']'. Please recheck the objects properties to make sure the desired element is located. 

2022-01-16 22:42:52 - [MESSAGE][WARNING] - [SELF-HEALING] Failed to find element with id 'Object Repository/Page_Mood Calendar Detailed month view Janu_18fc56/span_'. Try using Self-healing.

2022-01-16 22:42:52 - [MESSAGE][WARNING] - [SELF-HEALING] The current locator of test object 'Object Repository/Page_Mood Calendar Detailed month view Janu_18fc56/span_' was broken. Propose an alternative one: '(.//*[normalize-space(text()) and normalize-space(.)='No selection'])[1]/following::span[1]'.

2022-01-16 22:42:52 - [MESSAGE][PASSED] - Object: 'Object Repository/Page_Mood Calendar Detailed month view Janu_18fc56/span_' is clicked on

2022-01-16 22:42:52 - [TEST_STEP][PASSED] - click(findTestObject("Object Repository/Page_Mood Calendar Detailed month view Janu_18fc56/li_Introduction to Computer Science")): Object: 'Object Repository/Page_Mood Calendar Detailed month view Janu_18fc56/li_Introduction to Computer Science' is clicked on

2022-01-16 22:43:23 - [MESSAGE][INFO] - Unable to find the element located by 'By.xpath: //li[@id='form_autocomplete_suggestions-1642337592468-0']'. Please recheck the objects properties to make sure the desired element is located. 

2022-01-16 22:43:23 - [MESSAGE][WARNING] - [SELF-HEALING] Failed to find element with id 'Object Repository/Page_Mood Calendar Detailed month view Janu_18fc56/li_Introduction to Computer Science'. Try using Self-healing.

2022-01-16 22:43:23 - [MESSAGE][WARNING] - [SELF-HEALING] The current locator of test object 'Object Repository/Page_Mood Calendar Detailed month view Janu_18fc56/li_Introduction to Computer Science' was broken. Propose an alternative one: '(.//*[normalize-space(text()) and normalize-space(.)='▼'])[1]/following::li[1]'.

2022-01-16 22:43:24 - [MESSAGE][PASSED] - Object: 'Object Repository/Page_Mood Calendar Detailed month view Janu_18fc56/li_Introduction to Computer Science' is clicked on

2022-01-16 22:43:24 - [TEST_STEP][PASSED] - selectOptionByValue(findTestObject("Object Repository/Page_Mood Calendar Detailed month view Janu_18fc56/select_Introduction to Computer ScienceMathemetics"), "4", true): All options with value '4' are selected in object 'Object Repository/Page_Mood Calendar Detailed month view Janu_18fc56/select_Introduction to Computer ScienceMathemetics'  using regular expression

2022-01-16 22:43:25 - [MESSAGE][PASSED] - All options with value '4' are selected in object 'Object Repository/Page_Mood Calendar Detailed month view Janu_18fc56/select_Introduction to Computer ScienceMathemetics'  using regular expression

2022-01-16 22:43:25 - [TEST_STEP][PASSED] - click(findTestObject("Object Repository/Page_Mood Calendar Detailed month view Janu_18fc56/button_Save")): Object: 'Object Repository/Page_Mood Calendar Detailed month view Janu_18fc56/button_Save' is clicked on

2022-01-16 22:43:56 - [MESSAGE][INFO] - Unable to find the element located by 'By.xpath: //button[@id='yui_3_17_2_1_1642337585482_1306']'. Please recheck the objects properties to make sure the desired element is located. 

2022-01-16 22:43:56 - [MESSAGE][WARNING] - [SELF-HEALING] Failed to find element with id 'Object Repository/Page_Mood Calendar Detailed month view Janu_18fc56/button_Save'. Try using Self-healing.

2022-01-16 22:43:56 - [MESSAGE][WARNING] - [SELF-HEALING] The current locator of test object 'Object Repository/Page_Mood Calendar Detailed month view Janu_18fc56/button_Save' was broken. Propose an alternative one: '(.//*[normalize-space(text()) and normalize-space(.)='Repeat weekly, creating altogether'])[1]/following::button[1]'.

2022-01-16 22:43:56 - [MESSAGE][PASSED] - Object: 'Object Repository/Page_Mood Calendar Detailed month view Janu_18fc56/button_Save' is clicked on

2022-01-16 22:43:56 - [TEST_STEP][PASSED] - verifyElementText(findTestObject("Object Repository/Page_Mood Calendar Detailed month view Janu_18fc56/span_Tet Quiz"), "Tet Quiz"): Actual text and expected text of test object 'Object Repository/Page_Mood Calendar Detailed month view Janu_18fc56/span_Tet Quiz' are matched.

2022-01-16 22:44:27 - [MESSAGE][INFO] - Unable to find the element located by 'By.xpath: //a[@id='yui_3_17_2_1_1642337585482_2029']/span[2]'. Please recheck the objects properties to make sure the desired element is located. 

2022-01-16 22:44:27 - [MESSAGE][WARNING] - [SELF-HEALING] Failed to find element with id 'Object Repository/Page_Mood Calendar Detailed month view Janu_18fc56/span_Tet Quiz'. Try using Self-healing.

2022-01-16 22:44:28 - [MESSAGE][WARNING] - [SELF-HEALING] The current locator of test object 'Object Repository/Page_Mood Calendar Detailed month view Janu_18fc56/span_Tet Quiz' was broken. Propose an alternative one: '(.//*[normalize-space(text()) and normalize-space(.)='No events, Friday, 21 January'])[2]/following::span[4]'.

2022-01-16 22:44:28 - [MESSAGE][PASSED] - Actual text and expected text of test object 'Object Repository/Page_Mood Calendar Detailed month view Janu_18fc56/span_Tet Quiz' are matched.

2022-01-16 22:44:28 - [TEST_STEP][PASSED] - click(findTestObject("Object Repository/Page_Mood Calendar Detailed month view Janu_18fc56/span_Tet Quiz")): Object: 'Object Repository/Page_Mood Calendar Detailed month view Janu_18fc56/span_Tet Quiz' is clicked on

2022-01-16 22:44:59 - [MESSAGE][INFO] - Unable to find the element located by 'By.xpath: //a[@id='yui_3_17_2_1_1642337585482_2029']/span[2]'. Please recheck the objects properties to make sure the desired element is located. 

2022-01-16 22:44:59 - [MESSAGE][WARNING] - [SELF-HEALING] Failed to find element with id 'Object Repository/Page_Mood Calendar Detailed month view Janu_18fc56/span_Tet Quiz'. Try using Self-healing.

2022-01-16 22:44:59 - [MESSAGE][WARNING] - [SELF-HEALING] The current locator of test object 'Object Repository/Page_Mood Calendar Detailed month view Janu_18fc56/span_Tet Quiz' was broken. Propose an alternative one: '(.//*[normalize-space(text()) and normalize-space(.)='No events, Friday, 21 January'])[2]/following::span[4]'.

2022-01-16 22:44:59 - [MESSAGE][PASSED] - Object: 'Object Repository/Page_Mood Calendar Detailed month view Janu_18fc56/span_Tet Quiz' is clicked on

2022-01-16 22:44:59 - [TEST_STEP][PASSED] - verifyElementText(findTestObject("Object Repository/Page_Mood Calendar Detailed month view Janu_18fc56/a_Saturday, 22 January"), "Saturday, 22 January"): Actual text and expected text of test object 'Object Repository/Page_Mood Calendar Detailed month view Janu_18fc56/a_Saturday, 22 January' are matched.

2022-01-16 22:45:30 - [MESSAGE][INFO] - Unable to find the element located by 'By.xpath: //a[@id='yui_3_17_2_1_1642337585482_2054']'. Please recheck the objects properties to make sure the desired element is located. 

2022-01-16 22:45:30 - [MESSAGE][WARNING] - [SELF-HEALING] Failed to find element with id 'Object Repository/Page_Mood Calendar Detailed month view Janu_18fc56/a_Saturday, 22 January'. Try using Self-healing.

2022-01-16 22:45:30 - [MESSAGE][WARNING] - [SELF-HEALING] The current locator of test object 'Object Repository/Page_Mood Calendar Detailed month view Janu_18fc56/a_Saturday, 22 January' was broken. Propose an alternative one: '//a[contains(text(),'Saturday, 22 January')]'.

2022-01-16 22:45:31 - [MESSAGE][PASSED] - Actual text and expected text of test object 'Object Repository/Page_Mood Calendar Detailed month view Janu_18fc56/a_Saturday, 22 January' are matched.

2022-01-16 22:45:31 - [TEST_STEP][PASSED] - verifyElementClickable(findTestObject("Object Repository/Page_Mood Calendar Detailed month view Janu_18fc56/button_Delete")): Object 'Object Repository/Page_Mood Calendar Detailed month view Janu_18fc56/button_Delete' is clickable

2022-01-16 22:46:02 - [MESSAGE][INFO] - Unable to find the element located by 'By.xpath: //button[@id='yui_3_17_2_1_1642337585482_2067']'. Please recheck the objects properties to make sure the desired element is located. 

2022-01-16 22:46:02 - [MESSAGE][WARNING] - [SELF-HEALING] Failed to find element with id 'Object Repository/Page_Mood Calendar Detailed month view Janu_18fc56/button_Delete'. Try using Self-healing.

2022-01-16 22:46:02 - [MESSAGE][WARNING] - [SELF-HEALING] The current locator of test object 'Object Repository/Page_Mood Calendar Detailed month view Janu_18fc56/button_Delete' was broken. Propose an alternative one: '(.//*[normalize-space(text()) and normalize-space(.)='Introduction to Computer Science'])[3]/following::button[1]'.

2022-01-16 22:46:02 - [MESSAGE][PASSED] - Object 'Object Repository/Page_Mood Calendar Detailed month view Janu_18fc56/button_Delete' is clickable

2022-01-16 22:46:02 - [TEST_STEP][PASSED] - click(findTestObject("Object Repository/Page_Mood Calendar Detailed month view Janu_18fc56/button_Delete")): Object: 'Object Repository/Page_Mood Calendar Detailed month view Janu_18fc56/button_Delete' is clicked on

2022-01-16 22:46:33 - [MESSAGE][INFO] - Unable to find the element located by 'By.xpath: //button[@id='yui_3_17_2_1_1642337585482_2067']'. Please recheck the objects properties to make sure the desired element is located. 

2022-01-16 22:46:33 - [MESSAGE][WARNING] - [SELF-HEALING] Failed to find element with id 'Object Repository/Page_Mood Calendar Detailed month view Janu_18fc56/button_Delete'. Try using Self-healing.

2022-01-16 22:46:33 - [MESSAGE][WARNING] - [SELF-HEALING] The current locator of test object 'Object Repository/Page_Mood Calendar Detailed month view Janu_18fc56/button_Delete' was broken. Propose an alternative one: '(.//*[normalize-space(text()) and normalize-space(.)='Introduction to Computer Science'])[3]/following::button[1]'.

2022-01-16 22:46:33 - [MESSAGE][PASSED] - Object: 'Object Repository/Page_Mood Calendar Detailed month view Janu_18fc56/button_Delete' is clicked on

2022-01-16 22:46:33 - [TEST_STEP][PASSED] - waitForElementVisible(findTestObject("Object Repository/Page_Mood Calendar Detailed month view Janu_18fc56/button_Delete event"), 0): Object 'Object Repository/Page_Mood Calendar Detailed month view Janu_18fc56/button_Delete event' is visible

2022-01-16 22:46:33 - [MESSAGE][WARNING] - Timeout '0' is invalid. Using default page load timeout: '30'

2022-01-16 22:47:04 - [MESSAGE][INFO] - Unable to find the element located by 'By.xpath: //button[@id='yui_3_17_2_1_1642337585482_2083']'. Please recheck the objects properties to make sure the desired element is located. 

2022-01-16 22:47:04 - [MESSAGE][WARNING] - [SELF-HEALING] Failed to find element with id 'Object Repository/Page_Mood Calendar Detailed month view Janu_18fc56/button_Delete event'. Try using Self-healing.

2022-01-16 22:47:05 - [MESSAGE][WARNING] - [SELF-HEALING] The current locator of test object 'Object Repository/Page_Mood Calendar Detailed month view Janu_18fc56/button_Delete event' was broken. Propose an alternative one: '(.//*[normalize-space(text()) and normalize-space(.)='Delete event'])[1]/following::button[2]'.

2022-01-16 22:47:05 - [MESSAGE][PASSED] - Object 'Object Repository/Page_Mood Calendar Detailed month view Janu_18fc56/button_Delete event' is visible

2022-01-16 22:47:05 - [TEST_STEP][PASSED] - click(findTestObject("Object Repository/Page_Mood Calendar Detailed month view Janu_18fc56/button_Delete event")): Object: 'Object Repository/Page_Mood Calendar Detailed month view Janu_18fc56/button_Delete event' is clicked on

2022-01-16 22:47:36 - [MESSAGE][INFO] - Unable to find the element located by 'By.xpath: //button[@id='yui_3_17_2_1_1642337585482_2083']'. Please recheck the objects properties to make sure the desired element is located. 

2022-01-16 22:47:36 - [MESSAGE][WARNING] - [SELF-HEALING] Failed to find element with id 'Object Repository/Page_Mood Calendar Detailed month view Janu_18fc56/button_Delete event'. Try using Self-healing.

2022-01-16 22:47:36 - [MESSAGE][WARNING] - [SELF-HEALING] The current locator of test object 'Object Repository/Page_Mood Calendar Detailed month view Janu_18fc56/button_Delete event' was broken. Propose an alternative one: '(.//*[normalize-space(text()) and normalize-space(.)='Delete event'])[1]/following::button[2]'.

2022-01-16 22:47:36 - [MESSAGE][PASSED] - Object: 'Object Repository/Page_Mood Calendar Detailed month view Janu_18fc56/button_Delete event' is clicked on

2022-01-16 22:47:36 - [TEST_STEP][PASSED] - closeBrowser(): Browser is closed

2022-01-16 22:47:37 - [MESSAGE][PASSED] - Browser is closed]]></system-out>
         <system-err><![CDATA[]]></system-err>
      </testcase>
      <system-out><![CDATA[2022-01-16 21:05:14 - [TEST_SUITE][FAILED] - Run all test cases: Test Cases/test case 22 FAILED.
Reason:
com.kms.katalon.core.exception.StepFailedException: Unable to click on object 'Object Repository/Page_Mood Calendar Detailed month view Janu_18fc56/button_Delete event'
	at com.kms.katalon.core.webui.keyword.internal.WebUIKeywordMain.stepFailed(WebUIKeywordMain.groovy:64)
	at com.kms.katalon.core.webui.keyword.internal.WebUIKeywordMain.runKeyword(WebUIKeywordMain.groovy:26)
	at com.kms.katalon.core.webui.keyword.builtin.ClickKeyword.click(ClickKeyword.groovy:74)
	at com.kms.katalon.core.webui.keyword.builtin.ClickKeyword.execute(ClickKeyword.groovy:40)
	at com.kms.katalon.core.keyword.internal.KeywordExecutor.executeKeywordForPlatform(KeywordExecutor.groovy:74)
	at com.kms.katalon.core.webui.keyword.WebUiBuiltInKeywords.click(WebUiBuiltInKeywords.groovy:620)
	at com.kms.katalon.core.webui.keyword.WebUiBuiltInKeywords$click$1.call(Unknown Source)
	at test case 22.run(test case 22:56)
	at com.kms.katalon.core.main.ScriptEngine.run(ScriptEngine.java:194)
	at com.kms.katalon.core.main.ScriptEngine.runScriptAsRawText(ScriptEngine.java:119)
	at com.kms.katalon.core.main.TestCaseExecutor.runScript(TestCaseExecutor.java:442)
	at com.kms.katalon.core.main.TestCaseExecutor.doExecute(TestCaseExecutor.java:433)
	at com.kms.katalon.core.main.TestCaseExecutor.processExecutionPhase(TestCaseExecutor.java:412)
	at com.kms.katalon.core.main.TestCaseExecutor.accessMainPhase(TestCaseExecutor.java:404)
	at com.kms.katalon.core.main.TestCaseExecutor.execute(TestCaseExecutor.java:281)
	at com.kms.katalon.core.main.TestSuiteExecutor.accessTestCaseMainPhase(TestSuiteExecutor.java:202)
	at com.kms.katalon.core.main.TestSuiteExecutor.accessTestSuiteMainPhase(TestSuiteExecutor.java:164)
	at com.kms.katalon.core.main.TestSuiteExecutor.execute(TestSuiteExecutor.java:105)
	at com.kms.katalon.core.main.TestCaseMain.startTestSuite(TestCaseMain.java:181)
	at com.kms.katalon.core.main.TestCaseMain$startTestSuite$0.call(Unknown Source)
	at TempTestSuite1642341898122.run(TempTestSuite1642341898122.groovy:36)
Caused by: com.kms.katalon.core.webui.exception.WebElementNotFoundException: Web element with id: 'Object Repository/Page_Mood Calendar Detailed month view Janu_18fc56/button_Delete event' located by '//button[@id='yui_3_17_2_1_1642337585482_2083']' not found
	at com.kms.katalon.core.webui.common.WebUiCommonHelper.findWebElement(WebUiCommonHelper.java:1368)
	at com.kms.katalon.core.webui.keyword.internal.WebUIAbstractKeyword.findWebElement(WebUIAbstractKeyword.groovy:27)
	at com.kms.katalon.core.webui.keyword.builtin.ClickKeyword$_click_closure1.doCall(ClickKeyword.groovy:65)
	at com.kms.katalon.core.webui.keyword.builtin.ClickKeyword$_click_closure1.call(ClickKeyword.groovy)
	at com.kms.katalon.core.webui.keyword.internal.WebUIKeywordMain.runKeyword(WebUIKeywordMain.groovy:20)
	... 19 more]]></system-out>
      <system-err><![CDATA[2022-01-16 21:05:14 - [TEST_SUITE][FAILED] - Run all test cases: Test Cases/test case 22 FAILED.
Reason:
com.kms.katalon.core.exception.StepFailedException: Unable to click on object 'Object Repository/Page_Mood Calendar Detailed month view Janu_18fc56/button_Delete event'
	at com.kms.katalon.core.webui.keyword.internal.WebUIKeywordMain.stepFailed(WebUIKeywordMain.groovy:64)
	at com.kms.katalon.core.webui.keyword.internal.WebUIKeywordMain.runKeyword(WebUIKeywordMain.groovy:26)
	at com.kms.katalon.core.webui.keyword.builtin.ClickKeyword.click(ClickKeyword.groovy:74)
	at com.kms.katalon.core.webui.keyword.builtin.ClickKeyword.execute(ClickKeyword.groovy:40)
	at com.kms.katalon.core.keyword.internal.KeywordExecutor.executeKeywordForPlatform(KeywordExecutor.groovy:74)
	at com.kms.katalon.core.webui.keyword.WebUiBuiltInKeywords.click(WebUiBuiltInKeywords.groovy:620)
	at com.kms.katalon.core.webui.keyword.WebUiBuiltInKeywords$click$1.call(Unknown Source)
	at test case 22.run(test case 22:56)
	at com.kms.katalon.core.main.ScriptEngine.run(ScriptEngine.java:194)
	at com.kms.katalon.core.main.ScriptEngine.runScriptAsRawText(ScriptEngine.java:119)
	at com.kms.katalon.core.main.TestCaseExecutor.runScript(TestCaseExecutor.java:442)
	at com.kms.katalon.core.main.TestCaseExecutor.doExecute(TestCaseExecutor.java:433)
	at com.kms.katalon.core.main.TestCaseExecutor.processExecutionPhase(TestCaseExecutor.java:412)
	at com.kms.katalon.core.main.TestCaseExecutor.accessMainPhase(TestCaseExecutor.java:404)
	at com.kms.katalon.core.main.TestCaseExecutor.execute(TestCaseExecutor.java:281)
	at com.kms.katalon.core.main.TestSuiteExecutor.accessTestCaseMainPhase(TestSuiteExecutor.java:202)
	at com.kms.katalon.core.main.TestSuiteExecutor.accessTestSuiteMainPhase(TestSuiteExecutor.java:164)
	at com.kms.katalon.core.main.TestSuiteExecutor.execute(TestSuiteExecutor.java:105)
	at com.kms.katalon.core.main.TestCaseMain.startTestSuite(TestCaseMain.java:181)
	at com.kms.katalon.core.main.TestCaseMain$startTestSuite$0.call(Unknown Source)
	at TempTestSuite1642341898122.run(TempTestSuite1642341898122.groovy:36)
Caused by: com.kms.katalon.core.webui.exception.WebElementNotFoundException: Web element with id: 'Object Repository/Page_Mood Calendar Detailed month view Janu_18fc56/button_Delete event' located by '//button[@id='yui_3_17_2_1_1642337585482_2083']' not found
	at com.kms.katalon.core.webui.common.WebUiCommonHelper.findWebElement(WebUiCommonHelper.java:1368)
	at com.kms.katalon.core.webui.keyword.internal.WebUIAbstractKeyword.findWebElement(WebUIAbstractKeyword.groovy:27)
	at com.kms.katalon.core.webui.keyword.builtin.ClickKeyword$_click_closure1.doCall(ClickKeyword.groovy:65)
	at com.kms.katalon.core.webui.keyword.builtin.ClickKeyword$_click_closure1.call(ClickKeyword.groovy)
	at com.kms.katalon.core.webui.keyword.internal.WebUIKeywordMain.runKeyword(WebUIKeywordMain.groovy:20)
	... 19 more]]></system-err>
   </testsuite>
</testsuites>
