<?xml version="1.0" encoding="UTF-8"?>
<testsuites name="Run all test cases" time="2991.144" tests="40" failures="14" errors="0">
   <testsuite name="Run all test cases" tests="40" failures="14" errors="0" time="2991.144" skipped="0" timestamp="2022-01-15 21:53:09" hostname="LENOVO - host.docker.internal" id="Test Suites/Run all test cases">
      <properties>
[...]
</properties>
      <testcase name="Test Cases/test case 01" time="9.424" classname="Test Cases/test case 01" status="PASSED">
         <system-out><![CDATA[2022-01-15 21:53:09 - [TEST_CASE][PASSED] - Test Cases/test case 01: Test Cases/test case 01

2022-01-15 21:53:10 - [TEST_STEP][PASSED] - openBrowser(""): Browser is opened with url: ''

2022-01-15 21:53:10 - [MESSAGE][INFO] - Starting 'Chrome' driver

2022-01-15 21:53:10 - [MESSAGE][INFO] - Action delay is set to 0 milliseconds

2022-01-15 21:53:13 - [MESSAGE][PASSED] - Browser is opened with url: ''

2022-01-15 21:53:13 - [TEST_STEP][PASSED] - navigateToUrl("http://localhost/"): Navigate to 'http://localhost/' successfully

2022-01-15 21:53:14 - [MESSAGE][PASSED] - Navigate to 'http://localhost/' successfully

2022-01-15 21:53:14 - [TEST_STEP][PASSED] - click(findTestObject("Object Repository/Page_Moodle/a_Log in")): Object: 'Object Repository/Page_Moodle/a_Log in' is clicked on

2022-01-15 21:53:15 - [MESSAGE][PASSED] - Object: 'Object Repository/Page_Moodle/a_Log in' is clicked on

2022-01-15 21:53:15 - [TEST_STEP][PASSED] - setText(findTestObject("Object Repository/Page_Moodle Log in to the site/input_Username_username"), "admin"): Text 'admin' is set on object 'Object Repository/Page_Moodle Log in to the site/input_Username_username'

2022-01-15 21:53:16 - [MESSAGE][PASSED] - Text 'admin' is set on object 'Object Repository/Page_Moodle Log in to the site/input_Username_username'

2022-01-15 21:53:16 - [TEST_STEP][PASSED] - setEncryptedText(findTestObject("Object Repository/Page_Moodle Log in to the site/input_Password_password"), "r6H/uPCyCbQX7sAf5E1f3g=="): Text ****** has been set on object 'Object Repository/Page_Moodle Log in to the site/input_Password_password'

2022-01-15 21:53:17 - [MESSAGE][PASSED] - Text ****** has been set on object 'Object Repository/Page_Moodle Log in to the site/input_Password_password'

2022-01-15 21:53:17 - [TEST_STEP][PASSED] - click(findTestObject("Object Repository/Page_Moodle Log in to the site/button_Log in")): Object: 'Object Repository/Page_Moodle Log in to the site/button_Log in' is clicked on

2022-01-15 21:53:18 - [MESSAGE][PASSED] - Object: 'Object Repository/Page_Moodle Log in to the site/button_Log in' is clicked on

2022-01-15 21:53:18 - [TEST_STEP][PASSED] - closeBrowser(): Browser is closed

2022-01-15 21:53:19 - [MESSAGE][PASSED] - Browser is closed]]></system-out>
         <system-err><![CDATA[]]></system-err>
      </testcase>
      <testcase name="Test Cases/test case 02" time="6.366" classname="Test Cases/test case 02" status="PASSED">
         <system-out><![CDATA[2022-01-15 21:53:19 - [TEST_CASE][PASSED] - Test Cases/test case 02: Test Cases/test case 02

2022-01-15 21:53:19 - [TEST_STEP][PASSED] - openBrowser(""): Browser is opened with url: ''

2022-01-15 21:53:19 - [MESSAGE][INFO] - Starting 'Chrome' driver

2022-01-15 21:53:19 - [MESSAGE][INFO] - Action delay is set to 0 milliseconds

2022-01-15 21:53:20 - [MESSAGE][PASSED] - Browser is opened with url: ''

2022-01-15 21:53:20 - [TEST_STEP][PASSED] - navigateToUrl("http://localhost/"): Navigate to 'http://localhost/' successfully

2022-01-15 21:53:22 - [MESSAGE][PASSED] - Navigate to 'http://localhost/' successfully

2022-01-15 21:53:22 - [TEST_STEP][PASSED] - click(findTestObject("Object Repository/Page_Moodle/a_Log in")): Object: 'Object Repository/Page_Moodle/a_Log in' is clicked on

2022-01-15 21:53:23 - [MESSAGE][PASSED] - Object: 'Object Repository/Page_Moodle/a_Log in' is clicked on

2022-01-15 21:53:23 - [TEST_STEP][PASSED] - setText(findTestObject("Object Repository/Page_Moodle Log in to the site/input_Username_username"), "qmkhoi19"): Text 'qmkhoi19' is set on object 'Object Repository/Page_Moodle Log in to the site/input_Username_username'

2022-01-15 21:53:23 - [MESSAGE][PASSED] - Text 'qmkhoi19' is set on object 'Object Repository/Page_Moodle Log in to the site/input_Username_username'

2022-01-15 21:53:23 - [TEST_STEP][PASSED] - setEncryptedText(findTestObject("Object Repository/Page_Moodle Log in to the site/input_Password_password"), "eiP2h/EMT1hJlGmKEGA7sg=="): Text ****** has been set on object 'Object Repository/Page_Moodle Log in to the site/input_Password_password'

2022-01-15 21:53:24 - [MESSAGE][PASSED] - Text ****** has been set on object 'Object Repository/Page_Moodle Log in to the site/input_Password_password'

2022-01-15 21:53:24 - [TEST_STEP][PASSED] - click(findTestObject("Object Repository/Page_Moodle Log in to the site/button_Log in")): Object: 'Object Repository/Page_Moodle Log in to the site/button_Log in' is clicked on

2022-01-15 21:53:24 - [MESSAGE][PASSED] - Object: 'Object Repository/Page_Moodle Log in to the site/button_Log in' is clicked on

2022-01-15 21:53:24 - [TEST_STEP][PASSED] - closeBrowser(): Browser is closed

2022-01-15 21:53:25 - [MESSAGE][PASSED] - Browser is closed]]></system-out>
         <system-err><![CDATA[]]></system-err>
      </testcase>
      <testcase name="Test Cases/test case 03" time="6.211" classname="Test Cases/test case 03" status="PASSED">
         <system-out><![CDATA[2022-01-15 21:53:25 - [TEST_CASE][PASSED] - Test Cases/test case 03: Test Cases/test case 03

2022-01-15 21:53:25 - [TEST_STEP][PASSED] - openBrowser(""): Browser is opened with url: ''

2022-01-15 21:53:25 - [MESSAGE][INFO] - Starting 'Chrome' driver

2022-01-15 21:53:25 - [MESSAGE][INFO] - Action delay is set to 0 milliseconds

2022-01-15 21:53:27 - [MESSAGE][PASSED] - Browser is opened with url: ''

2022-01-15 21:53:27 - [TEST_STEP][PASSED] - navigateToUrl("http://localhost/"): Navigate to 'http://localhost/' successfully

2022-01-15 21:53:28 - [MESSAGE][PASSED] - Navigate to 'http://localhost/' successfully

2022-01-15 21:53:28 - [TEST_STEP][PASSED] - click(findTestObject("Object Repository/Page_Moodle/a_Log in")): Object: 'Object Repository/Page_Moodle/a_Log in' is clicked on

2022-01-15 21:53:29 - [MESSAGE][PASSED] - Object: 'Object Repository/Page_Moodle/a_Log in' is clicked on

2022-01-15 21:53:29 - [TEST_STEP][PASSED] - setText(findTestObject("Object Repository/Page_Moodle Log in to the site/input_Username_username"), "tmtriet"): Text 'tmtriet' is set on object 'Object Repository/Page_Moodle Log in to the site/input_Username_username'

2022-01-15 21:53:29 - [MESSAGE][PASSED] - Text 'tmtriet' is set on object 'Object Repository/Page_Moodle Log in to the site/input_Username_username'

2022-01-15 21:53:29 - [TEST_STEP][PASSED] - setEncryptedText(findTestObject("Object Repository/Page_Moodle Log in to the site/input_Password_password"), "7zaGmpS+cDNyF13apsNnmA=="): Text ****** has been set on object 'Object Repository/Page_Moodle Log in to the site/input_Password_password'

2022-01-15 21:53:30 - [MESSAGE][PASSED] - Text ****** has been set on object 'Object Repository/Page_Moodle Log in to the site/input_Password_password'

2022-01-15 21:53:30 - [TEST_STEP][PASSED] - click(findTestObject("Object Repository/Page_Moodle Log in to the site/button_Log in")): Object: 'Object Repository/Page_Moodle Log in to the site/button_Log in' is clicked on

2022-01-15 21:53:30 - [MESSAGE][PASSED] - Object: 'Object Repository/Page_Moodle Log in to the site/button_Log in' is clicked on

2022-01-15 21:53:30 - [TEST_STEP][PASSED] - closeBrowser(): Browser is closed

2022-01-15 21:53:31 - [MESSAGE][PASSED] - Browser is closed]]></system-out>
         <system-err><![CDATA[]]></system-err>
      </testcase>
      <testcase name="Test Cases/test case 04" time="5.422" classname="Test Cases/test case 04" status="PASSED">
         <system-out><![CDATA[2022-01-15 21:53:31 - [TEST_CASE][PASSED] - Test Cases/test case 04: Test Cases/test case 04

2022-01-15 21:53:31 - [TEST_STEP][PASSED] - openBrowser(""): Browser is opened with url: ''

2022-01-15 21:53:31 - [MESSAGE][INFO] - Starting 'Chrome' driver

2022-01-15 21:53:31 - [MESSAGE][INFO] - Action delay is set to 0 milliseconds

2022-01-15 21:53:33 - [MESSAGE][PASSED] - Browser is opened with url: ''

2022-01-15 21:53:33 - [TEST_STEP][PASSED] - navigateToUrl("http://localhost/"): Navigate to 'http://localhost/' successfully

2022-01-15 21:53:34 - [MESSAGE][PASSED] - Navigate to 'http://localhost/' successfully

2022-01-15 21:53:34 - [TEST_STEP][PASSED] - click(findTestObject("Object Repository/Page_Moodle/a_Log in")): Object: 'Object Repository/Page_Moodle/a_Log in' is clicked on

2022-01-15 21:53:35 - [MESSAGE][PASSED] - Object: 'Object Repository/Page_Moodle/a_Log in' is clicked on

2022-01-15 21:53:35 - [TEST_STEP][PASSED] - click(findTestObject("Object Repository/Page_Moodle Log in to the site/button_Log in")): Object: 'Object Repository/Page_Moodle Log in to the site/button_Log in' is clicked on

2022-01-15 21:53:36 - [MESSAGE][PASSED] - Object: 'Object Repository/Page_Moodle Log in to the site/button_Log in' is clicked on

2022-01-15 21:53:36 - [TEST_STEP][PASSED] - closeBrowser(): Browser is closed

2022-01-15 21:53:37 - [MESSAGE][PASSED] - Browser is closed]]></system-out>
         <system-err><![CDATA[]]></system-err>
      </testcase>
      <testcase name="Test Cases/test case 05" time="5.657" classname="Test Cases/test case 05" status="PASSED">
         <system-out><![CDATA[2022-01-15 21:53:37 - [TEST_CASE][PASSED] - Test Cases/test case 05: Test Cases/test case 05

2022-01-15 21:53:37 - [TEST_STEP][PASSED] - openBrowser(""): Browser is opened with url: ''

2022-01-15 21:53:37 - [MESSAGE][INFO] - Starting 'Chrome' driver

2022-01-15 21:53:37 - [MESSAGE][INFO] - Action delay is set to 0 milliseconds

2022-01-15 21:53:38 - [MESSAGE][PASSED] - Browser is opened with url: ''

2022-01-15 21:53:38 - [TEST_STEP][PASSED] - navigateToUrl("http://localhost/"): Navigate to 'http://localhost/' successfully

2022-01-15 21:53:40 - [MESSAGE][PASSED] - Navigate to 'http://localhost/' successfully

2022-01-15 21:53:40 - [TEST_STEP][PASSED] - click(findTestObject("Object Repository/Page_Moodle/a_Log in")): Object: 'Object Repository/Page_Moodle/a_Log in' is clicked on

2022-01-15 21:53:41 - [MESSAGE][PASSED] - Object: 'Object Repository/Page_Moodle/a_Log in' is clicked on

2022-01-15 21:53:41 - [TEST_STEP][PASSED] - click(findTestObject("Object Repository/Page_Moodle Log in to the site/button_Log in as a guest")): Object: 'Object Repository/Page_Moodle Log in to the site/button_Log in as a guest' is clicked on

2022-01-15 21:53:42 - [MESSAGE][PASSED] - Object: 'Object Repository/Page_Moodle Log in to the site/button_Log in as a guest' is clicked on

2022-01-15 21:53:42 - [TEST_STEP][PASSED] - closeBrowser(): Browser is closed

2022-01-15 21:53:42 - [MESSAGE][PASSED] - Browser is closed]]></system-out>
         <system-err><![CDATA[]]></system-err>
      </testcase>
      <testcase name="Test Cases/test case 06" time="356.904" classname="Test Cases/test case 06" status="PASSED">
         <system-out><![CDATA[2022-01-15 21:53:42 - [TEST_CASE][PASSED] - Test Cases/test case 06: Test Cases/test case 06

2022-01-15 21:53:43 - [TEST_STEP][PASSED] - openBrowser(""): Browser is opened with url: ''

2022-01-15 21:53:43 - [MESSAGE][INFO] - Starting 'Chrome' driver

2022-01-15 21:53:43 - [MESSAGE][INFO] - Action delay is set to 0 milliseconds

2022-01-15 21:53:44 - [MESSAGE][PASSED] - Browser is opened with url: ''

2022-01-15 21:53:44 - [TEST_STEP][PASSED] - navigateToUrl("http://localhost/"): Navigate to 'http://localhost/' successfully

2022-01-15 21:53:46 - [MESSAGE][PASSED] - Navigate to 'http://localhost/' successfully

2022-01-15 21:53:46 - [TEST_STEP][PASSED] - click(findTestObject("Object Repository/Page_Moodle/a_Log in")): Object: 'Object Repository/Page_Moodle/a_Log in' is clicked on

2022-01-15 21:53:46 - [MESSAGE][PASSED] - Object: 'Object Repository/Page_Moodle/a_Log in' is clicked on

2022-01-15 21:53:46 - [TEST_STEP][PASSED] - setText(findTestObject("Object Repository/Page_Moodle Log in to the site/input_Username_username"), "admin"): Text 'admin' is set on object 'Object Repository/Page_Moodle Log in to the site/input_Username_username'

2022-01-15 21:53:47 - [MESSAGE][PASSED] - Text 'admin' is set on object 'Object Repository/Page_Moodle Log in to the site/input_Username_username'

2022-01-15 21:53:47 - [TEST_STEP][PASSED] - setEncryptedText(findTestObject("Object Repository/Page_Moodle Log in to the site/input_Password_password"), "r6H/uPCyCbQX7sAf5E1f3g=="): Text ****** has been set on object 'Object Repository/Page_Moodle Log in to the site/input_Password_password'

2022-01-15 21:53:48 - [MESSAGE][PASSED] - Text ****** has been set on object 'Object Repository/Page_Moodle Log in to the site/input_Password_password'

2022-01-15 21:53:48 - [TEST_STEP][PASSED] - click(findTestObject("Object Repository/Page_Moodle Log in to the site/button_Log in")): Object: 'Object Repository/Page_Moodle Log in to the site/button_Log in' is clicked on

2022-01-15 21:53:49 - [MESSAGE][PASSED] - Object: 'Object Repository/Page_Moodle Log in to the site/button_Log in' is clicked on

2022-01-15 21:53:49 - [TEST_STEP][PASSED] - click(findTestObject("Object Repository/Page_Dashboard/span_Site administration")): Object: 'Object Repository/Page_Dashboard/span_Site administration' is clicked on

2022-01-15 21:53:52 - [MESSAGE][PASSED] - Object: 'Object Repository/Page_Dashboard/span_Site administration' is clicked on

2022-01-15 21:53:52 - [TEST_STEP][PASSED] - click(findTestObject("Object Repository/Page_Mood Administration Search/a_Users")): Object: 'Object Repository/Page_Mood Administration Search/a_Users' is clicked on

2022-01-15 21:53:53 - [MESSAGE][PASSED] - Object: 'Object Repository/Page_Mood Administration Search/a_Users' is clicked on

2022-01-15 21:53:53 - [TEST_STEP][PASSED] - click(findTestObject("Object Repository/Page_Mood Administration Search/a_Add a new user")): Object: 'Object Repository/Page_Mood Administration Search/a_Add a new user' is clicked on

2022-01-15 21:53:54 - [MESSAGE][PASSED] - Object: 'Object Repository/Page_Mood Administration Search/a_Add a new user' is clicked on

2022-01-15 21:53:54 - [TEST_STEP][PASSED] - waitForElementVisible(findTestObject("Object Repository/Page_Mood Administration Users Accounts Add_0e8dec/label_Username"), 0): Object 'Object Repository/Page_Mood Administration Users Accounts Add_0e8dec/label_Username' is visible

2022-01-15 21:53:54 - [MESSAGE][WARNING] - Timeout '0' is invalid. Using default page load timeout: '30'

2022-01-15 21:53:55 - [MESSAGE][PASSED] - Object 'Object Repository/Page_Mood Administration Users Accounts Add_0e8dec/label_Username' is visible

2022-01-15 21:53:55 - [TEST_STEP][PASSED] - setText(findTestObject("Object Repository/Page_Mood Administration Users Accounts Add_0e8dec/input_Username_username"), "dddinh"): Text 'dddinh' is set on object 'Object Repository/Page_Mood Administration Users Accounts Add_0e8dec/input_Username_username'

2022-01-15 21:53:56 - [MESSAGE][PASSED] - Text 'dddinh' is set on object 'Object Repository/Page_Mood Administration Users Accounts Add_0e8dec/input_Username_username'

2022-01-15 21:53:56 - [TEST_STEP][PASSED] - waitForElementVisible(findTestObject("Object Repository/Page_Mood Administration Users Accounts Add_0e8dec/label_New password"), 0): Object 'Object Repository/Page_Mood Administration Users Accounts Add_0e8dec/label_New password' is visible

2022-01-15 21:53:56 - [MESSAGE][WARNING] - Timeout '0' is invalid. Using default page load timeout: '30'

2022-01-15 21:53:56 - [MESSAGE][PASSED] - Object 'Object Repository/Page_Mood Administration Users Accounts Add_0e8dec/label_New password' is visible

2022-01-15 21:53:56 - [TEST_STEP][PASSED] - click(findTestObject("Object Repository/Page_Mood Administration Users Accounts Add_0e8dec/em_Click to enter text")): Object: 'Object Repository/Page_Mood Administration Users Accounts Add_0e8dec/em_Click to enter text' is clicked on

2022-01-15 21:54:27 - [MESSAGE][INFO] - Unable to find the element located by 'By.xpath: //a[@id='yui_3_17_2_1_1642242441890_767']/span/span/em'. Please recheck the objects properties to make sure the desired element is located. 

2022-01-15 21:54:27 - [MESSAGE][WARNING] - [SELF-HEALING] Failed to find element with id 'Object Repository/Page_Mood Administration Users Accounts Add_0e8dec/em_Click to enter text'. Try using Self-healing.

2022-01-15 21:54:28 - [MESSAGE][WARNING] - [SELF-HEALING] The current locator of test object 'Object Repository/Page_Mood Administration Users Accounts Add_0e8dec/em_Click to enter text' was broken. Propose an alternative one: '(.//*[normalize-space(text()) and normalize-space(.)='New password'])[1]/following::em[1]'.

2022-01-15 21:54:28 - [MESSAGE][PASSED] - Object: 'Object Repository/Page_Mood Administration Users Accounts Add_0e8dec/em_Click to enter text' is clicked on

2022-01-15 21:54:28 - [TEST_STEP][PASSED] - setEncryptedText(findTestObject("Object Repository/Page_Mood Administration Users Accounts Add_0e8dec/input_New password_newpassword"), "o9w1gihRZMDFxbRmKPFkOQ=="): Text ****** has been set on object 'Object Repository/Page_Mood Administration Users Accounts Add_0e8dec/input_New password_newpassword'

2022-01-15 21:54:28 - [MESSAGE][PASSED] - Text ****** has been set on object 'Object Repository/Page_Mood Administration Users Accounts Add_0e8dec/input_New password_newpassword'

2022-01-15 21:54:28 - [TEST_STEP][PASSED] - setText(findTestObject("Object Repository/Page_Mood Administration Users Accounts Add_0e8dec/input_First name_firstname"), "Dinh Dang"): Text 'Dinh Dang' is set on object 'Object Repository/Page_Mood Administration Users Accounts Add_0e8dec/input_First name_firstname'

2022-01-15 21:54:29 - [MESSAGE][PASSED] - Text 'Dinh Dang' is set on object 'Object Repository/Page_Mood Administration Users Accounts Add_0e8dec/input_First name_firstname'

2022-01-15 21:54:29 - [TEST_STEP][PASSED] - setText(findTestObject("Object Repository/Page_Mood Administration Users Accounts Add_0e8dec/input_Surname_lastname"), "Dinh"): Text 'Dinh' is set on object 'Object Repository/Page_Mood Administration Users Accounts Add_0e8dec/input_Surname_lastname'

2022-01-15 21:54:30 - [MESSAGE][PASSED] - Text 'Dinh' is set on object 'Object Repository/Page_Mood Administration Users Accounts Add_0e8dec/input_Surname_lastname'

2022-01-15 21:54:30 - [TEST_STEP][PASSED] - setText(findTestObject("Object Repository/Page_Mood Administration Users Accounts Add_0e8dec/input_Email address_email"), "dddinh19@gmail.com"): Text 'dddinh19@gmail.com' is set on object 'Object Repository/Page_Mood Administration Users Accounts Add_0e8dec/input_Email address_email'

2022-01-15 21:54:31 - [MESSAGE][PASSED] - Text 'dddinh19@gmail.com' is set on object 'Object Repository/Page_Mood Administration Users Accounts Add_0e8dec/input_Email address_email'

2022-01-15 21:54:31 - [TEST_STEP][PASSED] - waitForElementVisible(findTestObject("Object Repository/Page_Mood Administration Users Accounts Add_0e8dec/input_Address_submitbutton"), 0): Object 'Object Repository/Page_Mood Administration Users Accounts Add_0e8dec/input_Address_submitbutton' is visible

2022-01-15 21:54:31 - [MESSAGE][WARNING] - Timeout '0' is invalid. Using default page load timeout: '30'

2022-01-15 21:54:31 - [MESSAGE][PASSED] - Object 'Object Repository/Page_Mood Administration Users Accounts Add_0e8dec/input_Address_submitbutton' is visible

2022-01-15 21:54:31 - [TEST_STEP][PASSED] - click(findTestObject("Object Repository/Page_Mood Administration Users Accounts Add_0e8dec/input_Address_submitbutton")): Object: 'Object Repository/Page_Mood Administration Users Accounts Add_0e8dec/input_Address_submitbutton' is clicked on

2022-01-15 21:54:33 - [MESSAGE][PASSED] - Object: 'Object Repository/Page_Mood Administration Users Accounts Add_0e8dec/input_Address_submitbutton' is clicked on

2022-01-15 21:54:33 - [TEST_STEP][PASSED] - waitForElementVisible(findTestObject("Object Repository/Page_Mood Administration Users Accounts Bro_af2de9/td_dddinh19gmail.com"), 0): Object 'Object Repository/Page_Mood Administration Users Accounts Bro_af2de9/td_dddinh19gmail.com' is visible

2022-01-15 21:54:33 - [MESSAGE][WARNING] - Timeout '0' is invalid. Using default page load timeout: '30'

2022-01-15 21:54:33 - [MESSAGE][PASSED] - Object 'Object Repository/Page_Mood Administration Users Accounts Bro_af2de9/td_dddinh19gmail.com' is visible

2022-01-15 21:54:33 - [TEST_STEP][PASSED] - click(findTestObject("Object Repository/Page_Mood Administration Users Accounts Bro_af2de9/a_Dinh Dang Dinh")): Object: 'Object Repository/Page_Mood Administration Users Accounts Bro_af2de9/a_Dinh Dang Dinh' is clicked on

2022-01-15 21:55:05 - [MESSAGE][INFO] - Unable to find the element located by 'By.xpath: //a[@id='yui_3_17_2_1_1642174179288_555']'. Please recheck the objects properties to make sure the desired element is located. 

2022-01-15 21:55:05 - [MESSAGE][WARNING] - [SELF-HEALING] Failed to find element with id 'Object Repository/Page_Mood Administration Users Accounts Bro_af2de9/a_Dinh Dang Dinh'. Try using Self-healing.

2022-01-15 21:55:05 - [MESSAGE][WARNING] - [SELF-HEALING] The current locator of test object 'Object Repository/Page_Mood Administration Users Accounts Bro_af2de9/a_Dinh Dang Dinh' was broken. Propose an alternative one: '//a[contains(text(),'Dinh Dang Dinh')]'.

2022-01-15 21:55:05 - [MESSAGE][PASSED] - Object: 'Object Repository/Page_Mood Administration Users Accounts Bro_af2de9/a_Dinh Dang Dinh' is clicked on

2022-01-15 21:55:05 - [TEST_STEP][PASSED] - click(findTestObject("Object Repository/Page_Dinh Dang Dinh Public profile/a_Users")): Object: 'Object Repository/Page_Dinh Dang Dinh Public profile/a_Users' is clicked on

2022-01-15 21:55:07 - [MESSAGE][PASSED] - Object: 'Object Repository/Page_Dinh Dang Dinh Public profile/a_Users' is clicked on

2022-01-15 21:55:07 - [TEST_STEP][PASSED] - waitForElementVisible(findTestObject("Object Repository/Page_Mood Participants/td_No groups"), 0): Object 'Object Repository/Page_Mood Participants/td_No groups' is visible

2022-01-15 21:55:07 - [MESSAGE][WARNING] - Timeout '0' is invalid. Using default page load timeout: '30'

2022-01-15 21:55:07 - [MESSAGE][PASSED] - Object 'Object Repository/Page_Mood Participants/td_No groups' is visible

2022-01-15 21:55:07 - [TEST_STEP][PASSED] - click(findTestObject("Object Repository/Page_Mood Participants/a_No roles")): Object: 'Object Repository/Page_Mood Participants/a_No roles' is clicked on

2022-01-15 21:55:07 - [MESSAGE][PASSED] - Object: 'Object Repository/Page_Mood Participants/a_No roles' is clicked on

2022-01-15 21:55:08 - [TEST_STEP][PASSED] - click(findTestObject("Object Repository/Page_Mood Participants/span_")): Object: 'Object Repository/Page_Mood Participants/span_' is clicked on

2022-01-15 21:55:39 - [MESSAGE][INFO] - Unable to find the element located by 'By.xpath: //span[@id='form_autocomplete_downarrow-1642174222631']'. Please recheck the objects properties to make sure the desired element is located. 

2022-01-15 21:55:39 - [MESSAGE][WARNING] - [SELF-HEALING] Failed to find element with id 'Object Repository/Page_Mood Participants/span_'. Try using Self-healing.

2022-01-15 21:55:39 - [MESSAGE][WARNING] - [SELF-HEALING] The current locator of test object 'Object Repository/Page_Mood Participants/span_' was broken. Propose an alternative one: '(.//*[normalize-space(text()) and normalize-space(.)='Selected items:'])[1]/following::span[2]'.

2022-01-15 21:55:39 - [MESSAGE][PASSED] - Object: 'Object Repository/Page_Mood Participants/span_' is clicked on

2022-01-15 21:55:39 - [TEST_STEP][PASSED] - click(findTestObject("Object Repository/Page_Mood Participants/li_Student")): Object: 'Object Repository/Page_Mood Participants/li_Student' is clicked on

2022-01-15 21:55:40 - [MESSAGE][PASSED] - Object: 'Object Repository/Page_Mood Participants/li_Student' is clicked on

2022-01-15 21:55:40 - [TEST_STEP][PASSED] - selectOptionByValue(findTestObject("Object Repository/Page_Mood Participants/select_ManagerTeacherNon-editing teacherStudent"), "5", true): All options with value '5' are selected in object 'Object Repository/Page_Mood Participants/select_ManagerTeacherNon-editing teacherStudent'  using regular expression

2022-01-15 21:56:11 - [MESSAGE][INFO] - Unable to find the element located by 'By.xpath: //select[@id='id_inplacevalue_74133699509967380152']'. Please recheck the objects properties to make sure the desired element is located. 

2022-01-15 21:56:11 - [MESSAGE][WARNING] - [SELF-HEALING] Failed to find element with id 'Object Repository/Page_Mood Participants/select_ManagerTeacherNon-editing teacherStudent'. Try using Self-healing.

2022-01-15 21:56:11 - [MESSAGE][WARNING] - [SELF-HEALING] The current locator of test object 'Object Repository/Page_Mood Participants/select_ManagerTeacherNon-editing teacherStudent' was broken. Propose an alternative one: '(.//*[normalize-space(text()) and normalize-space(.)=concat('Dinh Dang Dinh', "'", 's role assignments')])[1]/following::select[1]'.

2022-01-15 21:56:12 - [MESSAGE][PASSED] - All options with value '5' are selected in object 'Object Repository/Page_Mood Participants/select_ManagerTeacherNon-editing teacherStudent'  using regular expression

2022-01-15 21:56:12 - [TEST_STEP][PASSED] - selectOptionByValue(findTestObject("Object Repository/Page_Mood Participants/select_ManagerTeacherNon-editing teacherStudent"), "5", true): All options with value '5' are selected in object 'Object Repository/Page_Mood Participants/select_ManagerTeacherNon-editing teacherStudent'  using regular expression

2022-01-15 21:56:43 - [MESSAGE][INFO] - Unable to find the element located by 'By.xpath: //select[@id='id_inplacevalue_74133699509967380152']'. Please recheck the objects properties to make sure the desired element is located. 

2022-01-15 21:56:43 - [MESSAGE][WARNING] - [SELF-HEALING] Failed to find element with id 'Object Repository/Page_Mood Participants/select_ManagerTeacherNon-editing teacherStudent'. Try using Self-healing.

2022-01-15 21:56:43 - [MESSAGE][WARNING] - [SELF-HEALING] The current locator of test object 'Object Repository/Page_Mood Participants/select_ManagerTeacherNon-editing teacherStudent' was broken. Propose an alternative one: '(.//*[normalize-space(text()) and normalize-space(.)=concat('Dinh Dang Dinh', "'", 's role assignments')])[1]/following::select[1]'.

2022-01-15 21:56:44 - [MESSAGE][PASSED] - All options with value '5' are selected in object 'Object Repository/Page_Mood Participants/select_ManagerTeacherNon-editing teacherStudent'  using regular expression

2022-01-15 21:56:44 - [TEST_STEP][PASSED] - selectOptionByValue(findTestObject("Object Repository/Page_Mood Participants/select_ManagerTeacherNon-editing teacherStudent"), "5", true): All options with value '5' are selected in object 'Object Repository/Page_Mood Participants/select_ManagerTeacherNon-editing teacherStudent'  using regular expression

2022-01-15 21:57:15 - [MESSAGE][INFO] - Unable to find the element located by 'By.xpath: //select[@id='id_inplacevalue_74133699509967380152']'. Please recheck the objects properties to make sure the desired element is located. 

2022-01-15 21:57:15 - [MESSAGE][WARNING] - [SELF-HEALING] Failed to find element with id 'Object Repository/Page_Mood Participants/select_ManagerTeacherNon-editing teacherStudent'. Try using Self-healing.

2022-01-15 21:57:15 - [MESSAGE][WARNING] - [SELF-HEALING] The current locator of test object 'Object Repository/Page_Mood Participants/select_ManagerTeacherNon-editing teacherStudent' was broken. Propose an alternative one: '(.//*[normalize-space(text()) and normalize-space(.)=concat('Dinh Dang Dinh', "'", 's role assignments')])[1]/following::select[1]'.

2022-01-15 21:57:16 - [MESSAGE][PASSED] - All options with value '5' are selected in object 'Object Repository/Page_Mood Participants/select_ManagerTeacherNon-editing teacherStudent'  using regular expression

2022-01-15 21:57:16 - [TEST_STEP][PASSED] - selectOptionByValue(findTestObject("Object Repository/Page_Mood Participants/select_ManagerTeacherNon-editing teacherStudent"), "5", true): All options with value '5' are selected in object 'Object Repository/Page_Mood Participants/select_ManagerTeacherNon-editing teacherStudent'  using regular expression

2022-01-15 21:57:47 - [MESSAGE][INFO] - Unable to find the element located by 'By.xpath: //select[@id='id_inplacevalue_74133699509967380152']'. Please recheck the objects properties to make sure the desired element is located. 

2022-01-15 21:57:47 - [MESSAGE][WARNING] - [SELF-HEALING] Failed to find element with id 'Object Repository/Page_Mood Participants/select_ManagerTeacherNon-editing teacherStudent'. Try using Self-healing.

2022-01-15 21:57:47 - [MESSAGE][WARNING] - [SELF-HEALING] The current locator of test object 'Object Repository/Page_Mood Participants/select_ManagerTeacherNon-editing teacherStudent' was broken. Propose an alternative one: '(.//*[normalize-space(text()) and normalize-space(.)=concat('Dinh Dang Dinh', "'", 's role assignments')])[1]/following::select[1]'.

2022-01-15 21:57:48 - [MESSAGE][PASSED] - All options with value '5' are selected in object 'Object Repository/Page_Mood Participants/select_ManagerTeacherNon-editing teacherStudent'  using regular expression

2022-01-15 21:57:48 - [TEST_STEP][PASSED] - click(findTestObject("Object Repository/Page_Mood Participants/i_concat(Dinh Dang Dinh, , s role assignmen_ff9324")): Object: 'Object Repository/Page_Mood Participants/i_concat(Dinh Dang Dinh, , s role assignmen_ff9324' is clicked on

2022-01-15 21:58:19 - [MESSAGE][INFO] - Unable to find the element located by 'By.xpath: //span[@id='yui_3_17_2_1_1642174222490_21']/a/i'. Please recheck the objects properties to make sure the desired element is located. 

2022-01-15 21:58:19 - [MESSAGE][WARNING] - [SELF-HEALING] Failed to find element with id 'Object Repository/Page_Mood Participants/i_concat(Dinh Dang Dinh, , s role assignmen_ff9324'. Try using Self-healing.

2022-01-15 21:58:19 - [MESSAGE][WARNING] - [SELF-HEALING] The current locator of test object 'Object Repository/Page_Mood Participants/i_concat(Dinh Dang Dinh, , s role assignmen_ff9324' was broken. Propose an alternative one: '//span/a/i'.

2022-01-15 21:58:19 - [MESSAGE][PASSED] - Object: 'Object Repository/Page_Mood Participants/i_concat(Dinh Dang Dinh, , s role assignmen_ff9324' is clicked on

2022-01-15 21:58:19 - [TEST_STEP][PASSED] - click(findTestObject("Object Repository/Page_Mood Participants/a_Admin User")): Object: 'Object Repository/Page_Mood Participants/a_Admin User' is clicked on

2022-01-15 21:58:20 - [MESSAGE][PASSED] - Object: 'Object Repository/Page_Mood Participants/a_Admin User' is clicked on

2022-01-15 21:58:20 - [TEST_STEP][PASSED] - click(findTestObject("Object Repository/Page_Mood Participants/span_Log out")): Object: 'Object Repository/Page_Mood Participants/span_Log out' is clicked on

2022-01-15 21:58:21 - [MESSAGE][PASSED] - Object: 'Object Repository/Page_Mood Participants/span_Log out' is clicked on

2022-01-15 21:58:21 - [TEST_STEP][PASSED] - click(findTestObject("Object Repository/Page_Moodle/a_Log in")): Object: 'Object Repository/Page_Moodle/a_Log in' is clicked on

2022-01-15 21:58:22 - [MESSAGE][PASSED] - Object: 'Object Repository/Page_Moodle/a_Log in' is clicked on

2022-01-15 21:58:22 - [TEST_STEP][PASSED] - setText(findTestObject("Object Repository/Page_Moodle Log in to the site/input_Username_username"), "dddinh"): Text 'dddinh' is set on object 'Object Repository/Page_Moodle Log in to the site/input_Username_username'

2022-01-15 21:58:22 - [MESSAGE][PASSED] - Text 'dddinh' is set on object 'Object Repository/Page_Moodle Log in to the site/input_Username_username'

2022-01-15 21:58:22 - [TEST_STEP][PASSED] - setEncryptedText(findTestObject("Object Repository/Page_Moodle Log in to the site/input_Password_password"), "o9w1gihRZMDFxbRmKPFkOQ=="): Text ****** has been set on object 'Object Repository/Page_Moodle Log in to the site/input_Password_password'

2022-01-15 21:58:23 - [MESSAGE][PASSED] - Text ****** has been set on object 'Object Repository/Page_Moodle Log in to the site/input_Password_password'

2022-01-15 21:58:23 - [TEST_STEP][PASSED] - click(findTestObject("Object Repository/Page_Moodle Log in to the site/button_Log in")): Object: 'Object Repository/Page_Moodle Log in to the site/button_Log in' is clicked on

2022-01-15 21:58:24 - [MESSAGE][PASSED] - Object: 'Object Repository/Page_Moodle Log in to the site/button_Log in' is clicked on

2022-01-15 21:58:24 - [TEST_STEP][PASSED] - click(findTestObject("Object Repository/Page_Dashboard/a_Dinh Dang Dinh")): Object: 'Object Repository/Page_Dashboard/a_Dinh Dang Dinh' is clicked on

2022-01-15 21:58:26 - [MESSAGE][PASSED] - Object: 'Object Repository/Page_Dashboard/a_Dinh Dang Dinh' is clicked on

2022-01-15 21:58:26 - [TEST_STEP][PASSED] - click(findTestObject("Object Repository/Page_Dashboard/span_Log out")): Object: 'Object Repository/Page_Dashboard/span_Log out' is clicked on

2022-01-15 21:58:26 - [MESSAGE][PASSED] - Object: 'Object Repository/Page_Dashboard/span_Log out' is clicked on

2022-01-15 21:58:26 - [TEST_STEP][PASSED] - click(findTestObject("Object Repository/Page_Moodle/a_Log in")): Object: 'Object Repository/Page_Moodle/a_Log in' is clicked on

2022-01-15 21:58:27 - [MESSAGE][PASSED] - Object: 'Object Repository/Page_Moodle/a_Log in' is clicked on

2022-01-15 21:58:27 - [TEST_STEP][PASSED] - setText(findTestObject("Object Repository/Page_Moodle Log in to the site/input_Username_username"), "admin"): Text 'admin' is set on object 'Object Repository/Page_Moodle Log in to the site/input_Username_username'

2022-01-15 21:58:28 - [MESSAGE][PASSED] - Text 'admin' is set on object 'Object Repository/Page_Moodle Log in to the site/input_Username_username'

2022-01-15 21:58:28 - [TEST_STEP][PASSED] - setEncryptedText(findTestObject("Object Repository/Page_Moodle Log in to the site/input_Password_password"), "r6H/uPCyCbQX7sAf5E1f3g=="): Text ****** has been set on object 'Object Repository/Page_Moodle Log in to the site/input_Password_password'

2022-01-15 21:58:28 - [MESSAGE][PASSED] - Text ****** has been set on object 'Object Repository/Page_Moodle Log in to the site/input_Password_password'

2022-01-15 21:58:28 - [TEST_STEP][PASSED] - click(findTestObject("Object Repository/Page_Moodle Log in to the site/button_Log in")): Object: 'Object Repository/Page_Moodle Log in to the site/button_Log in' is clicked on

2022-01-15 21:58:29 - [MESSAGE][PASSED] - Object: 'Object Repository/Page_Moodle Log in to the site/button_Log in' is clicked on

2022-01-15 21:58:29 - [TEST_STEP][PASSED] - click(findTestObject("Object Repository/Page_Dashboard/span_Site administration")): Object: 'Object Repository/Page_Dashboard/span_Site administration' is clicked on

2022-01-15 21:58:32 - [MESSAGE][PASSED] - Object: 'Object Repository/Page_Dashboard/span_Site administration' is clicked on

2022-01-15 21:58:32 - [TEST_STEP][PASSED] - click(findTestObject("Object Repository/Page_Mood Administration Search/a_Users")): Object: 'Object Repository/Page_Mood Administration Search/a_Users' is clicked on

2022-01-15 21:58:32 - [MESSAGE][PASSED] - Object: 'Object Repository/Page_Mood Administration Search/a_Users' is clicked on

2022-01-15 21:58:32 - [TEST_STEP][PASSED] - click(findTestObject("Object Repository/Page_Mood Administration Search/a_Browse list of users")): Object: 'Object Repository/Page_Mood Administration Search/a_Browse list of users' is clicked on

2022-01-15 21:58:33 - [MESSAGE][PASSED] - Object: 'Object Repository/Page_Mood Administration Search/a_Browse list of users' is clicked on

2022-01-15 21:58:33 - [TEST_STEP][PASSED] - waitForElementVisible(findTestObject("Object Repository/Page_Mood Administration Users Accounts Bro_af2de9/td_dddinh19gmail.com"), 0): Object 'Object Repository/Page_Mood Administration Users Accounts Bro_af2de9/td_dddinh19gmail.com' is visible

2022-01-15 21:58:33 - [MESSAGE][WARNING] - Timeout '0' is invalid. Using default page load timeout: '30'

2022-01-15 21:58:34 - [MESSAGE][PASSED] - Object 'Object Repository/Page_Mood Administration Users Accounts Bro_af2de9/td_dddinh19gmail.com' is visible

2022-01-15 21:58:34 - [TEST_STEP][PASSED] - click(findTestObject("Object Repository/Page_Mood Administration Users Accounts Bro_af2de9/i_dddinh19gmail.com_icon fa fa-trash fa-fw")): Object: 'Object Repository/Page_Mood Administration Users Accounts Bro_af2de9/i_dddinh19gmail.com_icon fa fa-trash fa-fw' is clicked on

2022-01-15 21:59:05 - [MESSAGE][INFO] - Unable to find the element located by 'By.xpath: //a[@id='yui_3_17_2_1_1642174322054_556']/i'. Please recheck the objects properties to make sure the desired element is located. 

2022-01-15 21:59:05 - [MESSAGE][WARNING] - [SELF-HEALING] Failed to find element with id 'Object Repository/Page_Mood Administration Users Accounts Bro_af2de9/i_dddinh19gmail.com_icon fa fa-trash fa-fw'. Try using Self-healing.

2022-01-15 21:59:05 - [MESSAGE][WARNING] - [SELF-HEALING] The current locator of test object 'Object Repository/Page_Mood Administration Users Accounts Bro_af2de9/i_dddinh19gmail.com_icon fa fa-trash fa-fw' was broken. Propose an alternative one: '//tr[2]/td[6]/a/i'.

2022-01-15 21:59:06 - [MESSAGE][PASSED] - Object: 'Object Repository/Page_Mood Administration Users Accounts Bro_af2de9/i_dddinh19gmail.com_icon fa fa-trash fa-fw' is clicked on

2022-01-15 21:59:06 - [TEST_STEP][PASSED] - click(findTestObject("Object Repository/Page_Mood Administration Users Accounts Bro_af2de9/button_Delete")): Object: 'Object Repository/Page_Mood Administration Users Accounts Bro_af2de9/button_Delete' is clicked on

2022-01-15 21:59:37 - [MESSAGE][INFO] - Unable to find the element located by 'By.xpath: //button[@id='single_button61e1977d503fb15']'. Please recheck the objects properties to make sure the desired element is located. 

2022-01-15 21:59:37 - [MESSAGE][WARNING] - [SELF-HEALING] Failed to find element with id 'Object Repository/Page_Mood Administration Users Accounts Bro_af2de9/button_Delete'. Try using Self-healing.

2022-01-15 21:59:37 - [MESSAGE][WARNING] - [SELF-HEALING] The current locator of test object 'Object Repository/Page_Mood Administration Users Accounts Bro_af2de9/button_Delete' was broken. Propose an alternative one: '//div[@id='modal-footer']/div/div/form/button'.

2022-01-15 21:59:38 - [MESSAGE][PASSED] - Object: 'Object Repository/Page_Mood Administration Users Accounts Bro_af2de9/button_Delete' is clicked on

2022-01-15 21:59:38 - [TEST_STEP][PASSED] - closeBrowser(): Browser is closed

2022-01-15 21:59:39 - [MESSAGE][PASSED] - Browser is closed]]></system-out>
         <system-err><![CDATA[]]></system-err>
      </testcase>
      <testcase name="Test Cases/test case 07" time="82.834" classname="Test Cases/test case 07" status="FAILED">
         <failure type="FAILED" message="Test Cases/test case 07 FAILED.
Reason:
com.kms.katalon.core.exception.StepFailedException: Verify element text of test object 'Object Repository/Page_Mood Administration Users Accounts Add_0e8dec/div_This username already exists, choose another' FAILED.
	at com.kms.katalon.core.webui.keyword.internal.WebUIKeywordMain.stepFailed(WebUIKeywordMain.groovy:64)
	at com.kms.katalon.core.webui.keyword.internal.WebUIKeywordMain.runKeyword(WebUIKeywordMain.groovy:26)
	at com.kms.katalon.core.webui.keyword.builtin.VerifyElementTextKeyword.verifyElementText(VerifyElementTextKeyword.groovy:72)
	at com.kms.katalon.core.webui.keyword.builtin.VerifyElementTextKeyword.execute(VerifyElementTextKeyword.groovy:40)
	at com.kms.katalon.core.keyword.internal.KeywordExecutor.executeKeywordForPlatform(KeywordExecutor.groovy:74)
	at com.kms.katalon.core.webui.keyword.WebUiBuiltInKeywords.verifyElementText(WebUiBuiltInKeywords.groovy:4749)
	at com.kms.katalon.core.webui.keyword.WebUiBuiltInKeywords$verifyElementText$7.call(Unknown Source)
	at test case 07.run(test case 07:72)
	at com.kms.katalon.core.main.ScriptEngine.run(ScriptEngine.java:194)
	at com.kms.katalon.core.main.ScriptEngine.runScriptAsRawText(ScriptEngine.java:119)
	at com.kms.katalon.core.main.TestCaseExecutor.runScript(TestCaseExecutor.java:442)
	at com.kms.katalon.core.main.TestCaseExecutor.doExecute(TestCaseExecutor.java:433)
	at com.kms.katalon.core.main.TestCaseExecutor.processExecutionPhase(TestCaseExecutor.java:412)
	at com.kms.katalon.core.main.TestCaseExecutor.accessMainPhase(TestCaseExecutor.java:404)
	at com.kms.katalon.core.main.TestCaseExecutor.execute(TestCaseExecutor.java:281)
	at com.kms.katalon.core.main.TestSuiteExecutor.accessTestCaseMainPhase(TestSuiteExecutor.java:202)
	at com.kms.katalon.core.main.TestSuiteExecutor.accessTestSuiteMainPhase(TestSuiteExecutor.java:164)
	at com.kms.katalon.core.main.TestSuiteExecutor.execute(TestSuiteExecutor.java:105)
	at com.kms.katalon.core.main.TestCaseMain.startTestSuite(TestCaseMain.java:181)
	at com.kms.katalon.core.main.TestCaseMain$startTestSuite$0.call(Unknown Source)
	at TempTestSuite1642258373979.run(TempTestSuite1642258373979.groovy:36)
Caused by: com.kms.katalon.core.exception.StepFailedException: Actual text '' and expected text 'This username already exists, choose another' of test object 'Object Repository/Page_Mood Administration Users Accounts Add_0e8dec/div_This username already exists, choose another' are NOT matched.
	at com.kms.katalon.core.webui.keyword.internal.WebUIKeywordMain.stepFailed(WebUIKeywordMain.groovy:64)
	at com.kms.katalon.core.webui.keyword.builtin.VerifyElementTextKeyword$_verifyElementText_closure1.doCall(VerifyElementTextKeyword.groovy:57)
	at com.kms.katalon.core.webui.keyword.builtin.VerifyElementTextKeyword$_verifyElementText_closure1.call(VerifyElementTextKeyword.groovy)
	at com.kms.katalon.core.webui.keyword.internal.WebUIKeywordMain.runKeyword(WebUIKeywordMain.groovy:20)
	... 19 more
"/>
         <system-out><![CDATA[2022-01-15 21:59:39 - [TEST_CASE][FAILED] - Test Cases/test case 07: Test Cases/test case 07 FAILED.
Reason:
com.kms.katalon.core.exception.StepFailedException: Verify element text of test object 'Object Repository/Page_Mood Administration Users Accounts Add_0e8dec/div_This username already exists, choose another' FAILED.
	at com.kms.katalon.core.webui.keyword.internal.WebUIKeywordMain.stepFailed(WebUIKeywordMain.groovy:64)
	at com.kms.katalon.core.webui.keyword.internal.WebUIKeywordMain.runKeyword(WebUIKeywordMain.groovy:26)
	at com.kms.katalon.core.webui.keyword.builtin.VerifyElementTextKeyword.verifyElementText(VerifyElementTextKeyword.groovy:72)
	at com.kms.katalon.core.webui.keyword.builtin.VerifyElementTextKeyword.execute(VerifyElementTextKeyword.groovy:40)
	at com.kms.katalon.core.keyword.internal.KeywordExecutor.executeKeywordForPlatform(KeywordExecutor.groovy:74)
	at com.kms.katalon.core.webui.keyword.WebUiBuiltInKeywords.verifyElementText(WebUiBuiltInKeywords.groovy:4749)
	at com.kms.katalon.core.webui.keyword.WebUiBuiltInKeywords$verifyElementText$7.call(Unknown Source)
	at test case 07.run(test case 07:72)
	at com.kms.katalon.core.main.ScriptEngine.run(ScriptEngine.java:194)
	at com.kms.katalon.core.main.ScriptEngine.runScriptAsRawText(ScriptEngine.java:119)
	at com.kms.katalon.core.main.TestCaseExecutor.runScript(TestCaseExecutor.java:442)
	at com.kms.katalon.core.main.TestCaseExecutor.doExecute(TestCaseExecutor.java:433)
	at com.kms.katalon.core.main.TestCaseExecutor.processExecutionPhase(TestCaseExecutor.java:412)
	at com.kms.katalon.core.main.TestCaseExecutor.accessMainPhase(TestCaseExecutor.java:404)
	at com.kms.katalon.core.main.TestCaseExecutor.execute(TestCaseExecutor.java:281)
	at com.kms.katalon.core.main.TestSuiteExecutor.accessTestCaseMainPhase(TestSuiteExecutor.java:202)
	at com.kms.katalon.core.main.TestSuiteExecutor.accessTestSuiteMainPhase(TestSuiteExecutor.java:164)
	at com.kms.katalon.core.main.TestSuiteExecutor.execute(TestSuiteExecutor.java:105)
	at com.kms.katalon.core.main.TestCaseMain.startTestSuite(TestCaseMain.java:181)
	at com.kms.katalon.core.main.TestCaseMain$startTestSuite$0.call(Unknown Source)
	at TempTestSuite1642258373979.run(TempTestSuite1642258373979.groovy:36)
Caused by: com.kms.katalon.core.exception.StepFailedException: Actual text '' and expected text 'This username already exists, choose another' of test object 'Object Repository/Page_Mood Administration Users Accounts Add_0e8dec/div_This username already exists, choose another' are NOT matched.
	at com.kms.katalon.core.webui.keyword.internal.WebUIKeywordMain.stepFailed(WebUIKeywordMain.groovy:64)
	at com.kms.katalon.core.webui.keyword.builtin.VerifyElementTextKeyword$_verifyElementText_closure1.doCall(VerifyElementTextKeyword.groovy:57)
	at com.kms.katalon.core.webui.keyword.builtin.VerifyElementTextKeyword$_verifyElementText_closure1.call(VerifyElementTextKeyword.groovy)
	at com.kms.katalon.core.webui.keyword.internal.WebUIKeywordMain.runKeyword(WebUIKeywordMain.groovy:20)
	... 19 more


2022-01-15 21:59:40 - [TEST_STEP][PASSED] - openBrowser(""): Browser is opened with url: ''

2022-01-15 21:59:40 - [MESSAGE][INFO] - Starting 'Chrome' driver

2022-01-15 21:59:40 - [MESSAGE][INFO] - Action delay is set to 0 milliseconds

2022-01-15 21:59:41 - [MESSAGE][PASSED] - Browser is opened with url: ''

2022-01-15 21:59:41 - [TEST_STEP][PASSED] - navigateToUrl("http://localhost/"): Navigate to 'http://localhost/' successfully

2022-01-15 21:59:42 - [MESSAGE][PASSED] - Navigate to 'http://localhost/' successfully

2022-01-15 21:59:42 - [TEST_STEP][PASSED] - click(findTestObject("Object Repository/Page_Moodle/a_Log in")): Object: 'Object Repository/Page_Moodle/a_Log in' is clicked on

2022-01-15 21:59:43 - [MESSAGE][PASSED] - Object: 'Object Repository/Page_Moodle/a_Log in' is clicked on

2022-01-15 21:59:43 - [TEST_STEP][PASSED] - setText(findTestObject("Object Repository/Page_Moodle Log in to the site/input_Username_username"), "admin"): Text 'admin' is set on object 'Object Repository/Page_Moodle Log in to the site/input_Username_username'

2022-01-15 21:59:44 - [MESSAGE][PASSED] - Text 'admin' is set on object 'Object Repository/Page_Moodle Log in to the site/input_Username_username'

2022-01-15 21:59:44 - [TEST_STEP][PASSED] - setEncryptedText(findTestObject("Object Repository/Page_Moodle Log in to the site/input_Password_password"), "r6H/uPCyCbQX7sAf5E1f3g=="): Text ****** has been set on object 'Object Repository/Page_Moodle Log in to the site/input_Password_password'

2022-01-15 21:59:44 - [MESSAGE][PASSED] - Text ****** has been set on object 'Object Repository/Page_Moodle Log in to the site/input_Password_password'

2022-01-15 21:59:44 - [TEST_STEP][PASSED] - click(findTestObject("Object Repository/Page_Moodle Log in to the site/button_Log in")): Object: 'Object Repository/Page_Moodle Log in to the site/button_Log in' is clicked on

2022-01-15 21:59:45 - [MESSAGE][PASSED] - Object: 'Object Repository/Page_Moodle Log in to the site/button_Log in' is clicked on

2022-01-15 21:59:45 - [TEST_STEP][PASSED] - verifyElementText(findTestObject("Object Repository/Page_Dashboard/span_Site administration"), "Site administration"): Actual text and expected text of test object 'Object Repository/Page_Dashboard/span_Site administration' are matched.

2022-01-15 21:59:47 - [MESSAGE][PASSED] - Actual text and expected text of test object 'Object Repository/Page_Dashboard/span_Site administration' are matched.

2022-01-15 21:59:47 - [TEST_STEP][PASSED] - click(findTestObject("Object Repository/Page_Dashboard/span_Site administration")): Object: 'Object Repository/Page_Dashboard/span_Site administration' is clicked on

2022-01-15 21:59:49 - [MESSAGE][PASSED] - Object: 'Object Repository/Page_Dashboard/span_Site administration' is clicked on

2022-01-15 21:59:49 - [TEST_STEP][PASSED] - rightClick(findTestObject("Object Repository/Page_Mood Administration Search/a_Users")): Object: 'Object Repository/Page_Mood Administration Search/a_Users' is right clicked on

2022-01-15 21:59:50 - [MESSAGE][PASSED] - Object: 'Object Repository/Page_Mood Administration Search/a_Users' is right clicked on

2022-01-15 21:59:50 - [TEST_STEP][PASSED] - click(findTestObject("Object Repository/Page_Mood Administration Search/a_Users")): Object: 'Object Repository/Page_Mood Administration Search/a_Users' is clicked on

2022-01-15 21:59:50 - [MESSAGE][PASSED] - Object: 'Object Repository/Page_Mood Administration Search/a_Users' is clicked on

2022-01-15 21:59:50 - [TEST_STEP][PASSED] - click(findTestObject("Object Repository/Page_Mood Administration Search/a_Add a new user")): Object: 'Object Repository/Page_Mood Administration Search/a_Add a new user' is clicked on

2022-01-15 21:59:52 - [MESSAGE][PASSED] - Object: 'Object Repository/Page_Mood Administration Search/a_Add a new user' is clicked on

2022-01-15 21:59:52 - [TEST_STEP][PASSED] - waitForElementVisible(findTestObject("Object Repository/Page_Mood Administration Users Accounts Add_0e8dec/label_Username"), 0): Object 'Object Repository/Page_Mood Administration Users Accounts Add_0e8dec/label_Username' is visible

2022-01-15 21:59:52 - [MESSAGE][WARNING] - Timeout '0' is invalid. Using default page load timeout: '30'

2022-01-15 21:59:52 - [MESSAGE][PASSED] - Object 'Object Repository/Page_Mood Administration Users Accounts Add_0e8dec/label_Username' is visible

2022-01-15 21:59:52 - [TEST_STEP][PASSED] - setText(findTestObject("Object Repository/Page_Mood Administration Users Accounts Add_0e8dec/input_Username_username"), "qmkhoi"): Text 'qmkhoi' is set on object 'Object Repository/Page_Mood Administration Users Accounts Add_0e8dec/input_Username_username'

2022-01-15 21:59:53 - [MESSAGE][PASSED] - Text 'qmkhoi' is set on object 'Object Repository/Page_Mood Administration Users Accounts Add_0e8dec/input_Username_username'

2022-01-15 21:59:53 - [TEST_STEP][PASSED] - click(findTestObject("Object Repository/Page_Mood Administration Users Accounts Add_0e8dec/em_Click to enter text")): Object: 'Object Repository/Page_Mood Administration Users Accounts Add_0e8dec/em_Click to enter text' is clicked on

2022-01-15 22:00:24 - [MESSAGE][INFO] - Unable to find the element located by 'By.xpath: //a[@id='yui_3_17_2_1_1642242441890_767']/span/span/em'. Please recheck the objects properties to make sure the desired element is located. 

2022-01-15 22:00:24 - [MESSAGE][WARNING] - [SELF-HEALING] Failed to find element with id 'Object Repository/Page_Mood Administration Users Accounts Add_0e8dec/em_Click to enter text'. Try using Self-healing.

2022-01-15 22:00:25 - [MESSAGE][WARNING] - [SELF-HEALING] The current locator of test object 'Object Repository/Page_Mood Administration Users Accounts Add_0e8dec/em_Click to enter text' was broken. Propose an alternative one: '(.//*[normalize-space(text()) and normalize-space(.)='New password'])[1]/following::em[1]'.

2022-01-15 22:00:25 - [MESSAGE][PASSED] - Object: 'Object Repository/Page_Mood Administration Users Accounts Add_0e8dec/em_Click to enter text' is clicked on

2022-01-15 22:00:25 - [TEST_STEP][PASSED] - setEncryptedText(findTestObject("Object Repository/Page_Mood Administration Users Accounts Add_0e8dec/input_New password_newpassword"), "eiP2h/EMT1gGbs0OIJkleA=="): Text ****** has been set on object 'Object Repository/Page_Mood Administration Users Accounts Add_0e8dec/input_New password_newpassword'

2022-01-15 22:00:25 - [MESSAGE][PASSED] - Text ****** has been set on object 'Object Repository/Page_Mood Administration Users Accounts Add_0e8dec/input_New password_newpassword'

2022-01-15 22:00:25 - [TEST_STEP][PASSED] - waitForElementVisible(findTestObject("Object Repository/Page_Mood Administration Users Accounts Add_0e8dec/input_First name_firstname"), 0): Object 'Object Repository/Page_Mood Administration Users Accounts Add_0e8dec/input_First name_firstname' is visible

2022-01-15 22:00:25 - [MESSAGE][WARNING] - Timeout '0' is invalid. Using default page load timeout: '30'

2022-01-15 22:00:26 - [MESSAGE][PASSED] - Object 'Object Repository/Page_Mood Administration Users Accounts Add_0e8dec/input_First name_firstname' is visible

2022-01-15 22:00:26 - [TEST_STEP][PASSED] - setText(findTestObject("Object Repository/Page_Mood Administration Users Accounts Add_0e8dec/input_First name_firstname"), "Quach"): Text 'Quach' is set on object 'Object Repository/Page_Mood Administration Users Accounts Add_0e8dec/input_First name_firstname'

2022-01-15 22:00:26 - [MESSAGE][PASSED] - Text 'Quach' is set on object 'Object Repository/Page_Mood Administration Users Accounts Add_0e8dec/input_First name_firstname'

2022-01-15 22:00:26 - [TEST_STEP][PASSED] - click(findTestObject("Object Repository/Page_Mood Administration Users Accounts Add_0e8dec/div_Username                               _ccea4b")): Object: 'Object Repository/Page_Mood Administration Users Accounts Add_0e8dec/div_Username                               _ccea4b' is clicked on

2022-01-15 22:00:57 - [MESSAGE][INFO] - Unable to find the element located by 'By.xpath: //div[@id='yui_3_17_2_1_1642242441890_390']'. Please recheck the objects properties to make sure the desired element is located. 

2022-01-15 22:00:57 - [MESSAGE][WARNING] - [SELF-HEALING] Failed to find element with id 'Object Repository/Page_Mood Administration Users Accounts Add_0e8dec/div_Username                               _ccea4b'. Try using Self-healing.

2022-01-15 22:00:58 - [MESSAGE][WARNING] - [SELF-HEALING] The current locator of test object 'Object Repository/Page_Mood Administration Users Accounts Add_0e8dec/div_Username                               _ccea4b' was broken. Propose an alternative one: '//fieldset[@id='id_moodle']/div'.

2022-01-15 22:00:58 - [MESSAGE][PASSED] - Object: 'Object Repository/Page_Mood Administration Users Accounts Add_0e8dec/div_Username                               _ccea4b' is clicked on

2022-01-15 22:00:58 - [TEST_STEP][PASSED] - setText(findTestObject("Object Repository/Page_Mood Administration Users Accounts Add_0e8dec/input_Surname_lastname"), "Minh Khoi"): Text 'Minh Khoi' is set on object 'Object Repository/Page_Mood Administration Users Accounts Add_0e8dec/input_Surname_lastname'

2022-01-15 22:00:58 - [MESSAGE][PASSED] - Text 'Minh Khoi' is set on object 'Object Repository/Page_Mood Administration Users Accounts Add_0e8dec/input_Surname_lastname'

2022-01-15 22:00:58 - [TEST_STEP][PASSED] - setText(findTestObject("Object Repository/Page_Mood Administration Users Accounts Add_0e8dec/input_Email address_email"), "qmkhoi19@gmail.com"): Text 'qmkhoi19@gmail.com' is set on object 'Object Repository/Page_Mood Administration Users Accounts Add_0e8dec/input_Email address_email'

2022-01-15 22:00:59 - [MESSAGE][PASSED] - Text 'qmkhoi19@gmail.com' is set on object 'Object Repository/Page_Mood Administration Users Accounts Add_0e8dec/input_Email address_email'

2022-01-15 22:00:59 - [TEST_STEP][PASSED] - waitForElementVisible(findTestObject("Object Repository/Page_Mood Administration Users Accounts Add_0e8dec/input_Address_submitbutton"), 0): Object 'Object Repository/Page_Mood Administration Users Accounts Add_0e8dec/input_Address_submitbutton' is visible

2022-01-15 22:00:59 - [MESSAGE][WARNING] - Timeout '0' is invalid. Using default page load timeout: '30'

2022-01-15 22:01:00 - [MESSAGE][PASSED] - Object 'Object Repository/Page_Mood Administration Users Accounts Add_0e8dec/input_Address_submitbutton' is visible

2022-01-15 22:01:00 - [TEST_STEP][PASSED] - click(findTestObject("Object Repository/Page_Mood Administration Users Accounts Add_0e8dec/input_Address_submitbutton")): Object: 'Object Repository/Page_Mood Administration Users Accounts Add_0e8dec/input_Address_submitbutton' is clicked on

2022-01-15 22:01:01 - [MESSAGE][PASSED] - Object: 'Object Repository/Page_Mood Administration Users Accounts Add_0e8dec/input_Address_submitbutton' is clicked on

2022-01-15 22:01:01 - [TEST_STEP][FAILED] - verifyElementText(findTestObject("Object Repository/Page_Mood Administration Users Accounts Add_0e8dec/div_This username already exists, choose another"), "This username already exists, choose another"): Verify element text of test object 'Object Repository/Page_Mood Administration Users Accounts Add_0e8dec/div_This username already exists, choose another' FAILED. (Root cause: com.kms.katalon.core.exception.StepFailedException: Verify element text of test object 'Object Repository/Page_Mood Administration Users Accounts Add_0e8dec/div_This username already exists, choose another' FAILED.
	at com.kms.katalon.core.webui.keyword.internal.WebUIKeywordMain.stepFailed(WebUIKeywordMain.groovy:64)
	at com.kms.katalon.core.webui.keyword.internal.WebUIKeywordMain.runKeyword(WebUIKeywordMain.groovy:26)
	at com.kms.katalon.core.webui.keyword.builtin.VerifyElementTextKeyword.verifyElementText(VerifyElementTextKeyword.groovy:72)
	at com.kms.katalon.core.webui.keyword.builtin.VerifyElementTextKeyword.execute(VerifyElementTextKeyword.groovy:40)
	at com.kms.katalon.core.keyword.internal.KeywordExecutor.executeKeywordForPlatform(KeywordExecutor.groovy:74)
	at com.kms.katalon.core.webui.keyword.WebUiBuiltInKeywords.verifyElementText(WebUiBuiltInKeywords.groovy:4749)
	at com.kms.katalon.core.webui.keyword.WebUiBuiltInKeywords$verifyElementText$7.call(Unknown Source)
	at test case 07.run(test case 07:72)
	at com.kms.katalon.core.main.ScriptEngine.run(ScriptEngine.java:194)
	at com.kms.katalon.core.main.ScriptEngine.runScriptAsRawText(ScriptEngine.java:119)
	at com.kms.katalon.core.main.TestCaseExecutor.runScript(TestCaseExecutor.java:442)
	at com.kms.katalon.core.main.TestCaseExecutor.doExecute(TestCaseExecutor.java:433)
	at com.kms.katalon.core.main.TestCaseExecutor.processExecutionPhase(TestCaseExecutor.java:412)
	at com.kms.katalon.core.main.TestCaseExecutor.accessMainPhase(TestCaseExecutor.java:404)
	at com.kms.katalon.core.main.TestCaseExecutor.execute(TestCaseExecutor.java:281)
	at com.kms.katalon.core.main.TestSuiteExecutor.accessTestCaseMainPhase(TestSuiteExecutor.java:202)
	at com.kms.katalon.core.main.TestSuiteExecutor.accessTestSuiteMainPhase(TestSuiteExecutor.java:164)
	at com.kms.katalon.core.main.TestSuiteExecutor.execute(TestSuiteExecutor.java:105)
	at com.kms.katalon.core.main.TestCaseMain.startTestSuite(TestCaseMain.java:181)
	at com.kms.katalon.core.main.TestCaseMain$startTestSuite$0.call(Unknown Source)
	at TempTestSuite1642258373979.run(TempTestSuite1642258373979.groovy:36)
Caused by: com.kms.katalon.core.exception.StepFailedException: Actual text '' and expected text 'This username already exists, choose another' of test object 'Object Repository/Page_Mood Administration Users Accounts Add_0e8dec/div_This username already exists, choose another' are NOT matched.
	at com.kms.katalon.core.webui.keyword.internal.WebUIKeywordMain.stepFailed(WebUIKeywordMain.groovy:64)
	at com.kms.katalon.core.webui.keyword.builtin.VerifyElementTextKeyword$_verifyElementText_closure1.doCall(VerifyElementTextKeyword.groovy:57)
	at com.kms.katalon.core.webui.keyword.builtin.VerifyElementTextKeyword$_verifyElementText_closure1.call(VerifyElementTextKeyword.groovy)
	at com.kms.katalon.core.webui.keyword.internal.WebUIKeywordMain.runKeyword(WebUIKeywordMain.groovy:20)
	... 19 more
)

2022-01-15 22:01:02 - [MESSAGE][FAILED] - Actual text '' and expected text 'This username already exists, choose another' of test object 'Object Repository/Page_Mood Administration Users Accounts Add_0e8dec/div_This username already exists, choose another' are NOT matched. (Root cause: com.kms.katalon.core.exception.StepFailedException: Actual text '' and expected text 'This username already exists, choose another' of test object 'Object Repository/Page_Mood Administration Users Accounts Add_0e8dec/div_This username already exists, choose another' are NOT matched.
	at com.kms.katalon.core.webui.keyword.internal.WebUIKeywordMain.stepFailed(WebUIKeywordMain.groovy:64)
	at com.kms.katalon.core.webui.keyword.builtin.VerifyElementTextKeyword$_verifyElementText_closure1.doCall(VerifyElementTextKeyword.groovy:57)
	at com.kms.katalon.core.webui.keyword.builtin.VerifyElementTextKeyword$_verifyElementText_closure1.call(VerifyElementTextKeyword.groovy)
	at com.kms.katalon.core.webui.keyword.internal.WebUIKeywordMain.runKeyword(WebUIKeywordMain.groovy:20)
	at com.kms.katalon.core.webui.keyword.builtin.VerifyElementTextKeyword.verifyElementText(VerifyElementTextKeyword.groovy:72)
	at com.kms.katalon.core.webui.keyword.builtin.VerifyElementTextKeyword.execute(VerifyElementTextKeyword.groovy:40)
	at com.kms.katalon.core.keyword.internal.KeywordExecutor.executeKeywordForPlatform(KeywordExecutor.groovy:74)
	at com.kms.katalon.core.webui.keyword.WebUiBuiltInKeywords.verifyElementText(WebUiBuiltInKeywords.groovy:4749)
	at com.kms.katalon.core.webui.keyword.WebUiBuiltInKeywords$verifyElementText$7.call(Unknown Source)
	at test case 07.run(test case 07:72)
	at com.kms.katalon.core.main.ScriptEngine.run(ScriptEngine.java:194)
	at com.kms.katalon.core.main.ScriptEngine.runScriptAsRawText(ScriptEngine.java:119)
	at com.kms.katalon.core.main.TestCaseExecutor.runScript(TestCaseExecutor.java:442)
	at com.kms.katalon.core.main.TestCaseExecutor.doExecute(TestCaseExecutor.java:433)
	at com.kms.katalon.core.main.TestCaseExecutor.processExecutionPhase(TestCaseExecutor.java:412)
	at com.kms.katalon.core.main.TestCaseExecutor.accessMainPhase(TestCaseExecutor.java:404)
	at com.kms.katalon.core.main.TestCaseExecutor.execute(TestCaseExecutor.java:281)
	at com.kms.katalon.core.main.TestSuiteExecutor.accessTestCaseMainPhase(TestSuiteExecutor.java:202)
	at com.kms.katalon.core.main.TestSuiteExecutor.accessTestSuiteMainPhase(TestSuiteExecutor.java:164)
	at com.kms.katalon.core.main.TestSuiteExecutor.execute(TestSuiteExecutor.java:105)
	at com.kms.katalon.core.main.TestCaseMain.startTestSuite(TestCaseMain.java:181)
	at com.kms.katalon.core.main.TestCaseMain$startTestSuite$0.call(Unknown Source)
	at TempTestSuite1642258373979.run(TempTestSuite1642258373979.groovy:36)
)
[[ATTACHMENT|D:\\Test-Automation-SE-Bonus\\Test-Automation-SE-Bonus\\Reports\\20220115_215253\\Run all test cases\\20220115_215253\\1642258862209.png]]

2022-01-15 22:01:02 - [MESSAGE][FAILED] - Verify element text of test object 'Object Repository/Page_Mood Administration Users Accounts Add_0e8dec/div_This username already exists, choose another' FAILED. (Root cause: com.kms.katalon.core.exception.StepFailedException: Verify element text of test object 'Object Repository/Page_Mood Administration Users Accounts Add_0e8dec/div_This username already exists, choose another' FAILED.
	at com.kms.katalon.core.webui.keyword.internal.WebUIKeywordMain.stepFailed(WebUIKeywordMain.groovy:64)
	at com.kms.katalon.core.webui.keyword.internal.WebUIKeywordMain.runKeyword(WebUIKeywordMain.groovy:26)
	at com.kms.katalon.core.webui.keyword.builtin.VerifyElementTextKeyword.verifyElementText(VerifyElementTextKeyword.groovy:72)
	at com.kms.katalon.core.webui.keyword.builtin.VerifyElementTextKeyword.execute(VerifyElementTextKeyword.groovy:40)
	at com.kms.katalon.core.keyword.internal.KeywordExecutor.executeKeywordForPlatform(KeywordExecutor.groovy:74)
	at com.kms.katalon.core.webui.keyword.WebUiBuiltInKeywords.verifyElementText(WebUiBuiltInKeywords.groovy:4749)
	at com.kms.katalon.core.webui.keyword.WebUiBuiltInKeywords$verifyElementText$7.call(Unknown Source)
	at test case 07.run(test case 07:72)
	at com.kms.katalon.core.main.ScriptEngine.run(ScriptEngine.java:194)
	at com.kms.katalon.core.main.ScriptEngine.runScriptAsRawText(ScriptEngine.java:119)
	at com.kms.katalon.core.main.TestCaseExecutor.runScript(TestCaseExecutor.java:442)
	at com.kms.katalon.core.main.TestCaseExecutor.doExecute(TestCaseExecutor.java:433)
	at com.kms.katalon.core.main.TestCaseExecutor.processExecutionPhase(TestCaseExecutor.java:412)
	at com.kms.katalon.core.main.TestCaseExecutor.accessMainPhase(TestCaseExecutor.java:404)
	at com.kms.katalon.core.main.TestCaseExecutor.execute(TestCaseExecutor.java:281)
	at com.kms.katalon.core.main.TestSuiteExecutor.accessTestCaseMainPhase(TestSuiteExecutor.java:202)
	at com.kms.katalon.core.main.TestSuiteExecutor.accessTestSuiteMainPhase(TestSuiteExecutor.java:164)
	at com.kms.katalon.core.main.TestSuiteExecutor.execute(TestSuiteExecutor.java:105)
	at com.kms.katalon.core.main.TestCaseMain.startTestSuite(TestCaseMain.java:181)
	at com.kms.katalon.core.main.TestCaseMain$startTestSuite$0.call(Unknown Source)
	at TempTestSuite1642258373979.run(TempTestSuite1642258373979.groovy:36)
Caused by: com.kms.katalon.core.exception.StepFailedException: Actual text '' and expected text 'This username already exists, choose another' of test object 'Object Repository/Page_Mood Administration Users Accounts Add_0e8dec/div_This username already exists, choose another' are NOT matched.
	at com.kms.katalon.core.webui.keyword.internal.WebUIKeywordMain.stepFailed(WebUIKeywordMain.groovy:64)
	at com.kms.katalon.core.webui.keyword.builtin.VerifyElementTextKeyword$_verifyElementText_closure1.doCall(VerifyElementTextKeyword.groovy:57)
	at com.kms.katalon.core.webui.keyword.builtin.VerifyElementTextKeyword$_verifyElementText_closure1.call(VerifyElementTextKeyword.groovy)
	at com.kms.katalon.core.webui.keyword.internal.WebUIKeywordMain.runKeyword(WebUIKeywordMain.groovy:20)
	... 19 more
)
[[ATTACHMENT|D:\\Test-Automation-SE-Bonus\\Test-Automation-SE-Bonus\\Reports\\20220115_215253\\Run all test cases\\20220115_215253\\1642258862396.png]]]]></system-out>
         <system-err><![CDATA[2022-01-15 21:59:39 - [TEST_CASE][FAILED] - Test Cases/test case 07: Test Cases/test case 07 FAILED.
Reason:
com.kms.katalon.core.exception.StepFailedException: Verify element text of test object 'Object Repository/Page_Mood Administration Users Accounts Add_0e8dec/div_This username already exists, choose another' FAILED.
	at com.kms.katalon.core.webui.keyword.internal.WebUIKeywordMain.stepFailed(WebUIKeywordMain.groovy:64)
	at com.kms.katalon.core.webui.keyword.internal.WebUIKeywordMain.runKeyword(WebUIKeywordMain.groovy:26)
	at com.kms.katalon.core.webui.keyword.builtin.VerifyElementTextKeyword.verifyElementText(VerifyElementTextKeyword.groovy:72)
	at com.kms.katalon.core.webui.keyword.builtin.VerifyElementTextKeyword.execute(VerifyElementTextKeyword.groovy:40)
	at com.kms.katalon.core.keyword.internal.KeywordExecutor.executeKeywordForPlatform(KeywordExecutor.groovy:74)
	at com.kms.katalon.core.webui.keyword.WebUiBuiltInKeywords.verifyElementText(WebUiBuiltInKeywords.groovy:4749)
	at com.kms.katalon.core.webui.keyword.WebUiBuiltInKeywords$verifyElementText$7.call(Unknown Source)
	at test case 07.run(test case 07:72)
	at com.kms.katalon.core.main.ScriptEngine.run(ScriptEngine.java:194)
	at com.kms.katalon.core.main.ScriptEngine.runScriptAsRawText(ScriptEngine.java:119)
	at com.kms.katalon.core.main.TestCaseExecutor.runScript(TestCaseExecutor.java:442)
	at com.kms.katalon.core.main.TestCaseExecutor.doExecute(TestCaseExecutor.java:433)
	at com.kms.katalon.core.main.TestCaseExecutor.processExecutionPhase(TestCaseExecutor.java:412)
	at com.kms.katalon.core.main.TestCaseExecutor.accessMainPhase(TestCaseExecutor.java:404)
	at com.kms.katalon.core.main.TestCaseExecutor.execute(TestCaseExecutor.java:281)
	at com.kms.katalon.core.main.TestSuiteExecutor.accessTestCaseMainPhase(TestSuiteExecutor.java:202)
	at com.kms.katalon.core.main.TestSuiteExecutor.accessTestSuiteMainPhase(TestSuiteExecutor.java:164)
	at com.kms.katalon.core.main.TestSuiteExecutor.execute(TestSuiteExecutor.java:105)
	at com.kms.katalon.core.main.TestCaseMain.startTestSuite(TestCaseMain.java:181)
	at com.kms.katalon.core.main.TestCaseMain$startTestSuite$0.call(Unknown Source)
	at TempTestSuite1642258373979.run(TempTestSuite1642258373979.groovy:36)
Caused by: com.kms.katalon.core.exception.StepFailedException: Actual text '' and expected text 'This username already exists, choose another' of test object 'Object Repository/Page_Mood Administration Users Accounts Add_0e8dec/div_This username already exists, choose another' are NOT matched.
	at com.kms.katalon.core.webui.keyword.internal.WebUIKeywordMain.stepFailed(WebUIKeywordMain.groovy:64)
	at com.kms.katalon.core.webui.keyword.builtin.VerifyElementTextKeyword$_verifyElementText_closure1.doCall(VerifyElementTextKeyword.groovy:57)
	at com.kms.katalon.core.webui.keyword.builtin.VerifyElementTextKeyword$_verifyElementText_closure1.call(VerifyElementTextKeyword.groovy)
	at com.kms.katalon.core.webui.keyword.internal.WebUIKeywordMain.runKeyword(WebUIKeywordMain.groovy:20)
	... 19 more]]></system-err>
      </testcase>
      <testcase name="Test Cases/test case 08" time="99.872" classname="Test Cases/test case 08" status="PASSED">
         <system-out><![CDATA[2022-01-15 22:01:02 - [TEST_CASE][PASSED] - Test Cases/test case 08: Test Cases/test case 08

2022-01-15 22:01:02 - [TEST_STEP][PASSED] - openBrowser(""): Browser is opened with url: ''

2022-01-15 22:01:02 - [MESSAGE][WARNING] - A browser is already opened. Closing browser and opening a new one

2022-01-15 22:01:03 - [MESSAGE][INFO] - Starting 'Chrome' driver

2022-01-15 22:01:03 - [MESSAGE][INFO] - Action delay is set to 0 milliseconds

2022-01-15 22:01:04 - [MESSAGE][PASSED] - Browser is opened with url: ''

2022-01-15 22:01:04 - [TEST_STEP][PASSED] - navigateToUrl("http://localhost/"): Navigate to 'http://localhost/' successfully

2022-01-15 22:01:06 - [MESSAGE][PASSED] - Navigate to 'http://localhost/' successfully

2022-01-15 22:01:06 - [TEST_STEP][PASSED] - click(findTestObject("Object Repository/Page_Moodle/a_Log in")): Object: 'Object Repository/Page_Moodle/a_Log in' is clicked on

2022-01-15 22:01:06 - [MESSAGE][PASSED] - Object: 'Object Repository/Page_Moodle/a_Log in' is clicked on

2022-01-15 22:01:06 - [TEST_STEP][PASSED] - setText(findTestObject("Object Repository/Page_Moodle Log in to the site/input_Username_username"), "admin"): Text 'admin' is set on object 'Object Repository/Page_Moodle Log in to the site/input_Username_username'

2022-01-15 22:01:07 - [MESSAGE][PASSED] - Text 'admin' is set on object 'Object Repository/Page_Moodle Log in to the site/input_Username_username'

2022-01-15 22:01:07 - [TEST_STEP][PASSED] - setEncryptedText(findTestObject("Object Repository/Page_Moodle Log in to the site/input_Password_password"), "r6H/uPCyCbQX7sAf5E1f3g=="): Text ****** has been set on object 'Object Repository/Page_Moodle Log in to the site/input_Password_password'

2022-01-15 22:01:08 - [MESSAGE][PASSED] - Text ****** has been set on object 'Object Repository/Page_Moodle Log in to the site/input_Password_password'

2022-01-15 22:01:08 - [TEST_STEP][PASSED] - click(findTestObject("Object Repository/Page_Moodle Log in to the site/button_Log in")): Object: 'Object Repository/Page_Moodle Log in to the site/button_Log in' is clicked on

2022-01-15 22:01:09 - [MESSAGE][PASSED] - Object: 'Object Repository/Page_Moodle Log in to the site/button_Log in' is clicked on

2022-01-15 22:01:09 - [TEST_STEP][PASSED] - click(findTestObject("Object Repository/Page_Dashboard/span_Site administration")): Object: 'Object Repository/Page_Dashboard/span_Site administration' is clicked on

2022-01-15 22:01:11 - [MESSAGE][PASSED] - Object: 'Object Repository/Page_Dashboard/span_Site administration' is clicked on

2022-01-15 22:01:11 - [TEST_STEP][PASSED] - click(findTestObject("Object Repository/Page_Mood Administration Search/a_Users")): Object: 'Object Repository/Page_Mood Administration Search/a_Users' is clicked on

2022-01-15 22:01:12 - [MESSAGE][PASSED] - Object: 'Object Repository/Page_Mood Administration Search/a_Users' is clicked on

2022-01-15 22:01:12 - [TEST_STEP][PASSED] - click(findTestObject("Object Repository/Page_Mood Administration Search/a_Add a new user")): Object: 'Object Repository/Page_Mood Administration Search/a_Add a new user' is clicked on

2022-01-15 22:01:13 - [MESSAGE][PASSED] - Object: 'Object Repository/Page_Mood Administration Search/a_Add a new user' is clicked on

2022-01-15 22:01:13 - [TEST_STEP][PASSED] - setText(findTestObject("Object Repository/Page_Mood Administration Users Accounts Add_0e8dec/input_Username_username"), "dddinh"): Text 'dddinh' is set on object 'Object Repository/Page_Mood Administration Users Accounts Add_0e8dec/input_Username_username'

2022-01-15 22:01:15 - [MESSAGE][PASSED] - Text 'dddinh' is set on object 'Object Repository/Page_Mood Administration Users Accounts Add_0e8dec/input_Username_username'

2022-01-15 22:01:15 - [TEST_STEP][PASSED] - waitForElementVisible(findTestObject("Object Repository/Page_Mood Administration Users Accounts Add_0e8dec/label_New password"), 0): Object 'Object Repository/Page_Mood Administration Users Accounts Add_0e8dec/label_New password' is visible

2022-01-15 22:01:15 - [MESSAGE][WARNING] - Timeout '0' is invalid. Using default page load timeout: '30'

2022-01-15 22:01:15 - [MESSAGE][PASSED] - Object 'Object Repository/Page_Mood Administration Users Accounts Add_0e8dec/label_New password' is visible

2022-01-15 22:01:15 - [TEST_STEP][PASSED] - click(findTestObject("Object Repository/Page_Mood Administration Users Accounts Add_0e8dec/em_Click to enter text")): Object: 'Object Repository/Page_Mood Administration Users Accounts Add_0e8dec/em_Click to enter text' is clicked on

2022-01-15 22:01:46 - [MESSAGE][INFO] - Unable to find the element located by 'By.xpath: //a[@id='yui_3_17_2_1_1642242441890_767']/span/span/em'. Please recheck the objects properties to make sure the desired element is located. 

2022-01-15 22:01:46 - [MESSAGE][WARNING] - [SELF-HEALING] Failed to find element with id 'Object Repository/Page_Mood Administration Users Accounts Add_0e8dec/em_Click to enter text'. Try using Self-healing.

2022-01-15 22:01:48 - [MESSAGE][WARNING] - [SELF-HEALING] The current locator of test object 'Object Repository/Page_Mood Administration Users Accounts Add_0e8dec/em_Click to enter text' was broken. Propose an alternative one: '(.//*[normalize-space(text()) and normalize-space(.)='New password'])[1]/following::em[1]'.

2022-01-15 22:01:48 - [MESSAGE][PASSED] - Object: 'Object Repository/Page_Mood Administration Users Accounts Add_0e8dec/em_Click to enter text' is clicked on

2022-01-15 22:01:48 - [TEST_STEP][PASSED] - setEncryptedText(findTestObject("Object Repository/Page_Mood Administration Users Accounts Add_0e8dec/input_New password_newpassword"), "Poyj66BFqQY="): Text ****** has been set on object 'Object Repository/Page_Mood Administration Users Accounts Add_0e8dec/input_New password_newpassword'

2022-01-15 22:01:51 - [MESSAGE][PASSED] - Text ****** has been set on object 'Object Repository/Page_Mood Administration Users Accounts Add_0e8dec/input_New password_newpassword'

2022-01-15 22:01:51 - [TEST_STEP][PASSED] - setText(findTestObject("Object Repository/Page_Mood Administration Users Accounts Add_0e8dec/input_First name_firstname"), "Dinh"): Text 'Dinh' is set on object 'Object Repository/Page_Mood Administration Users Accounts Add_0e8dec/input_First name_firstname'

2022-01-15 22:01:54 - [MESSAGE][PASSED] - Text 'Dinh' is set on object 'Object Repository/Page_Mood Administration Users Accounts Add_0e8dec/input_First name_firstname'

2022-01-15 22:01:54 - [TEST_STEP][PASSED] - click(findTestObject("Object Repository/Page_Mood Administration Users Accounts Add_0e8dec/div_Username                               _ccea4b")): Object: 'Object Repository/Page_Mood Administration Users Accounts Add_0e8dec/div_Username                               _ccea4b' is clicked on

2022-01-15 22:02:26 - [MESSAGE][INFO] - Unable to find the element located by 'By.xpath: //div[@id='yui_3_17_2_1_1642242441890_390']'. Please recheck the objects properties to make sure the desired element is located. 

2022-01-15 22:02:26 - [MESSAGE][WARNING] - [SELF-HEALING] Failed to find element with id 'Object Repository/Page_Mood Administration Users Accounts Add_0e8dec/div_Username                               _ccea4b'. Try using Self-healing.

2022-01-15 22:02:28 - [MESSAGE][WARNING] - [SELF-HEALING] The current locator of test object 'Object Repository/Page_Mood Administration Users Accounts Add_0e8dec/div_Username                               _ccea4b' was broken. Propose an alternative one: '//fieldset[@id='id_moodle']/div'.

2022-01-15 22:02:28 - [MESSAGE][PASSED] - Object: 'Object Repository/Page_Mood Administration Users Accounts Add_0e8dec/div_Username                               _ccea4b' is clicked on

2022-01-15 22:02:28 - [TEST_STEP][PASSED] - setText(findTestObject("Object Repository/Page_Mood Administration Users Accounts Add_0e8dec/input_Surname_lastname"), "Dinh"): Text 'Dinh' is set on object 'Object Repository/Page_Mood Administration Users Accounts Add_0e8dec/input_Surname_lastname'

2022-01-15 22:02:32 - [MESSAGE][PASSED] - Text 'Dinh' is set on object 'Object Repository/Page_Mood Administration Users Accounts Add_0e8dec/input_Surname_lastname'

2022-01-15 22:02:32 - [TEST_STEP][PASSED] - setText(findTestObject("Object Repository/Page_Mood Administration Users Accounts Add_0e8dec/input_Email address_email"), "dddinh@apcs.vn"): Text 'dddinh@apcs.vn' is set on object 'Object Repository/Page_Mood Administration Users Accounts Add_0e8dec/input_Email address_email'

2022-01-15 22:02:36 - [MESSAGE][PASSED] - Text 'dddinh@apcs.vn' is set on object 'Object Repository/Page_Mood Administration Users Accounts Add_0e8dec/input_Email address_email'

2022-01-15 22:02:36 - [TEST_STEP][PASSED] - waitForElementVisible(findTestObject("Object Repository/Page_Mood Administration Users Accounts Add_0e8dec/input_Address_submitbutton"), 0): Object 'Object Repository/Page_Mood Administration Users Accounts Add_0e8dec/input_Address_submitbutton' is visible

2022-01-15 22:02:37 - [MESSAGE][WARNING] - Timeout '0' is invalid. Using default page load timeout: '30'

2022-01-15 22:02:38 - [MESSAGE][PASSED] - Object 'Object Repository/Page_Mood Administration Users Accounts Add_0e8dec/input_Address_submitbutton' is visible

2022-01-15 22:02:38 - [TEST_STEP][PASSED] - click(findTestObject("Object Repository/Page_Mood Administration Users Accounts Add_0e8dec/input_Address_submitbutton")): Object: 'Object Repository/Page_Mood Administration Users Accounts Add_0e8dec/input_Address_submitbutton' is clicked on

2022-01-15 22:02:41 - [MESSAGE][PASSED] - Object: 'Object Repository/Page_Mood Administration Users Accounts Add_0e8dec/input_Address_submitbutton' is clicked on

2022-01-15 22:02:41 - [TEST_STEP][PASSED] - closeBrowser(): Browser is closed

2022-01-15 22:02:42 - [MESSAGE][PASSED] - Browser is closed]]></system-out>
         <system-err><![CDATA[]]></system-err>
      </testcase>
      <testcase name="Test Cases/test case 09" time="49.744" classname="Test Cases/test case 09" status="PASSED">
         <system-out><![CDATA[2022-01-15 22:02:42 - [TEST_CASE][PASSED] - Test Cases/test case 09: Test Cases/test case 09

2022-01-15 22:02:42 - [TEST_STEP][PASSED] - openBrowser(""): Browser is opened with url: ''

[...]
	at com.kms.katalon.core.webui.keyword.internal.WebUIKeywordMain.runKeyword(WebUIKeywordMain.groovy:20)
	... 19 more]]></system-err>
      </testcase>
      <testcase name="Test Cases/test case 47" time="13.321" classname="Test Cases/test case 47" status="PASSED">
         <system-out><![CDATA[2022-01-15 22:42:24 - [TEST_CASE][PASSED] - Test Cases/test case 47: Test Cases/test case 47

2022-01-15 22:42:24 - [TEST_STEP][PASSED] - openBrowser(""): Browser is opened with url: ''

2022-01-15 22:42:24 - [MESSAGE][WARNING] - A browser is already opened. Closing browser and opening a new one

2022-01-15 22:42:25 - [MESSAGE][INFO] - Starting 'Chrome' driver

2022-01-15 22:42:25 - [MESSAGE][INFO] - Action delay is set to 0 milliseconds

2022-01-15 22:42:27 - [MESSAGE][PASSED] - Browser is opened with url: ''

2022-01-15 22:42:27 - [TEST_STEP][PASSED] - navigateToUrl("http://localhost/"): Navigate to 'http://localhost/' successfully

2022-01-15 22:42:28 - [MESSAGE][PASSED] - Navigate to 'http://localhost/' successfully

2022-01-15 22:42:28 - [TEST_STEP][PASSED] - click(findTestObject("Object Repository/Page_Moodle/a_Log in")): Object: 'Object Repository/Page_Moodle/a_Log in' is clicked on

2022-01-15 22:42:29 - [MESSAGE][PASSED] - Object: 'Object Repository/Page_Moodle/a_Log in' is clicked on

2022-01-15 22:42:29 - [TEST_STEP][PASSED] - setText(findTestObject("Object Repository/Page_Moodle Log in to the site/input_Username_username"), "tmtriet"): Text 'tmtriet' is set on object 'Object Repository/Page_Moodle Log in to the site/input_Username_username'

2022-01-15 22:42:30 - [MESSAGE][PASSED] - Text 'tmtriet' is set on object 'Object Repository/Page_Moodle Log in to the site/input_Username_username'

2022-01-15 22:42:30 - [TEST_STEP][PASSED] - setEncryptedText(findTestObject("Object Repository/Page_Moodle Log in to the site/input_Password_password"), "NMz1A57fMJEpXGm/T4cXeQ=="): Text ****** has been set on object 'Object Repository/Page_Moodle Log in to the site/input_Password_password'

2022-01-15 22:42:30 - [MESSAGE][PASSED] - Text ****** has been set on object 'Object Repository/Page_Moodle Log in to the site/input_Password_password'

2022-01-15 22:42:30 - [TEST_STEP][PASSED] - click(findTestObject("Object Repository/Page_Moodle Log in to the site/button_Log in")): Object: 'Object Repository/Page_Moodle Log in to the site/button_Log in' is clicked on

2022-01-15 22:42:32 - [MESSAGE][PASSED] - Object: 'Object Repository/Page_Moodle Log in to the site/button_Log in' is clicked on

2022-01-15 22:42:32 - [TEST_STEP][PASSED] - click(findTestObject("Object Repository/Page_Dashboard/a_Tran Minh Triet")): Object: 'Object Repository/Page_Dashboard/a_Tran Minh Triet' is clicked on

2022-01-15 22:42:33 - [MESSAGE][PASSED] - Object: 'Object Repository/Page_Dashboard/a_Tran Minh Triet' is clicked on

2022-01-15 22:42:33 - [TEST_STEP][PASSED] - click(findTestObject("Object Repository/Page_Dashboard/span_Grades")): Object: 'Object Repository/Page_Dashboard/span_Grades' is clicked on

2022-01-15 22:42:34 - [MESSAGE][PASSED] - Object: 'Object Repository/Page_Dashboard/span_Grades' is clicked on

2022-01-15 22:42:34 - [TEST_STEP][PASSED] - verifyElementText(findTestObject("Page_Grades - Tran Minh Triet/a_Introduction to Computer Science"), "Introduction to Computer Science"): Actual text and expected text of test object 'Object Repository/Page_Grades - Tran Minh Triet/a_Introduction to Computer Science' are matched.

2022-01-15 22:42:35 - [MESSAGE][PASSED] - Actual text and expected text of test object 'Object Repository/Page_Grades - Tran Minh Triet/a_Introduction to Computer Science' are matched.

2022-01-15 22:42:35 - [TEST_STEP][PASSED] - click(findTestObject("Object Repository/Page_Grades - Tran Minh Triet/a_Introduction to Computer Science")): Object: 'Object Repository/Page_Grades - Tran Minh Triet/a_Introduction to Computer Science' is clicked on

2022-01-15 22:42:36 - [MESSAGE][PASSED] - Object: 'Object Repository/Page_Grades - Tran Minh Triet/a_Introduction to Computer Science' is clicked on

2022-01-15 22:42:36 - [TEST_STEP][PASSED] - verifyElementText(findTestObject("Object Repository/Page_Grades View/h2_Grader report"), "Grader report"): Actual text and expected text of test object 'Object Repository/Page_Grades View/h2_Grader report' are matched.

2022-01-15 22:42:37 - [MESSAGE][PASSED] - Actual text and expected text of test object 'Object Repository/Page_Grades View/h2_Grader report' are matched.

2022-01-15 22:42:37 - [TEST_STEP][PASSED] - closeBrowser(): Browser is closed

2022-01-15 22:42:37 - [MESSAGE][PASSED] - Browser is closed]]></system-out>
         <system-err><![CDATA[]]></system-err>
      </testcase>
      <testcase name="Test Cases/test case 48" time="12.043" classname="Test Cases/test case 48" status="PASSED">
         <system-out><![CDATA[2022-01-15 22:42:37 - [TEST_CASE][PASSED] - Test Cases/test case 48: Test Cases/test case 48

2022-01-15 22:42:38 - [TEST_STEP][PASSED] - openBrowser(""): Browser is opened with url: ''

2022-01-15 22:42:38 - [MESSAGE][INFO] - Starting 'Chrome' driver

2022-01-15 22:42:38 - [MESSAGE][INFO] - Action delay is set to 0 milliseconds

2022-01-15 22:42:39 - [MESSAGE][PASSED] - Browser is opened with url: ''

2022-01-15 22:42:39 - [TEST_STEP][PASSED] - navigateToUrl("http://localhost/"): Navigate to 'http://localhost/' successfully

2022-01-15 22:42:40 - [MESSAGE][PASSED] - Navigate to 'http://localhost/' successfully

2022-01-15 22:42:40 - [TEST_STEP][PASSED] - click(findTestObject("Object Repository/Page_Moodle/a_Log in")): Object: 'Object Repository/Page_Moodle/a_Log in' is clicked on

2022-01-15 22:42:41 - [MESSAGE][PASSED] - Object: 'Object Repository/Page_Moodle/a_Log in' is clicked on

2022-01-15 22:42:41 - [TEST_STEP][PASSED] - setText(findTestObject("Object Repository/Page_Moodle Log in to the site/input_Username_username"), "tmtriet"): Text 'tmtriet' is set on object 'Object Repository/Page_Moodle Log in to the site/input_Username_username'

2022-01-15 22:42:42 - [MESSAGE][PASSED] - Text 'tmtriet' is set on object 'Object Repository/Page_Moodle Log in to the site/input_Username_username'

2022-01-15 22:42:42 - [TEST_STEP][PASSED] - setEncryptedText(findTestObject("Object Repository/Page_Moodle Log in to the site/input_Password_password"), "NMz1A57fMJEpXGm/T4cXeQ=="): Text ****** has been set on object 'Object Repository/Page_Moodle Log in to the site/input_Password_password'

2022-01-15 22:42:42 - [MESSAGE][PASSED] - Text ****** has been set on object 'Object Repository/Page_Moodle Log in to the site/input_Password_password'

2022-01-15 22:42:42 - [TEST_STEP][PASSED] - click(findTestObject("Object Repository/Page_Moodle Log in to the site/button_Log in")): Object: 'Object Repository/Page_Moodle Log in to the site/button_Log in' is clicked on

2022-01-15 22:42:43 - [MESSAGE][PASSED] - Object: 'Object Repository/Page_Moodle Log in to the site/button_Log in' is clicked on

2022-01-15 22:42:43 - [TEST_STEP][PASSED] - click(findTestObject("Object Repository/Page_Dashboard/a_Tran Minh Triet")): Object: 'Object Repository/Page_Dashboard/a_Tran Minh Triet' is clicked on

2022-01-15 22:42:45 - [MESSAGE][PASSED] - Object: 'Object Repository/Page_Dashboard/a_Tran Minh Triet' is clicked on

2022-01-15 22:42:45 - [TEST_STEP][PASSED] - click(findTestObject("Object Repository/Page_Dashboard/span_Profile")): Object: 'Object Repository/Page_Dashboard/span_Profile' is clicked on

2022-01-15 22:42:46 - [MESSAGE][PASSED] - Object: 'Object Repository/Page_Dashboard/span_Profile' is clicked on

2022-01-15 22:42:46 - [TEST_STEP][PASSED] - verifyElementText(findTestObject("Page_Tran Minh Triet Public profile/a_Introduction to Computer Science"), "Introduction to Computer Science"): Actual text and expected text of test object 'Object Repository/Page_Tran Minh Triet Public profile/a_Introduction to Computer Science' are matched.

2022-01-15 22:42:46 - [MESSAGE][PASSED] - Actual text and expected text of test object 'Object Repository/Page_Tran Minh Triet Public profile/a_Introduction to Computer Science' are matched.

2022-01-15 22:42:46 - [TEST_STEP][PASSED] - click(findTestObject("Object Repository/Page_Tran Minh Triet Public profile/a_Introduction to Computer Science")): Object: 'Object Repository/Page_Tran Minh Triet Public profile/a_Introduction to Computer Science' is clicked on

2022-01-15 22:42:47 - [MESSAGE][PASSED] - Object: 'Object Repository/Page_Tran Minh Triet Public profile/a_Introduction to Computer Science' is clicked on

2022-01-15 22:42:47 - [TEST_STEP][PASSED] - click(findTestObject("Object Repository/Page_Introduction to Computer Science Perso_abbbf2/span_Grades")): Object: 'Object Repository/Page_Introduction to Computer Science Perso_abbbf2/span_Grades' is clicked on

2022-01-15 22:42:48 - [MESSAGE][PASSED] - Object: 'Object Repository/Page_Introduction to Computer Science Perso_abbbf2/span_Grades' is clicked on

2022-01-15 22:42:48 - [TEST_STEP][PASSED] - verifyElementText(findTestObject("Object Repository/Page_Grades View/h2_Grader report"), "Grader report"): Actual text and expected text of test object 'Object Repository/Page_Grades View/h2_Grader report' are matched.

2022-01-15 22:42:49 - [MESSAGE][PASSED] - Actual text and expected text of test object 'Object Repository/Page_Grades View/h2_Grader report' are matched.

2022-01-15 22:42:49 - [TEST_STEP][PASSED] - closeBrowser(): Browser is closed

2022-01-15 22:42:49 - [MESSAGE][PASSED] - Browser is closed]]></system-out>
         <system-err><![CDATA[]]></system-err>
      </testcase>
      <testcase name="Test Cases/test case 49" time="10.573" classname="Test Cases/test case 49" status="PASSED">
         <system-out><![CDATA[2022-01-15 22:42:49 - [TEST_CASE][PASSED] - Test Cases/test case 49: Test Cases/test case 49

2022-01-15 22:42:50 - [TEST_STEP][PASSED] - openBrowser(""): Browser is opened with url: ''

2022-01-15 22:42:50 - [MESSAGE][INFO] - Starting 'Chrome' driver

2022-01-15 22:42:50 - [MESSAGE][INFO] - Action delay is set to 0 milliseconds

2022-01-15 22:42:51 - [MESSAGE][PASSED] - Browser is opened with url: ''

2022-01-15 22:42:51 - [TEST_STEP][PASSED] - navigateToUrl("http://localhost/"): Navigate to 'http://localhost/' successfully

2022-01-15 22:42:52 - [MESSAGE][PASSED] - Navigate to 'http://localhost/' successfully

2022-01-15 22:42:52 - [TEST_STEP][PASSED] - click(findTestObject("Object Repository/Page_Moodle/a_Log in")): Object: 'Object Repository/Page_Moodle/a_Log in' is clicked on

2022-01-15 22:42:53 - [MESSAGE][PASSED] - Object: 'Object Repository/Page_Moodle/a_Log in' is clicked on

2022-01-15 22:42:53 - [TEST_STEP][PASSED] - setText(findTestObject("Object Repository/Page_Moodle Log in to the site/input_Username_username"), "tmtriet"): Text 'tmtriet' is set on object 'Object Repository/Page_Moodle Log in to the site/input_Username_username'

2022-01-15 22:42:54 - [MESSAGE][PASSED] - Text 'tmtriet' is set on object 'Object Repository/Page_Moodle Log in to the site/input_Username_username'

2022-01-15 22:42:54 - [TEST_STEP][PASSED] - setEncryptedText(findTestObject("Object Repository/Page_Moodle Log in to the site/input_Password_password"), "NMz1A57fMJEpXGm/T4cXeQ=="): Text ****** has been set on object 'Object Repository/Page_Moodle Log in to the site/input_Password_password'

2022-01-15 22:42:54 - [MESSAGE][PASSED] - Text ****** has been set on object 'Object Repository/Page_Moodle Log in to the site/input_Password_password'

2022-01-15 22:42:54 - [TEST_STEP][PASSED] - click(findTestObject("Object Repository/Page_Moodle Log in to the site/button_Log in")): Object: 'Object Repository/Page_Moodle Log in to the site/button_Log in' is clicked on

2022-01-15 22:42:55 - [MESSAGE][PASSED] - Object: 'Object Repository/Page_Moodle Log in to the site/button_Log in' is clicked on

2022-01-15 22:42:55 - [TEST_STEP][PASSED] - verifyElementText(findTestObject("Page_Dashboard/span_IntroCS"), "IntroCS"): Actual text and expected text of test object 'Object Repository/Page_Dashboard/span_IntroCS' are matched.

2022-01-15 22:42:57 - [MESSAGE][PASSED] - Actual text and expected text of test object 'Object Repository/Page_Dashboard/span_IntroCS' are matched.

2022-01-15 22:42:57 - [TEST_STEP][PASSED] - click(findTestObject("Object Repository/Page_Dashboard/span_IntroCS")): Object: 'Object Repository/Page_Dashboard/span_IntroCS' is clicked on

2022-01-15 22:42:58 - [MESSAGE][PASSED] - Object: 'Object Repository/Page_Dashboard/span_IntroCS' is clicked on

2022-01-15 22:42:58 - [TEST_STEP][PASSED] - click(findTestObject("Object Repository/Page_Course Introduction to Computer Science/span_Grades")): Object: 'Object Repository/Page_Course Introduction to Computer Science/span_Grades' is clicked on

2022-01-15 22:42:59 - [MESSAGE][PASSED] - Object: 'Object Repository/Page_Course Introduction to Computer Science/span_Grades' is clicked on

2022-01-15 22:42:59 - [TEST_STEP][PASSED] - verifyElementText(findTestObject("Object Repository/Page_Grades View/h2_Grader report"), "Grader report"): Actual text and expected text of test object 'Object Repository/Page_Grades View/h2_Grader report' are matched.

2022-01-15 22:42:59 - [MESSAGE][PASSED] - Actual text and expected text of test object 'Object Repository/Page_Grades View/h2_Grader report' are matched.

2022-01-15 22:42:59 - [TEST_STEP][PASSED] - closeBrowser(): Browser is closed

2022-01-15 22:43:00 - [MESSAGE][PASSED] - Browser is closed]]></system-out>
         <system-err><![CDATA[]]></system-err>
      </testcase>
      <system-out><![CDATA[2022-01-15 21:53:09 - [TEST_SUITE][FAILED] - Run all test cases: Test Cases/test case 07 FAILED.
Reason:
com.kms.katalon.core.exception.StepFailedException: Verify element text of test object 'Object Repository/Page_Mood Administration Users Accounts Add_0e8dec/div_This username already exists, choose another' FAILED.
	at com.kms.katalon.core.webui.keyword.internal.WebUIKeywordMain.stepFailed(WebUIKeywordMain.groovy:64)
	at com.kms.katalon.core.webui.keyword.internal.WebUIKeywordMain.runKeyword(WebUIKeywordMain.groovy:26)
	at com.kms.katalon.core.webui.keyword.builtin.VerifyElementTextKeyword.verifyElementText(VerifyElementTextKeyword.groovy:72)
	at com.kms.katalon.core.webui.keyword.builtin.VerifyElementTextKeyword.execute(VerifyElementTextKeyword.groovy:40)
	at com.kms.katalon.core.keyword.internal.KeywordExecutor.executeKeywordForPlatform(KeywordExecutor.groovy:74)
	at com.kms.katalon.core.webui.keyword.WebUiBuiltInKeywords.verifyElementText(WebUiBuiltInKeywords.groovy:4749)
	at com.kms.katalon.core.webui.keyword.WebUiBuiltInKeywords$verifyElementText$7.call(Unknown Source)
	at test case 07.run(test case 07:72)
	at com.kms.katalon.core.main.ScriptEngine.run(ScriptEngine.java:194)
	at com.kms.katalon.core.main.ScriptEngine.runScriptAsRawText(ScriptEngine.java:119)
	at com.kms.katalon.core.main.TestCaseExecutor.runScript(TestCaseExecutor.java:442)
	at com.kms.katalon.core.main.TestCaseExecutor.doExecute(TestCaseExecutor.java:433)
	at com.kms.katalon.core.main.TestCaseExecutor.processExecutionPhase(TestCaseExecutor.java:412)
	at com.kms.katalon.core.main.TestCaseExecutor.accessMainPhase(TestCaseExecutor.java:404)
	at com.kms.katalon.core.main.TestCaseExecutor.execute(TestCaseExecutor.java:281)
	at com.kms.katalon.core.main.TestSuiteExecutor.accessTestCaseMainPhase(TestSuiteExecutor.java:202)
	at com.kms.katalon.core.main.TestSuiteExecutor.accessTestSuiteMainPhase(TestSuiteExecutor.java:164)
	at com.kms.katalon.core.main.TestSuiteExecutor.execute(TestSuiteExecutor.java:105)
	at com.kms.katalon.core.main.TestCaseMain.startTestSuite(TestCaseMain.java:181)
	at com.kms.katalon.core.main.TestCaseMain$startTestSuite$0.call(Unknown Source)
	at TempTestSuite1642258373979.run(TempTestSuite1642258373979.groovy:36)
Caused by: com.kms.katalon.core.exception.StepFailedException: Actual text '' and expected text 'This username already exists, choose another' of test object 'Object Repository/Page_Mood Administration Users Accounts Add_0e8dec/div_This username already exists, choose another' are NOT matched.
	at com.kms.katalon.core.webui.keyword.internal.WebUIKeywordMain.stepFailed(WebUIKeywordMain.groovy:64)
	at com.kms.katalon.core.webui.keyword.builtin.VerifyElementTextKeyword$_verifyElementText_closure1.doCall(VerifyElementTextKeyword.groovy:57)
	at com.kms.katalon.core.webui.keyword.builtin.VerifyElementTextKeyword$_verifyElementText_closure1.call(VerifyElementTextKeyword.groovy)
	at com.kms.katalon.core.webui.keyword.internal.WebUIKeywordMain.runKeyword(WebUIKeywordMain.groovy:20)
	... 19 more]]></system-out>
      <system-err><![CDATA[2022-01-15 21:53:09 - [TEST_SUITE][FAILED] - Run all test cases: Test Cases/test case 07 FAILED.
Reason:
com.kms.katalon.core.exception.StepFailedException: Verify element text of test object 'Object Repository/Page_Mood Administration Users Accounts Add_0e8dec/div_This username already exists, choose another' FAILED.
	at com.kms.katalon.core.webui.keyword.internal.WebUIKeywordMain.stepFailed(WebUIKeywordMain.groovy:64)
	at com.kms.katalon.core.webui.keyword.internal.WebUIKeywordMain.runKeyword(WebUIKeywordMain.groovy:26)
	at com.kms.katalon.core.webui.keyword.builtin.VerifyElementTextKeyword.verifyElementText(VerifyElementTextKeyword.groovy:72)
	at com.kms.katalon.core.webui.keyword.builtin.VerifyElementTextKeyword.execute(VerifyElementTextKeyword.groovy:40)
	at com.kms.katalon.core.keyword.internal.KeywordExecutor.executeKeywordForPlatform(KeywordExecutor.groovy:74)
	at com.kms.katalon.core.webui.keyword.WebUiBuiltInKeywords.verifyElementText(WebUiBuiltInKeywords.groovy:4749)
	at com.kms.katalon.core.webui.keyword.WebUiBuiltInKeywords$verifyElementText$7.call(Unknown Source)
	at test case 07.run(test case 07:72)
	at com.kms.katalon.core.main.ScriptEngine.run(ScriptEngine.java:194)
	at com.kms.katalon.core.main.ScriptEngine.runScriptAsRawText(ScriptEngine.java:119)
	at com.kms.katalon.core.main.TestCaseExecutor.runScript(TestCaseExecutor.java:442)
	at com.kms.katalon.core.main.TestCaseExecutor.doExecute(TestCaseExecutor.java:433)
	at com.kms.katalon.core.main.TestCaseExecutor.processExecutionPhase(TestCaseExecutor.java:412)
	at com.kms.katalon.core.main.TestCaseExecutor.accessMainPhase(TestCaseExecutor.java:404)
	at com.kms.katalon.core.main.TestCaseExecutor.execute(TestCaseExecutor.java:281)
	at com.kms.katalon.core.main.TestSuiteExecutor.accessTestCaseMainPhase(TestSuiteExecutor.java:202)
	at com.kms.katalon.core.main.TestSuiteExecutor.accessTestSuiteMainPhase(TestSuiteExecutor.java:164)
	at com.kms.katalon.core.main.TestSuiteExecutor.execute(TestSuiteExecutor.java:105)
	at com.kms.katalon.core.main.TestCaseMain.startTestSuite(TestCaseMain.java:181)
	at com.kms.katalon.core.main.TestCaseMain$startTestSuite$0.call(Unknown Source)
	at TempTestSuite1642258373979.run(TempTestSuite1642258373979.groovy:36)
Caused by: com.kms.katalon.core.exception.StepFailedException: Actual text '' and expected text 'This username already exists, choose another' of test object 'Object Repository/Page_Mood Administration Users Accounts Add_0e8dec/div_This username already exists, choose another' are NOT matched.
	at com.kms.katalon.core.webui.keyword.internal.WebUIKeywordMain.stepFailed(WebUIKeywordMain.groovy:64)
	at com.kms.katalon.core.webui.keyword.builtin.VerifyElementTextKeyword$_verifyElementText_closure1.doCall(VerifyElementTextKeyword.groovy:57)
	at com.kms.katalon.core.webui.keyword.builtin.VerifyElementTextKeyword$_verifyElementText_closure1.call(VerifyElementTextKeyword.groovy)
	at com.kms.katalon.core.webui.keyword.internal.WebUIKeywordMain.runKeyword(WebUIKeywordMain.groovy:20)
	... 19 more]]></system-err>
   </testsuite>
</testsuites>
